#
# A fatal error has been detected by the Java Runtime Environment:
#
#  SIGSEGV (0xb) at pc=0x00007f486fb36e92, pid=7077, tid=139949183194944
#
# JRE version: 6.0-b16
# Java VM: OpenJDK 64-Bit Server VM (14.0-b15 interpreted mode linux-amd64 )
# Distribution: Custom build (Thu Jul  2 04:39:46 UTC 2009)
# Problematic frame:
# C  [libc.so.6+0x78e92]  strcmp+0x2
#
# If you would like to submit a bug report, please include
# instructions how to reproduce the bug and visit:
#   http://icedtea.classpath.org/bugzilla
#

---------------  T H R E A D  ---------------

Current thread is native thread

siginfo:si_signo=SIGSEGV: si_errno=0, si_code=1 (SEGV_MAPERR), si_addr=0x0000000000000000

Registers:
RAX=0x0000000004d7ed67, RBX=0x0000000004b9ec40, RCX=0x0000000002fbee40, RDX=0x0000000000000000
RSP=0x00007fffc420cae8, RBP=0x0000000004ba2e40, RSI=0x0000000000000000, RDI=0x0000000004a207d0
R8 =0x00007f4870937ce8, R9 =0x0000000000001ba5, R10=0x0000000000000001, R11=0x00007f482ff71b40
R12=0x0000000004ba4280, R13=0x0000000004a207d0, R14=0x0000000004ba2ac0, R15=0x0000000003dcf650
RIP=0x00007f486fb36e92, EFL=0x0000000000010206, CSGSFS=0x0000000000000033, ERR=0x0000000000000004
  TRAPNO=0x000000000000000e

Top of Stack: (sp=0x00007fffc420cae8)
0x00007fffc420cae8:   00007f487028c399 0000000004b9ec40
0x00007fffc420caf8:   00007f482fb1c3d9 0000000000000000
0x00007fffc420cb08:   00007f4874f32abd 0000000000000000
0x00007fffc420cb18:   0000000104ba2e40 0000000000000001
0x00007fffc420cb28:   0000000004ec6ce0 0000000000000000
0x00007fffc420cb38:   0000000004df7d40 0000000000000003
0x00007fffc420cb48:   00007fffc420cc90 0000000000000000
0x00007fffc420cb58:   00007f48707011fe 0000000000000001
0x00007fffc420cb68:   00007f487071661c 00007f4800000002
0x00007fffc420cb78:   0000000000000000 000000000060e980
0x00007fffc420cb88:   00007f4870700cec 0000000240000002
0x00007fffc420cb98:   0000000004d96720 0000000200000001
0x00007fffc420cba8:   0000000000000048 0000000000000001
0x00007fffc420cbb8:   0000000002fd6810 00000000049e4180
0x00007fffc420cbc8:   00007f48601d2cd0 000000000060e980
0x00007fffc420cbd8:   0000000000000000 00007f486fe1b0e0
0x00007fffc420cbe8:   00007f4870715213 0000000004e52200
0x00007fffc420cbf8:   0000000000000035 00000000040f6001
0x00007fffc420cc08:   0000000000000020 00007fffc420ccb0
0x00007fffc420cc18:   00007fffc420cc90 0000000004df7d40
0x00007fffc420cc28:   00000000702871c1 0000000000000000
0x00007fffc420cc38:   00007fffc420ccd0 0000000003dcf650
0x00007fffc420cc48:   0000000002fc2ce0 00000000000118d9
0x00007fffc420cc58:   0000000002fd6810 0000018b00000001
0x00007fffc420cc68:   0000000000000000 0000000000000000
0x00007fffc420cc78:   00007fffc420cc80 00007fffc420d110
0x00007fffc420cc88:   0000000003dcf650 000000000000018b
0x00007fffc420cc98:   0000000100000001 0000000000000004
0x00007fffc420cca8:   0000000001e6da38 000000000000018b
0x00007fffc420ccb8:   0000000003dcf650 0000000003dcf650
0x00007fffc420ccc8:   00007f4870703305 0000000000000000
0x00007fffc420ccd8:   0000000000000000 0000000000000000 

Instructions: (pc=0x00007f486fb36e92)
0x00007f486fb36e82:   44 17 f0 39 d1 74 02 31 c0 c3 90 90 90 90 8a 07
0x00007f486fb36e92:   3a 06 75 0d 48 ff c7 48 ff c6 84 c0 75 f0 31 c0 

Stack: [0x00007fffc410f000,0x00007fffc420f000],  sp=0x00007fffc420cae8,  free space=1014k
Native frames: (J=compiled Java code, j=interpreted, Vv=VM code, C=native code)
C  [libc.so.6+0x78e92]  strcmp+0x2


---------------  P R O C E S S  ---------------

VM state:not at safepoint (normal execution)

VM Mutex/Monitor currently owned by a thread: None

Heap
 PSYoungGen      total 9408K, used 487K [0x00007f4852800000, 0x00007f4853270000, 0x00007f485d000000)
  eden space 8128K, 6% used [0x00007f4852800000,0x00007f4852879ff8,0x00007f4852ff0000)
  from space 1280K, 0% used [0x00007f4853130000,0x00007f4853130000,0x00007f4853270000)
  to   space 1280K, 0% used [0x00007f4852ff0000,0x00007f4852ff0000,0x00007f4853130000)
 PSOldGen        total 21504K, used 0K [0x00007f483d800000, 0x00007f483ed00000, 0x00007f4852800000)
  object space 21504K, 0% used [0x00007f483d800000,0x00007f483d800000,0x00007f483ed00000)
 PSPermGen       total 21248K, used 2832K [0x00007f4833000000, 0x00007f48344c0000, 0x00007f483d800000)
  object space 21248K, 13% used [0x00007f4833000000,0x00007f48332c43c8,0x00007f48344c0000)

Dynamic libraries:
00400000-0040e000 r-xp 00000000 08:02 354                                /usr/bin/anjuta
0060d000-0060f000 rw-p 0000d000 08:02 354                                /usr/bin/anjuta
0060f000-00611000 rw-p 00000000 00:00 0 
01e65000-04fa2000 rw-p 00000000 00:00 0                                  [heap]
7f482df8b000-7f482e38d000 rw-p 00000000 00:00 0 
7f482e38d000-7f482e3ed000 rw-s 00000000 00:08 2359310                    /SYSV00000000 (deleted)
7f482e3ed000-7f482e3ee000 ---p 00000000 00:00 0 
7f482e3ee000-7f482ebee000 rwxp 00000000 00:00 0 
7f482ebee000-7f482eff0000 rw-p 00000000 00:00 0 
7f482eff0000-7f482efff000 r-xp 00000000 08:02 6846                       /lib/libbz2.so.1.0.4
7f482efff000-7f482f1fe000 ---p 0000f000 08:02 6846                       /lib/libbz2.so.1.0.4
7f482f1fe000-7f482f200000 rw-p 0000e000 08:02 6846                       /lib/libbz2.so.1.0.4
7f482f200000-7f482f238000 r-xp 00000000 08:02 86047                      /usr/lib/libcroco-0.6.so.3.0.1
7f482f238000-7f482f438000 ---p 00038000 08:02 86047                      /usr/lib/libcroco-0.6.so.3.0.1
7f482f438000-7f482f43c000 rw-p 00038000 08:02 86047                      /usr/lib/libcroco-0.6.so.3.0.1
7f482f43c000-7f482f476000 r-xp 00000000 08:02 86106                      /usr/lib/libgsf-1.so.114.0.14
7f482f476000-7f482f675000 ---p 0003a000 08:02 86106                      /usr/lib/libgsf-1.so.114.0.14
7f482f675000-7f482f67a000 rw-p 00039000 08:02 86106                      /usr/lib/libgsf-1.so.114.0.14
7f482f67a000-7f482f67b000 rw-p 00000000 00:00 0 
7f482f67b000-7f482f6b0000 r-xp 00000000 08:02 86196                      /usr/lib/librsvg-2.so.2.26.0
7f482f6b0000-7f482f8b0000 ---p 00035000 08:02 86196                      /usr/lib/librsvg-2.so.2.26.0
7f482f8b0000-7f482f8b2000 rw-p 00035000 08:02 86196                      /usr/lib/librsvg-2.so.2.26.0
7f482f8b2000-7f482f8b4000 r-xp 00000000 08:02 86200                      /usr/lib/gtk-2.0/2.10.0/loaders/svg_loader.so
7f482f8b4000-7f482fab3000 ---p 00002000 08:02 86200                      /usr/lib/gtk-2.0/2.10.0/loaders/svg_loader.so
7f482fab3000-7f482fab4000 rw-p 00001000 08:02 86200                      /usr/lib/gtk-2.0/2.10.0/loaders/svg_loader.so
7f482fab4000-7f482fb14000 rw-s 00000000 00:08 2326539                    /SYSV00000000 (deleted)
7f482fb14000-7f482fb1f000 r-xp 00000000 08:02 262458                     /usr/lib/anjuta/libanjuta-language-cpp-java.so
7f482fb1f000-7f482fd1f000 ---p 0000b000 08:02 262458                     /usr/lib/anjuta/libanjuta-language-cpp-java.so
7f482fd1f000-7f482fd20000 rw-p 0000b000 08:02 262458                     /usr/lib/anjuta/libanjuta-language-cpp-java.so
7f482fd20000-7f482fd64000 r-xp 00000000 08:02 132678                     /usr/lib/libgtksourceview-2.0.so.0.0.0
7f482fd64000-7f482ff63000 ---p 00044000 08:02 132678                     /usr/lib/libgtksourceview-2.0.so.0.0.0
7f482ff63000-7f482ff65000 rw-p 00043000 08:02 132678                     /usr/lib/libgtksourceview-2.0.so.0.0.0
7f482ff65000-7f482ff81000 r-xp 00000000 08:02 262424                     /usr/lib/anjuta/libanjuta-sourceview.so
7f482ff81000-7f4830180000 ---p 0001c000 08:02 262424                     /usr/lib/anjuta/libanjuta-sourceview.so
7f4830180000-7f4830182000 rw-p 0001b000 08:02 262424                     /usr/lib/anjuta/libanjuta-sourceview.so
7f4830182000-7f4830183000 ---p 00000000 00:00 0 
7f4830183000-7f4830983000 rwxp 00000000 00:00 0 
7f4830983000-7f4830999000 r-xp 00000000 08:02 262469                     /usr/lib/anjuta/libgbf-am.so
7f4830999000-7f4830b99000 ---p 00016000 08:02 262469                     /usr/lib/anjuta/libgbf-am.so
7f4830b99000-7f4830b9a000 rw-p 00016000 08:02 262469                     /usr/lib/anjuta/libgbf-am.so
7f4830b9a000-7f4830baa000 r-xp 00000000 08:02 262479                     /usr/lib/anjuta/libgbf-mkfile.so
7f4830baa000-7f4830da9000 ---p 00010000 08:02 262479                     /usr/lib/anjuta/libgbf-mkfile.so
7f4830da9000-7f4830daa000 rw-p 0000f000 08:02 262479                     /usr/lib/anjuta/libgbf-mkfile.so
7f4830daa000-7f4830e00000 r-xp 00000000 08:02 4103                       /lib/libncursesw.so.5.7
7f4830e00000-7f4830fff000 ---p 00056000 08:02 4103                       /lib/libncursesw.so.5.7
7f4830fff000-7f4831004000 rw-p 00055000 08:02 4103                       /lib/libncursesw.so.5.7
7f4831004000-7f4831123000 r-xp 00000000 08:02 115730                     /usr/lib/libvte.so.9.6.0
7f4831123000-7f4831322000 ---p 0011f000 08:02 115730                     /usr/lib/libvte.so.9.6.0
7f4831322000-7f4831327000 rw-p 0011e000 08:02 115730                     /usr/lib/libvte.so.9.6.0
7f4831327000-7f483132d000 r-xp 00000000 08:02 262457                     /usr/lib/anjuta/libanjuta-terminal.so
7f483132d000-7f483152d000 ---p 00006000 08:02 262457                     /usr/lib/anjuta/libanjuta-terminal.so
7f483152d000-7f483152e000 rw-p 00006000 08:02 262457                     /usr/lib/anjuta/libanjuta-terminal.so
7f483152e000-7f4831538000 r-xp 00000000 08:02 262460                     /usr/lib/anjuta/libanjuta-macro.so
7f4831538000-7f4831737000 ---p 0000a000 08:02 262460                     /usr/lib/anjuta/libanjuta-macro.so
7f4831737000-7f4831738000 rw-p 00009000 08:02 262460                     /usr/lib/anjuta/libanjuta-macro.so
7f4831738000-7f4831775000 r-xp 00000000 08:02 262465                     /usr/lib/anjuta/libanjuta-debug-manager.so
7f4831775000-7f4831974000 ---p 0003d000 08:02 262465                     /usr/lib/anjuta/libanjuta-debug-manager.so
7f4831974000-7f4831977000 rw-p 0003c000 08:02 262465                     /usr/lib/anjuta/libanjuta-debug-manager.so
7f4831977000-7f48319b0000 r-xp 00000000 08:02 115005                     /usr/lib/libxslt.so.1.1.24
7f48319b0000-7f4831baf000 ---p 00039000 08:02 115005                     /usr/lib/libxslt.so.1.1.24
7f4831baf000-7f4831bb1000 rw-p 00038000 08:02 115005                     /usr/lib/libxslt.so.1.1.24
7f4831bb1000-7f4831bd4000 r-xp 00000000 08:02 262448                     /usr/lib/anjuta/libanjuta-gtodo.so
7f4831bd4000-7f4831dd3000 ---p 00023000 08:02 262448                     /usr/lib/anjuta/libanjuta-gtodo.so
7f4831dd3000-7f4831dd5000 rw-p 00022000 08:02 262448                     /usr/lib/anjuta/libanjuta-gtodo.so
7f4831dd5000-7f4831de9000 r-xp 00000000 08:02 262446                     /usr/lib/anjuta/libanjuta-build-basic-autotools.so
7f4831de9000-7f4831fe9000 ---p 00014000 08:02 262446                     /usr/lib/anjuta/libanjuta-build-basic-autotools.so
7f4831fe9000-7f4831feb000 rw-p 00014000 08:02 262446                     /usr/lib/anjuta/libanjuta-build-basic-autotools.so
7f4831feb000-7f4831ff8000 r-xp 00000000 08:02 262481                     /usr/lib/anjuta/libanjuta-message-view.so
7f4831ff8000-7f48321f8000 ---p 0000d000 08:02 262481                     /usr/lib/anjuta/libanjuta-message-view.so
7f48321f8000-7f48321f9000 rw-p 0000d000 08:02 262481                     /usr/lib/anjuta/libanjuta-message-view.so
7f48321f9000-7f48321fc000 r-xp 00000000 08:02 262430                     /usr/lib/anjuta/liblanguage-manager.so
7f48321fc000-7f48323fb000 ---p 00003000 08:02 262430                     /usr/lib/anjuta/liblanguage-manager.so
7f48323fb000-7f48323fc000 rw-p 00002000 08:02 262430                     /usr/lib/anjuta/liblanguage-manager.so
7f48323fc000-7f48323fd000 ---p 00000000 00:00 0 
7f48323fd000-7f4832bfd000 rwxp 00000000 00:00 0 
7f4832bfd000-7f4832bfe000 r-xp 00000000 08:02 139232                     /usr/lib/libgda-4.0/providers/libgda-sqlite.so
7f4832bfe000-7f4832dfd000 ---p 00001000 08:02 139232                     /usr/lib/libgda-4.0/providers/libgda-sqlite.so
7f4832dfd000-7f4832dfe000 rw-p 00000000 08:02 139232                     /usr/lib/libgda-4.0/providers/libgda-sqlite.so
7f4832dfe000-7f4832dff000 ---p 00000000 00:00 0 
7f4832dff000-7f4832eff000 rwxp 00000000 00:00 0 
7f4832eff000-7f4832f02000 ---p 00000000 00:00 0 
7f4832f02000-7f48344c0000 rwxp 00000000 00:00 0 
7f48344c0000-7f483d800000 rwxp 00000000 00:00 0 
7f483d800000-7f483ed00000 rwxp 00000000 00:00 0 
7f483ed00000-7f4852800000 rwxp 00000000 00:00 0 
7f4852800000-7f4853270000 rwxp 00000000 00:00 0 
7f4853270000-7f485d000000 rwxp 00000000 00:00 0 
7f485d000000-7f485d270000 rwxp 00000000 00:00 0 
7f485d270000-7f4860000000 rwxp 00000000 00:00 0 
7f4860000000-7f48601f8000 rw-p 00000000 00:00 0 
7f48601f8000-7f4864000000 ---p 00000000 00:00 0 
7f486401b000-7f486404a000 r--p 00000000 08:02 140909                     /usr/share/fonts/TTF/DroidSans-Bold.ttf
7f486404a000-7f486404d000 ---p 00000000 00:00 0 
7f486404d000-7f486414b000 rwxp 00000000 00:00 0 
7f486414b000-7f486414e000 ---p 00000000 00:00 0 
7f486414e000-7f486424c000 rwxp 00000000 00:00 0 
7f486424c000-7f486424f000 ---p 00000000 00:00 0 
7f486424f000-7f486434d000 rwxp 00000000 00:00 0 
7f486434d000-7f4864350000 ---p 00000000 00:00 0 
7f4864350000-7f486444e000 rwxp 00000000 00:00 0 
7f486444e000-7f4864451000 ---p 00000000 00:00 0 
7f4864451000-7f486454f000 rwxp 00000000 00:00 0 
7f486454f000-7f4864550000 ---p 00000000 00:00 0 
7f4864550000-7f4864650000 rwxp 00000000 00:00 0 
7f4864650000-7f48647e0000 r--s 03852000 08:02 286050                     /usr/lib/jvm/java-1.6.0-openjdk/jre/lib/rt.jar
7f48647e0000-7f48647e1000 ---p 00000000 00:00 0 
7f48647e1000-7f48648e1000 rwxp 00000000 00:00 0 
7f48648e1000-7f48648e2000 ---p 00000000 00:00 0 
7f48648e2000-7f48649ed000 rwxp 00000000 00:00 0 
7f48649ed000-7f4864a36000 rwxp 00000000 00:00 0 
7f4864a36000-7f4864a41000 rwxp 00000000 00:00 0 
7f4864a41000-7f4864ade000 rwxp 00000000 00:00 0 
7f4864ade000-7f4864ae9000 rwxp 00000000 00:00 0 
7f4864ae9000-7f4864b32000 rwxp 00000000 00:00 0 
7f4864b32000-7f4864b3d000 rwxp 00000000 00:00 0 
7f4864b3d000-7f4864bda000 rwxp 00000000 00:00 0 
7f4864bda000-7f4864be0000 rwxp 00000000 00:00 0 
7f4864be0000-7f4864c2e000 rwxp 00000000 00:00 0 
7f4864c2e000-7f4864c39000 rwxp 00000000 00:00 0 
7f4864c39000-7f4864cef000 rwxp 00000000 00:00 0 
7f4864cef000-7f4864cf6000 r-xp 00000000 08:02 286556                     /usr/lib/jvm/java-1.6.0-openjdk/jre/lib/amd64/libzip.so
7f4864cf6000-7f4864ef5000 ---p 00007000 08:02 286556                     /usr/lib/jvm/java-1.6.0-openjdk/jre/lib/amd64/libzip.so
7f4864ef5000-7f4864ef6000 rw-p 00006000 08:02 286556                     /usr/lib/jvm/java-1.6.0-openjdk/jre/lib/amd64/libzip.so
7f4864ef6000-7f4864efe000 r-xp 00000000 08:02 286568                     /usr/lib/jvm/java-1.6.0-openjdk/jre/lib/amd64/native_threads/libhpi.so
7f4864efe000-7f48650fd000 ---p 00008000 08:02 286568                     /usr/lib/jvm/java-1.6.0-openjdk/jre/lib/amd64/native_threads/libhpi.so
7f48650fd000-7f48650ff000 rw-p 00007000 08:02 286568                     /usr/lib/jvm/java-1.6.0-openjdk/jre/lib/amd64/native_threads/libhpi.so
7f48650ff000-7f4865114000 r-xp 00000000 08:02 562                        /lib/libnsl-2.10.1.so
7f4865114000-7f4865313000 ---p 00015000 08:02 562                        /lib/libnsl-2.10.1.so
7f4865313000-7f4865314000 r--p 00014000 08:02 562                        /lib/libnsl-2.10.1.so
7f4865314000-7f4865315000 rw-p 00015000 08:02 562                        /lib/libnsl-2.10.1.so
7f4865315000-7f4865317000 rw-p 00000000 00:00 0 
7f4865317000-7f4865343000 r-xp 00000000 08:02 286557                     /usr/lib/jvm/java-1.6.0-openjdk/jre/lib/amd64/libjava.so
7f4865343000-7f4865543000 ---p 0002c000 08:02 286557                     /usr/lib/jvm/java-1.6.0-openjdk/jre/lib/amd64/libjava.so
7f4865543000-7f4865547000 rw-p 0002c000 08:02 286557                     /usr/lib/jvm/java-1.6.0-openjdk/jre/lib/amd64/libjava.so
7f4865547000-7f4865555000 r-xp 00000000 08:02 286558                     /usr/lib/jvm/java-1.6.0-openjdk/jre/lib/amd64/libverify.so
7f4865555000-7f4865755000 ---p 0000e000 08:02 286558                     /usr/lib/jvm/java-1.6.0-openjdk/jre/lib/amd64/libverify.so
7f4865755000-7f4865757000 rw-p 0000e000 08:02 286558                     /usr/lib/jvm/java-1.6.0-openjdk/jre/lib/amd64/libverify.so
7f4865757000-7f4865f0e000 r-xp 00000000 08:02 286565                     /usr/lib/jvm/java-1.6.0-openjdk/jre/lib/amd64/server/libjvm.so
7f4865f0e000-7f486610e000 ---p 007b7000 08:02 286565                     /usr/lib/jvm/java-1.6.0-openjdk/jre/lib/amd64/server/libjvm.so
7f486610e000-7f4866194000 rw-p 007b7000 08:02 286565                     /usr/lib/jvm/java-1.6.0-openjdk/jre/lib/amd64/server/libjvm.so
7f4866194000-7f48661d0000 rw-p 00000000 00:00 0 
7f48661d0000-7f48661e6000 r-xp 00000000 08:02 139234                     /usr/lib/libgda-4.0/providers/libgda-jdbc.so
7f48661e6000-7f48663e5000 ---p 00016000 08:02 139234                     /usr/lib/libgda-4.0/providers/libgda-jdbc.so
7f48663e5000-7f48663e7000 rw-p 00015000 08:02 139234                     /usr/lib/libgda-4.0/providers/libgda-jdbc.so
7f48663e7000-7f4866535000 r-xp 00000000 08:02 41138                      /usr/lib/libgda-4.0.so.4.0.0
7f4866535000-7f4866735000 ---p 0014e000 08:02 41138                      /usr/lib/libgda-4.0.so.4.0.0
7f4866735000-7f486673f000 rw-p 0014e000 08:02 41138                      /usr/lib/libgda-4.0.so.4.0.0
7f486673f000-7f4866741000 rw-p 00000000 00:00 0 
7f4866748000-7f486674a000 rw-p 00000000 00:00 0 
7f486674a000-7f4866759000 r--p 00000000 08:02 135546                     /usr/share/fonts/TTF/ttf-inconsolata.otf
7f4866759000-7f4866796000 r-xp 00000000 08:02 262426                     /usr/lib/anjuta/libanjuta-symbol-db.so
7f4866796000-7f4866996000 ---p 0003d000 08:02 262426                     /usr/lib/anjuta/libanjuta-symbol-db.so
7f4866996000-7f4866998000 rw-p 0003d000 08:02 262426                     /usr/lib/anjuta/libanjuta-symbol-db.so
7f4866998000-7f48669a1000 r-xp 00000000 08:02 262451                     /usr/lib/anjuta/libanjuta-run-program.so
7f48669a1000-7f4866ba1000 ---p 00009000 08:02 262451                     /usr/lib/anjuta/libanjuta-run-program.so
7f4866ba1000-7f4866ba2000 rw-p 00009000 08:02 262451                     /usr/lib/anjuta/libanjuta-run-program.so
7f4866ba2000-7f4866ba3000 ---p 00000000 00:00 0 
7f4866ba3000-7f48673a3000 rwxp 00000000 00:00 0 
7f48673a3000-7f48673ae000 r-xp 00000000 08:02 262490                     /usr/lib/anjuta/libfile-manager.so.0.0.0
7f48673ae000-7f48675ad000 ---p 0000b000 08:02 262490                     /usr/lib/anjuta/libfile-manager.so.0.0.0
7f48675ad000-7f48675ae000 rw-p 0000a000 08:02 262490                     /usr/lib/anjuta/libfile-manager.so.0.0.0
7f48675ae000-7f48675be000 r-xp 00000000 08:02 262477                     /usr/lib/anjuta/libanjuta-search.so
7f48675be000-7f48677bd000 ---p 00010000 08:02 262477                     /usr/lib/anjuta/libanjuta-search.so
7f48677bd000-7f48677bf000 rw-p 0000f000 08:02 262477                     /usr/lib/anjuta/libanjuta-search.so
7f48677bf000-7f48677c4000 r-xp 00000000 08:02 262435                     /usr/lib/anjuta/libanjuta-file-wizard.so
7f48677c4000-7f48679c3000 ---p 00005000 08:02 262435                     /usr/lib/anjuta/libanjuta-file-wizard.so
7f48679c3000-7f48679c4000 rw-p 00004000 08:02 262435                     /usr/lib/anjuta/libanjuta-file-wizard.so
7f48679c4000-7f48679d1000 r--p 00000000 08:02 140859                     /usr/share/fonts/TTF/VeraMono.ttf
7f48679d1000-7f4867a00000 r--p 00000000 08:02 140911                     /usr/share/fonts/TTF/DroidSans.ttf
7f4867a00000-7f4867a15000 r--s 00000000 08:02 89505                      /var/cache/fontconfig/8d4af663993b81a124ee82e610bb31f9-x86-64.cache-2
7f4867a15000-7f4867a1d000 r--s 00000000 08:02 92181                      /var/cache/fontconfig/d62e99ef547d1d24cdb1bd22ec1a2976-x86-64.cache-2
7f4867a1d000-7f4867a30000 r--s 00000000 08:02 92180                      /var/cache/fontconfig/f6b893a7224233d96cb72fd88691c0b4-x86-64.cache-2
7f4867a30000-7f4867a8c000 r--s 00000000 08:02 92179                      /var/cache/fontconfig/17090aa38d5c6f09fb8c5c354938f1d7-x86-64.cache-2
7f4867a8c000-7f4867ae8000 r--s 00000000 08:02 89848                      /var/cache/fontconfig/df311e82a1a24c41a75c2c930223552e-x86-64.cache-2
7f4867ae8000-7f4867b09000 r-xp 00000000 08:02 262468                     /usr/lib/anjuta/libanjuta-document-manager.so
7f4867b09000-7f4867d08000 ---p 00021000 08:02 262468                     /usr/lib/anjuta/libanjuta-document-manager.so
7f4867d08000-7f4867d0b000 rw-p 00020000 08:02 262468                     /usr/lib/anjuta/libanjuta-document-manager.so
7f4867d0b000-7f4867d10000 r-xp 00000000 08:02 262427                     /usr/lib/anjuta/libanjuta-starter.so
7f4867d10000-7f4867f10000 ---p 00005000 08:02 262427                     /usr/lib/anjuta/libanjuta-starter.so
7f4867f10000-7f4867f11000 rw-p 00005000 08:02 262427                     /usr/lib/anjuta/libanjuta-starter.so
7f4867f11000-7f4867f27000 r-xp 00000000 08:02 262437                     /usr/lib/anjuta/libanjuta-project-manager.so
7f4867f27000-7f4868126000 ---p 00016000 08:02 262437                     /usr/lib/anjuta/libanjuta-project-manager.so
7f4868126000-7f4868128000 rw-p 00015000 08:02 262437                     /usr/lib/anjuta/libanjuta-project-manager.so
7f4868128000-7f486812e000 r-xp 00000000 08:02 25538                      /usr/lib/gtk-2.0/2.10.0/loaders/libpixbufloader-xpm.so
7f486812e000-7f486832d000 ---p 00006000 08:02 25538                      /usr/lib/gtk-2.0/2.10.0/loaders/libpixbufloader-xpm.so
7f486832d000-7f486832e000 rw-p 00005000 08:02 25538                      /usr/lib/gtk-2.0/2.10.0/loaders/libpixbufloader-xpm.so
7f486832e000-7f486833c000 r-xp 00000000 08:02 262461                     /usr/lib/anjuta/libanjuta-loader.so
7f486833c000-7f486853c000 ---p 0000e000 08:02 262461                     /usr/lib/anjuta/libanjuta-loader.so
7f486853c000-7f486853d000 rw-p 0000e000 08:02 262461                     /usr/lib/anjuta/libanjuta-loader.so
7f486853d000-7f486854e000 r-xp 00000000 08:02 124825                     /usr/lib/gio/modules/libgioremote-volume-monitor.so
7f486854e000-7f486874d000 ---p 00011000 08:02 124825                     /usr/lib/gio/modules/libgioremote-volume-monitor.so
7f486874d000-7f486874e000 rw-p 00010000 08:02 124825                     /usr/lib/gio/modules/libgioremote-volume-monitor.so
7f486874e000-7f4868763000 r-xp 00000000 08:02 124800                     /usr/lib/libgvfscommon.so.0.0.0
7f4868763000-7f4868963000 ---p 00015000 08:02 124800                     /usr/lib/libgvfscommon.so.0.0.0
7f4868963000-7f4868964000 rw-p 00015000 08:02 124800                     /usr/lib/libgvfscommon.so.0.0.0
7f4868964000-7f4868981000 r-xp 00000000 08:02 124824                     /usr/lib/gio/modules/libgvfsdbus.so
7f4868981000-7f4868b81000 ---p 0001d000 08:02 124824                     /usr/lib/gio/modules/libgvfsdbus.so
7f4868b81000-7f4868b82000 rw-p 0001d000 08:02 124824                     /usr/lib/gio/modules/libgvfsdbus.so
7f4868b82000-7f4868d20000 r--p 00000000 08:02 25771                      /usr/share/icons/hicolor/icon-theme.cache
7f4868d20000-7f4868d4b000 r-xp 00000000 08:02 97225                      /usr/lib/gtk-2.0/2.10.0/engines/libclearlooks.so
7f4868d4b000-7f4868f4b000 ---p 0002b000 08:02 97225                      /usr/lib/gtk-2.0/2.10.0/engines/libclearlooks.so
7f4868f4b000-7f4868f4c000 rw-p 0002b000 08:02 97225                      /usr/lib/gtk-2.0/2.10.0/engines/libclearlooks.so
7f4868f4c000-7f4868f55000 r-xp 00000000 08:02 25767                      /usr/lib/libltdl.so.7.2.0
7f4868f55000-7f4869154000 ---p 00009000 08:02 25767                      /usr/lib/libltdl.so.7.2.0
7f4869154000-7f4869155000 rw-p 00008000 08:02 25767                      /usr/lib/libltdl.so.7.2.0
7f4869155000-7f4869162000 r-xp 00000000 08:02 30988                      /usr/lib/libtdb.so.1.1.2
7f4869162000-7f4869361000 ---p 0000d000 08:02 30988                      /usr/lib/libtdb.so.1.1.2
7f4869361000-7f4869362000 rw-p 0000c000 08:02 30988                      /usr/lib/libtdb.so.1.1.2
7f4869362000-7f4869367000 r-xp 00000000 08:02 100317                     /usr/lib/libogg.so.0.5.3
7f4869367000-7f4869566000 ---p 00005000 08:02 100317                     /usr/lib/libogg.so.0.5.3
7f4869566000-7f4869567000 rw-p 00004000 08:02 100317                     /usr/lib/libogg.so.0.5.3
7f4869567000-7f4869586000 r-xp 00000000 08:02 100449                     /usr/lib/libvorbis.so.0.4.1
7f4869586000-7f4869785000 ---p 0001f000 08:02 100449                     /usr/lib/libvorbis.so.0.4.1
7f4869785000-7f4869794000 rw-p 0001e000 08:02 100449                     /usr/lib/libvorbis.so.0.4.1
7f4869794000-7f486979b000 r-xp 00000000 08:02 100452                     /usr/lib/libvorbisfile.so.3.3.0
7f486979b000-7f486999a000 ---p 00007000 08:02 100452                     /usr/lib/libvorbisfile.so.3.3.0
7f486999a000-7f486999b000 rw-p 00006000 08:02 100452                     /usr/lib/libvorbisfile.so.3.3.0
7f486999b000-7f48699aa000 r-xp 00000000 08:02 25776                      /usr/lib/libcanberra.so.0.1.6
7f48699aa000-7f4869baa000 ---p 0000f000 08:02 25776                      /usr/lib/libcanberra.so.0.1.6
7f4869baa000-7f4869bab000 rw-p 0000f000 08:02 25776                      /usr/lib/libcanberra.so.0.1.6
7f4869bab000-7f4869bae000 r-xp 00000000 08:02 25779                      /usr/lib/libcanberra-gtk.so.0.1.0
7f4869bae000-7f4869dae000 ---p 00003000 08:02 25779                      /usr/lib/libcanberra-gtk.so.0.1.0
7f4869dae000-7f4869daf000 rw-p 00003000 08:02 25779                      /usr/lib/libcanberra-gtk.so.0.1.0
7f4869daf000-7f4869db4000 r-xp 00000000 08:02 25782                      /usr/lib/gtk-2.0/modules/libcanberra-gtk-module.so
7f4869db4000-7f4869fb3000 ---p 00005000 08:02 25782                      /usr/lib/gtk-2.0/modules/libcanberra-gtk-module.so
7f4869fb3000-7f4869fb4000 rw-p 00004000 08:02 25782                      /usr/lib/gtk-2.0/modules/libcanberra-gtk-module.so
7f4869fb4000-7f4869fbf000 r-xp 00000000 08:02 555                        /lib/libnss_files-2.10.1.so
7f4869fbf000-7f486a1be000 ---p 0000b000 08:02 555                        /lib/libnss_files-2.10.1.so
7f486a1be000-7f486a1bf000 r--p 0000a000 08:02 555                        /lib/libnss_files-2.10.1.so
7f486a1bf000-7f486a1c0000 rw-p 0000b000 08:02 555                        /lib/libnss_files-2.10.1.so
7f486a1c0000-7f486a4ab000 r--p 00000000 08:02 898                        /usr/lib/locale/locale-archive
7f486a4ab000-7f486a4b0000 r-xp 00000000 08:02 51644                      /usr/lib/libXdmcp.so.6.0.0
7f486a4b0000-7f486a6af000 ---p 00005000 08:02 51644                      /usr/lib/libXdmcp.so.6.0.0
7f486a6af000-7f486a6b0000 rw-p 00004000 08:02 51644                      /usr/lib/libXdmcp.so.6.0.0
7f486a6b0000-7f486a6b2000 r-xp 00000000 08:02 51652                      /usr/lib/libXau.so.6.0.0
7f486a6b2000-7f486a8b1000 ---p 00002000 08:02 51652                      /usr/lib/libXau.so.6.0.0
7f486a8b1000-7f486a8b2000 rw-p 00001000 08:02 51652                      /usr/lib/libXau.so.6.0.0
7f486a8b2000-7f486a990000 r-xp 00000000 08:02 84938                      /usr/lib/libasound.so.2.0.0
7f486a990000-7f486ab8f000 ---p 000de000 08:02 84938                      /usr/lib/libasound.so.2.0.0
7f486ab8f000-7f486ab97000 rw-p 000dd000 08:02 84938                      /usr/lib/libasound.so.2.0.0
7f486ab97000-7f486ab99000 r-xp 00000000 08:02 1050                       /usr/lib/libssp.so.0.0.0
7f486ab99000-7f486ad98000 ---p 00002000 08:02 1050                       /usr/lib/libssp.so.0.0.0
7f486ad98000-7f486ad99000 rw-p 00001000 08:02 1050                       /usr/lib/libssp.so.0.0.0
7f486ad99000-7f486adc0000 r-xp 00000000 08:02 33786                      /usr/lib/libexpat.so.1.5.2
7f486adc0000-7f486afbf000 ---p 00027000 08:02 33786                      /usr/lib/libexpat.so.1.5.2
7f486afbf000-7f486afc2000 rw-p 00026000 08:02 33786                      /usr/lib/libexpat.so.1.5.2
7f486afc2000-7f486afdd000 r-xp 00000000 08:02 51774                      /usr/lib/libxcb.so.1.1.0
7f486afdd000-7f486b1dd000 ---p 0001b000 08:02 51774                      /usr/lib/libxcb.so.1.1.0
7f486b1dd000-7f486b1de000 rw-p 0001b000 08:02 51774                      /usr/lib/libxcb.so.1.1.0
7f486b1de000-7f486b1e5000 r-xp 00000000 08:02 51732                      /usr/lib/libxcb-render.so.0.0.0
7f486b1e5000-7f486b3e5000 ---p 00007000 08:02 51732                      /usr/lib/libxcb-render.so.0.0.0
7f486b3e5000-7f486b3e6000 rw-p 00007000 08:02 51732                      /usr/lib/libxcb-render.so.0.0.0
7f486b3e6000-7f486b3e9000 r-xp 00000000 08:02 69783                      /usr/lib/libxcb-render-util.so.0.0.0
7f486b3e9000-7f486b5e8000 ---p 00003000 08:02 69783                      /usr/lib/libxcb-render-util.so.0.0.0
7f486b5e8000-7f486b5e9000 rw-p 00002000 08:02 69783                      /usr/lib/libxcb-render-util.so.0.0.0
7f486b5e9000-7f486b62c000 r-xp 00000000 08:02 54910                      /usr/lib/libpixman-1.so.0.14.0
7f486b62c000-7f486b82b000 ---p 00043000 08:02 54910                      /usr/lib/libpixman-1.so.0.14.0
7f486b82b000-7f486b82e000 rw-p 00042000 08:02 54910                      /usr/lib/libpixman-1.so.0.14.0
7f486b82e000-7f486b856000 r-xp 00000000 08:02 13914                      /usr/lib/libpng12.so.0.38.0
7f486b856000-7f486ba55000 ---p 00028000 08:02 13914                      /usr/lib/libpng12.so.0.38.0
7f486ba55000-7f486ba56000 rw-p 00027000 08:02 13914                      /usr/lib/libpng12.so.0.38.0
7f486ba56000-7f486ba5b000 r-xp 00000000 08:02 54805                      /usr/lib/libXfixes.so.3.1.0
7f486ba5b000-7f486bc5a000 ---p 00005000 08:02 54805                      /usr/lib/libXfixes.so.3.1.0
7f486bc5a000-7f486bc5b000 rw-p 00004000 08:02 54805                      /usr/lib/libXfixes.so.3.1.0
7f486bc5b000-7f486bc5d000 r-xp 00000000 08:02 54829                      /usr/lib/libXdamage.so.1.1.0
7f486bc5d000-7f486be5c000 ---p 00002000 08:02 54829                      /usr/lib/libXdamage.so.1.1.0
7f486be5c000-7f486be5d000 rw-p 00001000 08:02 54829                      /usr/lib/libXdamage.so.1.1.0
7f486be5d000-7f486be5f000 r-xp 00000000 08:02 71518                      /usr/lib/libXcomposite.so.1.0.0
7f486be5f000-7f486c05e000 ---p 00002000 08:02 71518                      /usr/lib/libXcomposite.so.1.0.0
7f486c05e000-7f486c05f000 rw-p 00001000 08:02 71518                      /usr/lib/libXcomposite.so.1.0.0
7f486c05f000-7f486c068000 r-xp 00000000 08:02 56453                      /usr/lib/libXcursor.so.1.0.2
7f486c068000-7f486c268000 ---p 00009000 08:02 56453                      /usr/lib/libXcursor.so.1.0.2
7f486c268000-7f486c269000 rw-p 00009000 08:02 56453                      /usr/lib/libXcursor.so.1.0.2
7f486c269000-7f486c271000 r-xp 00000000 08:02 53725                      /usr/lib/libXrandr.so.2.2.0
7f486c271000-7f486c470000 ---p 00008000 08:02 53725                      /usr/lib/libXrandr.so.2.2.0
7f486c470000-7f486c471000 rw-p 00007000 08:02 53725                      /usr/lib/libXrandr.so.2.2.0
7f486c471000-7f486c47a000 r-xp 00000000 08:02 53635                      /usr/lib/libXi.so.6.0.0
7f486c47a000-7f486c67a000 ---p 00009000 08:02 53635                      /usr/lib/libXi.so.6.0.0
7f486c67a000-7f486c67b000 rw-p 00009000 08:02 53635                      /usr/lib/libXi.so.6.0.0
7f486c67b000-7f486c67d000 r-xp 00000000 08:02 56293                      /usr/lib/libXinerama.so.1.0.0
7f486c67d000-7f486c87c000 ---p 00002000 08:02 56293                      /usr/lib/libXinerama.so.1.0.0
7f486c87c000-7f486c87d000 rw-p 00001000 08:02 56293                      /usr/lib/libXinerama.so.1.0.0
7f486c87d000-7f486c886000 r-xp 00000000 08:02 53689                      /usr/lib/libXrender.so.1.3.0
7f486c886000-7f486ca85000 ---p 00009000 08:02 53689                      /usr/lib/libXrender.so.1.3.0
7f486ca85000-7f486ca86000 rw-p 00008000 08:02 53689                      /usr/lib/libXrender.so.1.3.0
7f486ca86000-7f486ca97000 r-xp 00000000 08:02 53043                      /usr/lib/libXext.so.6.4.0
7f486ca97000-7f486cc97000 ---p 00011000 08:02 53043                      /usr/lib/libXext.so.6.4.0
7f486cc97000-7f486cc98000 rw-p 00011000 08:02 53043                      /usr/lib/libXext.so.6.4.0
7f486cc98000-7f486ccc8000 r-xp 00000000 08:02 10305                      /lib/libpcre.so.0.0.1
7f486ccc8000-7f486cec7000 ---p 00030000 08:02 10305                      /lib/libpcre.so.0.0.1
7f486cec7000-7f486cec8000 rw-p 0002f000 08:02 10305                      /lib/libpcre.so.0.0.1
7f486cec8000-7f486ceca000 r-xp 00000000 08:02 548                        /lib/libdl-2.10.1.so
7f486ceca000-7f486d0ca000 ---p 00002000 08:02 548                        /lib/libdl-2.10.1.so
7f486d0ca000-7f486d0cb000 r--p 00002000 08:02 548                        /lib/libdl-2.10.1.so
7f486d0cb000-7f486d0cc000 rw-p 00003000 08:02 548                        /lib/libdl-2.10.1.so
7f486d0cc000-7f486d0d1000 r-xp 00000000 08:02 73331                      /usr/lib/libORBitCosNaming-2.so.0.1.0
7f486d0d1000-7f486d2d1000 ---p 00005000 08:02 73331                      /usr/lib/libORBitCosNaming-2.so.0.1.0
7f486d2d1000-7f486d2d3000 rw-p 00005000 08:02 73331                      /usr/lib/libORBitCosNaming-2.so.0.1.0
7f486d2d3000-7f486d354000 r-xp 00000000 08:02 547                        /lib/libm-2.10.1.so
7f486d354000-7f486d553000 ---p 00081000 08:02 547                        /lib/libm-2.10.1.so
7f486d553000-7f486d554000 r--p 00080000 08:02 547                        /lib/libm-2.10.1.so
7f486d554000-7f486d555000 rw-p 00081000 08:02 547                        /lib/libm-2.10.1.so
7f486d555000-7f486d57d000 r-xp 00000000 08:02 84813                      /usr/lib/libaudiofile.so.0.0.2
7f486d57d000-7f486d77d000 ---p 00028000 08:02 84813                      /usr/lib/libaudiofile.so.0.0.2
7f486d77d000-7f486d781000 rw-p 00028000 08:02 84813                      /usr/lib/libaudiofile.so.0.0.2
7f486d781000-7f486d78b000 r-xp 00000000 08:02 84980                      /usr/lib/libesd.so.0.2.39
7f486d78b000-7f486d98b000 ---p 0000a000 08:02 84980                      /usr/lib/libesd.so.0.2.39
7f486d98b000-7f486d98c000 rw-p 0000a000 08:02 84980                      /usr/lib/libesd.so.0.2.39
7f486d98c000-7f486d993000 r-xp 00000000 08:02 25528                      /usr/lib/libgailutil.so.18.0.1
7f486d993000-7f486db92000 ---p 00007000 08:02 25528                      /usr/lib/libgailutil.so.18.0.1
7f486db92000-7f486db93000 rw-p 00006000 08:02 25528                      /usr/lib/libgailutil.so.18.0.1
7f486db93000-7f486dba6000 r-xp 00000000 08:02 552                        /lib/libresolv-2.10.1.so
7f486dba6000-7f486dda5000 ---p 00013000 08:02 552                        /lib/libresolv-2.10.1.so
7f486dda5000-7f486dda6000 r--p 00012000 08:02 552                        /lib/libresolv-2.10.1.so
7f486dda6000-7f486dda7000 rw-p 00013000 08:02 552                        /lib/libresolv-2.10.1.so
7f486dda7000-7f486dda9000 rw-p 00000000 00:00 0 
7f486dda9000-7f486ddb9000 r-xp 00000000 08:02 84322                      /usr/lib/libavahi-client.so.3.2.5
7f486ddb9000-7f486dfb8000 ---p 00010000 08:02 84322                      /usr/lib/libavahi-client.so.3.2.5
7f486dfb8000-7f486dfb9000 rw-p 0000f000 08:02 84322                      /usr/lib/libavahi-client.so.3.2.5
7f486dfb9000-7f486dfc5000 r-xp 00000000 08:02 84337                      /usr/lib/libavahi-common.so.3.5.1
7f486dfc5000-7f486e1c4000 ---p 0000c000 08:02 84337                      /usr/lib/libavahi-common.so.3.5.1
7f486e1c4000-7f486e1c5000 rw-p 0000b000 08:02 84337                      /usr/lib/libavahi-common.so.3.5.1
7f486e1c5000-7f486e1c8000 r-xp 00000000 08:02 84325                      /usr/lib/libavahi-glib.so.1.0.1
7f486e1c8000-7f486e3c7000 ---p 00003000 08:02 84325                      /usr/lib/libavahi-glib.so.1.0.1
7f486e3c7000-7f486e3c8000 rw-p 00002000 08:02 84325                      /usr/lib/libavahi-glib.so.1.0.1
7f486e3c8000-7f486e3cb000 r-xp 00000000 08:02 8291                       /usr/lib/libgpg-error.so.0.4.0
7f486e3cb000-7f486e5ca000 ---p 00003000 08:02 8291                       /usr/lib/libgpg-error.so.0.4.0
7f486e5ca000-7f486e5cb000 rw-p 00002000 08:02 8291                       /usr/lib/libgpg-error.so.0.4.0
7f486e5cb000-7f486e63f000 r-xp 00000000 08:02 6824                       /usr/lib/libgcrypt.so.11.5.2
7f486e63f000-7f486e83e000 ---p 00074000 08:02 6824                       /usr/lib/libgcrypt.so.11.5.2
7f486e83e000-7f486e842000 rw-p 00073000 08:02 6824                       /usr/lib/libgcrypt.so.11.5.2
7f486e842000-7f486e852000 r-xp 00000000 08:02 70538                      /usr/lib/libtasn1.so.3.1.5
7f486e852000-7f486ea51000 ---p 00010000 08:02 70538                      /usr/lib/libtasn1.so.3.1.5
7f486ea51000-7f486ea52000 rw-p 0000f000 08:02 70538                      /usr/lib/libtasn1.so.3.1.5
7f486ea52000-7f486eaed000 r-xp 00000000 08:02 40688                      /usr/lib/libgnutls.so.26.14.8
7f486eaed000-7f486eced000 ---p 0009b000 08:02 40688                      /usr/lib/libgnutls.so.26.14.8
7f486eced000-7f486ecf4000 rw-p 0009b000 08:02 40688                      /usr/lib/libgnutls.so.26.14.8
7f486ecf4000-7f486ed32000 r-xp 00000000 08:02 33836                      /usr/lib/libdbus-1.so.3.4.0
7f486ed32000-7f486ef32000 ---p 0003e000 08:02 33836                      /usr/lib/libdbus-1.so.3.4.0
7f486ef32000-7f486ef33000 r--p 0003e000 08:02 33836                      /usr/lib/libdbus-1.so.3.4.0
7f486ef33000-7f486ef34000 rw-p 0003f000 08:02 33836                      /usr/lib/libdbus-1.so.3.4.0
7f486ef34000-7f486ef55000 r-xp 00000000 08:02 54205                      /usr/lib/libdbus-glib-1.so.2.1.0
7f486ef55000-7f486f154000 ---p 00021000 08:02 54205                      /usr/lib/libdbus-glib-1.so.2.1.0
7f486f154000-7f486f156000 rw-p 00020000 08:02 54205                      /usr/lib/libdbus-glib-1.so.2.1.0
7f486f156000-7f486f15a000 r-xp 00000000 08:02 8164                       /lib/libuuid.so.1.2
7f486f15a000-7f486f359000 ---p 00004000 08:02 8164                       /lib/libuuid.so.1.2
7f486f359000-7f486f35a000 rw-p 00003000 08:02 8164                       /lib/libuuid.so.1.2
7f486f35a000-7f486f48f000 r-xp 00000000 08:02 52913                      /usr/lib/libX11.so.6.2.0
7f486f48f000-7f486f68f000 ---p 00135000 08:02 52913                      /usr/lib/libX11.so.6.2.0
7f486f68f000-7f486f695000 rw-p 00135000 08:02 52913                      /usr/lib/libX11.so.6.2.0
7f486f695000-7f486f6a9000 r-xp 00000000 08:02 36412                      /usr/lib/libgnome-keyring.so.0.1.1
7f486f6a9000-7f486f8a8000 ---p 00014000 08:02 36412                      /usr/lib/libgnome-keyring.so.0.1.1
7f486f8a8000-7f486f8a9000 rw-p 00013000 08:02 36412                      /usr/lib/libgnome-keyring.so.0.1.1
7f486f8a9000-7f486f8be000 r-xp 00000000 08:02 8492                       /usr/lib/libz.so.1.2.3.3
7f486f8be000-7f486fabd000 ---p 00015000 08:02 8492                       /usr/lib/libz.so.1.2.3.3
7f486fabd000-7f486fabe000 rw-p 00014000 08:02 8492                       /usr/lib/libz.so.1.2.3.3
7f486fabe000-7f486fc07000 r-xp 00000000 08:02 568                        /lib/libc-2.10.1.so
7f486fc07000-7f486fe07000 ---p 00149000 08:02 568                        /lib/libc-2.10.1.so
7f486fe07000-7f486fe0b000 r--p 00149000 08:02 568                        /lib/libc-2.10.1.so
7f486fe0b000-7f486fe0c000 rw-p 0014d000 08:02 568                        /lib/libc-2.10.1.so
7f486fe0c000-7f486fe11000 rw-p 00000000 00:00 0 
7f486fe11000-7f486fe27000 r-xp 00000000 08:02 551                        /lib/libpthread-2.10.1.so
7f486fe27000-7f4870026000 ---p 00016000 08:02 551                        /lib/libpthread-2.10.1.so
7f4870026000-7f4870027000 r--p 00015000 08:02 551                        /lib/libpthread-2.10.1.so
7f4870027000-7f4870028000 rw-p 00016000 08:02 551                        /lib/libpthread-2.10.1.so
7f4870028000-7f487002c000 rw-p 00000000 00:00 0 
7f487002c000-7f487002e000 r-xp 00000000 08:02 566                        /lib/libutil-2.10.1.so
7f487002e000-7f487022d000 ---p 00002000 08:02 566                        /lib/libutil-2.10.1.so
7f487022d000-7f487022e000 r--p 00001000 08:02 566                        /lib/libutil-2.10.1.so
7f487022e000-7f487022f000 rw-p 00002000 08:02 566                        /lib/libutil-2.10.1.so
7f487022f000-7f48702f1000 r-xp 00000000 08:02 34403                      /usr/lib/libglib-2.0.so.0.2000.4
7f48702f1000-7f48704f0000 ---p 000c2000 08:02 34403                      /usr/lib/libglib-2.0.so.0.2000.4
7f48704f0000-7f48704f2000 rw-p 000c1000 08:02 34403                      /usr/lib/libglib-2.0.so.0.2000.4
7f48704f2000-7f48704f5000 r-xp 00000000 08:02 34384                      /usr/lib/libgmodule-2.0.so.0.2000.4
7f48704f5000-7f48706f4000 ---p 00003000 08:02 34384                      /usr/lib/libgmodule-2.0.so.0.2000.4
7f48706f4000-7f48706f5000 rw-p 00002000 08:02 34384                      /usr/lib/libgmodule-2.0.so.0.2000.4
7f48706f5000-7f4870737000 r-xp 00000000 08:02 34398                      /usr/lib/libgobject-2.0.so.0.2000.4
7f4870737000-7f4870936000 ---p 00042000 08:02 34398                      /usr/lib/libgobject-2.0.so.0.2000.4
7f4870936000-7f4870938000 rw-p 00041000 08:02 34398                      /usr/lib/libgobject-2.0.so.0.2000.4
7f4870938000-7f4870968000 r-xp 00000000 08:02 47738                      /usr/lib/libfontconfig.so.1.3.0
7f4870968000-7f4870b67000 ---p 00030000 08:02 47738                      /usr/lib/libfontconfig.so.1.3.0
7f4870b67000-7f4870b69000 rw-p 0002f000 08:02 47738                      /usr/lib/libfontconfig.so.1.3.0
7f4870b69000-7f4870bfa000 r-xp 00000000 08:02 47313                      /usr/lib/libfreetype.so.6.3.20
7f4870bfa000-7f4870dfa000 ---p 00091000 08:02 47313                      /usr/lib/libfreetype.so.6.3.20
7f4870dfa000-7f4870e00000 rw-p 00091000 08:02 47313                      /usr/lib/libfreetype.so.6.3.20
7f4870e00000-7f4870e47000 r-xp 00000000 08:02 8563                       /usr/lib/libpango-1.0.so.0.2400.5
7f4870e47000-7f4871047000 ---p 00047000 08:02 8563                       /usr/lib/libpango-1.0.so.0.2400.5
7f4871047000-7f487104a000 rw-p 00047000 08:02 8563                       /usr/lib/libpango-1.0.so.0.2400.5
7f487104a000-7f48710c4000 r-xp 00000000 08:02 34854                      /usr/lib/libcairo.so.2.10800.8
7f48710c4000-7f48712c3000 ---p 0007a000 08:02 34854                      /usr/lib/libcairo.so.2.10800.8
7f48712c3000-7f48712c6000 rw-p 00079000 08:02 34854                      /usr/lib/libcairo.so.2.10800.8
7f48712c6000-7f48712d1000 r-xp 00000000 08:02 3148                       /usr/lib/libpangocairo-1.0.so.0.2400.5
7f48712d1000-7f48714d1000 ---p 0000b000 08:02 3148                       /usr/lib/libpangocairo-1.0.so.0.2400.5
7f48714d1000-7f48714d2000 rw-p 0000b000 08:02 3148                       /usr/lib/libpangocairo-1.0.so.0.2400.5
7f48714d2000-7f48714ef000 r-xp 00000000 08:02 25520                      /usr/lib/libgdk_pixbuf-2.0.so.0.1600.5
7f48714ef000-7f48716ef000 ---p 0001d000 08:02 25520                      /usr/lib/libgdk_pixbuf-2.0.so.0.1600.5
7f48716ef000-7f48716f0000 rw-p 0001d000 08:02 25520                      /usr/lib/libgdk_pixbuf-2.0.so.0.1600.5
7f48716f0000-7f487171d000 r-xp 00000000 08:02 8552                       /usr/lib/libpangoft2-1.0.so.0.2400.5
7f487171d000-7f487191c000 ---p 0002d000 08:02 8552                       /usr/lib/libpangoft2-1.0.so.0.2400.5
7f487191c000-7f487191e000 rw-p 0002c000 08:02 8552                       /usr/lib/libpangoft2-1.0.so.0.2400.5
7f487191e000-7f4871994000 r-xp 00000000 08:02 34393                      /usr/lib/libgio-2.0.so.0.2000.4
7f4871994000-7f4871b94000 ---p 00076000 08:02 34393                      /usr/lib/libgio-2.0.so.0.2000.4
7f4871b94000-7f4871b96000 rw-p 00076000 08:02 34393                      /usr/lib/libgio-2.0.so.0.2000.4
7f4871b96000-7f4871b97000 rw-p 00000000 00:00 0 
7f4871b97000-7f4871bb5000 r-xp 00000000 08:02 69756                      /usr/lib/libatk-1.0.so.0.2609.1
7f4871bb5000-7f4871db4000 ---p 0001e000 08:02 69756                      /usr/lib/libatk-1.0.so.0.2609.1
7f4871db4000-7f4871db7000 rw-p 0001d000 08:02 69756                      /usr/lib/libatk-1.0.so.0.2609.1
7f4871db7000-7f4871e52000 r-xp 00000000 08:02 25082                      /usr/lib/libgdk-x11-2.0.so.0.1600.5
7f4871e52000-7f4872052000 ---p 0009b000 08:02 25082                      /usr/lib/libgdk-x11-2.0.so.0.1600.5
7f4872052000-7f4872057000 rw-p 0009b000 08:02 25082                      /usr/lib/libgdk-x11-2.0.so.0.1600.5
7f4872057000-7f4872434000 r-xp 00000000 08:02 25106                      /usr/lib/libgtk-x11-2.0.so.0.1600.5
7f4872434000-7f4872633000 ---p 003dd000 08:02 25106                      /usr/lib/libgtk-x11-2.0.so.0.1600.5
7f4872633000-7f487263e000 rw-p 003dc000 08:02 25106                      /usr/lib/libgtk-x11-2.0.so.0.1600.5
7f487263e000-7f4872640000 rw-p 00000000 00:00 0 
7f4872640000-7f487264c000 r-xp 00000000 08:02 122653                     /usr/lib/libunique-1.0.so.0.2.6
7f487264c000-7f487284c000 ---p 0000c000 08:02 122653                     /usr/lib/libunique-1.0.so.0.2.6
7f487284c000-7f487284d000 rw-p 0000c000 08:02 122653                     /usr/lib/libunique-1.0.so.0.2.6
7f487284d000-7f4872854000 r-xp 00000000 08:02 556                        /lib/librt-2.10.1.so
7f4872854000-7f4872a53000 ---p 00007000 08:02 556                        /lib/librt-2.10.1.so
7f4872a53000-7f4872a54000 r--p 00006000 08:02 556                        /lib/librt-2.10.1.so
7f4872a54000-7f4872a55000 rw-p 00007000 08:02 556                        /lib/librt-2.10.1.so
7f4872a55000-7f4872a59000 r-xp 00000000 08:02 34392                      /usr/lib/libgthread-2.0.so.0.2000.4
7f4872a59000-7f4872c58000 ---p 00004000 08:02 34392                      /usr/lib/libgthread-2.0.so.0.2000.4
7f4872c58000-7f4872c59000 rw-p 00003000 08:02 34392                      /usr/lib/libgthread-2.0.so.0.2000.4
7f4872c59000-7f4872d9b000 r-xp 00000000 08:02 41162                      /usr/lib/libxml2.so.2.7.3
7f4872d9b000-7f4872f9a000 ---p 00142000 08:02 41162                      /usr/lib/libxml2.so.2.7.3
7f4872f9a000-7f4872fa4000 rw-p 00141000 08:02 41162                      /usr/lib/libxml2.so.2.7.3
7f4872fa4000-7f4872fa5000 rw-p 00000000 00:00 0 
7f4872fa5000-7f4872fbd000 r-xp 00000000 08:02 73218                      /usr/lib/libglade-2.0.so.0.0.7
7f4872fbd000-7f48731bc000 ---p 00018000 08:02 73218                      /usr/lib/libglade-2.0.so.0.0.7
7f48731bc000-7f48731be000 rw-p 00017000 08:02 73218                      /usr/lib/libglade-2.0.so.0.0.7
7f48731be000-7f48731f8000 r-xp 00000000 08:02 73605                      /usr/lib/libgconf-2.so.4.1.5
7f48731f8000-7f48733f7000 ---p 0003a000 08:02 73605                      /usr/lib/libgconf-2.so.4.1.5
7f48733f7000-7f48733fc000 rw-p 00039000 08:02 73605                      /usr/lib/libgconf-2.so.4.1.5
7f48733fc000-7f4873414000 r-xp 00000000 08:02 86256                      /usr/lib/libart_lgpl_2.so.2.3.20
7f4873414000-7f4873613000 ---p 00018000 08:02 86256                      /usr/lib/libart_lgpl_2.so.2.3.20
7f4873613000-7f4873614000 rw-p 00017000 08:02 86256                      /usr/lib/libart_lgpl_2.so.2.3.20
7f4873614000-7f4873673000 r-xp 00000000 08:02 73332                      /usr/lib/libORBit-2.so.0.1.0
7f4873673000-7f4873872000 ---p 0005f000 08:02 73332                      /usr/lib/libORBit-2.so.0.1.0
7f4873872000-7f4873884000 rw-p 0005e000 08:02 73332                      /usr/lib/libORBit-2.so.0.1.0
7f4873884000-7f4873885000 rw-p 00000000 00:00 0 
7f4873885000-7f487389d000 r-xp 00000000 08:02 77117                      /usr/lib/libbonobo-activation.so.4.0.0
7f487389d000-7f4873a9c000 ---p 00018000 08:02 77117                      /usr/lib/libbonobo-activation.so.4.0.0
7f4873a9c000-7f4873aa0000 rw-p 00017000 08:02 77117                      /usr/lib/libbonobo-activation.so.4.0.0
7f4873aa0000-7f4873b06000 r-xp 00000000 08:02 77115                      /usr/lib/libbonobo-2.so.0.0.0
7f4873b06000-7f4873d06000 ---p 00066000 08:02 77115                      /usr/lib/libbonobo-2.so.0.0.0
7f4873d06000-7f4873d17000 rw-p 00066000 08:02 77115                      /usr/lib/libbonobo-2.so.0.0.0
7f4873d17000-7f4873d20000 r-xp 00000000 08:02 8367                       /usr/lib/libpopt.so.0.0.0
7f4873d20000-7f4873f1f000 ---p 00009000 08:02 8367                       /usr/lib/libpopt.so.0.0.0
7f4873f1f000-7f4873f20000 rw-p 00008000 08:02 8367                       /usr/lib/libpopt.so.0.0.0
7f4873f20000-7f4873f37000 r-xp 00000000 08:02 85142                      /usr/lib/libgnome-2.so.0.2600.0
7f4873f37000-7f4874136000 ---p 00017000 08:02 85142                      /usr/lib/libgnome-2.so.0.2600.0
7f4874136000-7f4874138000 rw-p 00016000 08:02 85142                      /usr/lib/libgnome-2.so.0.2600.0
7f4874138000-7f487416c000 r-xp 00000000 08:02 86392                      /usr/lib/libgnomecanvas-2.so.0.2600.0
7f487416c000-7f487436c000 ---p 00034000 08:02 86392                      /usr/lib/libgnomecanvas-2.so.0.2600.0
7f487436c000-7f487436e000 rw-p 00034000 08:02 86392                      /usr/lib/libgnomecanvas-2.so.0.2600.0
7f487436e000-7f48743d3000 r-xp 00000000 08:02 84779                      /usr/lib/libgnomevfs-2.so.0.2400.1
7f48743d3000-7f48745d3000 ---p 00065000 08:02 84779                      /usr/lib/libgnomevfs-2.so.0.2400.1
7f48745d3000-7f48745d8000 rw-p 00065000 08:02 84779                      /usr/lib/libgnomevfs-2.so.0.2400.1
7f48745d8000-7f4874644000 r-xp 00000000 08:02 86571                      /usr/lib/libbonoboui-2.so.0.0.0
7f4874644000-7f4874843000 ---p 0006c000 08:02 86571                      /usr/lib/libbonoboui-2.so.0.0.0
7f4874843000-7f4874848000 rw-p 0006b000 08:02 86571                      /usr/lib/libbonoboui-2.so.0.0.0
7f4874848000-7f487485f000 r-xp 00000000 08:02 53060                      /usr/lib/libICE.so.6.3.0
7f487485f000-7f4874a5e000 ---p 00017000 08:02 53060                      /usr/lib/libICE.so.6.3.0
7f4874a5e000-7f4874a60000 rw-p 00016000 08:02 53060                      /usr/lib/libICE.so.6.3.0
7f4874a60000-7f4874a63000 rw-p 00000000 00:00 0 
7f4874a63000-7f4874a6b000 r-xp 00000000 08:02 53076                      /usr/lib/libSM.so.6.0.0
7f4874a6b000-7f4874c6a000 ---p 00008000 08:02 53076                      /usr/lib/libSM.so.6.0.0
7f4874c6a000-7f4874c6b000 rw-p 00007000 08:02 53076                      /usr/lib/libSM.so.6.0.0
7f4874c6b000-7f4874d03000 r-xp 00000000 08:02 86842                      /usr/lib/libgnomeui-2.so.0.2400.1
7f4874d03000-7f4874f02000 ---p 00098000 08:02 86842                      /usr/lib/libgnomeui-2.so.0.2400.1
7f4874f02000-7f4874f08000 rw-p 00097000 08:02 86842                      /usr/lib/libgnomeui-2.so.0.2400.1
7f4874f08000-7f4874f84000 r-xp 00000000 08:02 35705                      /usr/lib/libanjuta.so.0.0.0
7f4874f84000-7f4875183000 ---p 0007c000 08:02 35705                      /usr/lib/libanjuta.so.0.0.0
7f4875183000-7f4875189000 rw-p 0007b000 08:02 35705                      /usr/lib/libanjuta.so.0.0.0
7f4875189000-7f487518a000 rw-p 00000000 00:00 0 
7f487518a000-7f48751b9000 r-xp 00000000 08:02 136893                     /usr/lib/libgdl-1.so.0.0.0
7f48751b9000-7f48753b9000 ---p 0002f000 08:02 136893                     /usr/lib/libgdl-1.so.0.0.0
7f48753b9000-7f48753bb000 rw-p 0002f000 08:02 136893                     /usr/lib/libgdl-1.so.0.0.0
7f48753bb000-7f48753d8000 r-xp 00000000 08:02 567                        /lib/ld-2.10.1.so
7f48753d8000-7f48753d9000 rw-p 00000000 00:00 0 
7f48753d9000-7f48753da000 r--p 00000000 08:02 115742                     /usr/share/vte/termcap/xterm
7f48753da000-7f48753db000 rw-p 00000000 00:00 0 
7f48753db000-7f48753dd000 r--s 00007000 08:02 139233                     /usr/lib/libgda-4.0/providers/gdaprovider-4.0.jar
7f48753dd000-7f48753e5000 rw-s 00000000 08:02 160469                     /tmp/hsperfdata_jgblanco/7077
7f48753e5000-7f48753e6000 rw-p 00000000 00:00 0 
7f48753e6000-7f48753e7000 r--p 00000000 00:00 0 
7f48753e7000-7f48753ff000 r--s 00000000 08:02 24133                      /usr/share/mime/mime.cache
7f48753ff000-7f487559d000 r--p 00000000 08:02 25771                      /usr/share/icons/hicolor/icon-theme.cache
7f487559d000-7f48755be000 rw-p 00000000 00:00 0 
7f48755be000-7f48755d6000 r--s 00000000 08:02 24133                      /usr/share/mime/mime.cache
7f48755d6000-7f48755d7000 rw-p 00000000 00:00 0 
7f48755d7000-7f48755d8000 r--p 0001c000 08:02 567                        /lib/ld-2.10.1.so
7f48755d8000-7f48755d9000 rw-p 0001d000 08:02 567                        /lib/ld-2.10.1.so
7fffc410f000-7fffc4112000 rwxp 00000000 00:00 0 
7fffc4112000-7fffc420f000 rwxp 00000000 00:00 0                          [stack]
7fffc420f000-7fffc4210000 rw-p 00000000 00:00 0 
7fffc43f2000-7fffc43f3000 r-xp 00000000 00:00 0                          [vdso]
ffffffffff600000-ffffffffff601000 r-xp 00000000 00:00 0                  [vsyscall]

VM Arguments:
jvm_args: -Djava.compiler=NONE -Djava.library.path=/usr/lib/libgda-4.0/providers 
java_command: <unknown>
Launcher Type: generic

Environment Variables:
JAVA_HOME=/usr/lib/jvm/java-1.6.0-openjdk
PATH=/bin:/usr/bin:/sbin:/usr/sbin:/usr/bin/perlbin/site:/usr/bin/perlbin/vendor:/usr/bin/perlbin/core
USERNAME=jgblanco
SHELL=/bin/bash
DISPLAY=:0.0

Signal Handlers:
SIGSEGV: [libjvm.so+0x66b290], sa_mask[0]=0x7ffbfeff, sa_flags=0x10000004
SIGBUS: [libjvm.so+0x66b290], sa_mask[0]=0x7ffbfeff, sa_flags=0x10000004
SIGFPE: [libjvm.so+0x542960], sa_mask[0]=0x7ffbfeff, sa_flags=0x10000004
SIGPIPE: [libjvm.so+0x542960], sa_mask[0]=0x7ffbfeff, sa_flags=0x10000004
SIGXFSZ: [libjvm.so+0x542960], sa_mask[0]=0x7ffbfeff, sa_flags=0x10000004
SIGILL: [libjvm.so+0x542960], sa_mask[0]=0x7ffbfeff, sa_flags=0x10000004
SIGUSR1: SIG_DFL, sa_mask[0]=0x00000000, sa_flags=0x00000000
SIGUSR2: [libjvm.so+0x542100], sa_mask[0]=0x00000000, sa_flags=0x10000004
SIGHUP: [libjvm.so+0x5444c0], sa_mask[0]=0x7ffbfeff, sa_flags=0x10000004
SIGINT: [libjvm.so+0x5444c0], sa_mask[0]=0x7ffbfeff, sa_flags=0x10000004
SIGTERM: [libjvm.so+0x5444c0], sa_mask[0]=0x7ffbfeff, sa_flags=0x10000004
SIGQUIT: [libjvm.so+0x5444c0], sa_mask[0]=0x7ffbfeff, sa_flags=0x10000004


---------------  S Y S T E M  ---------------

OS:Linux
uname:Linux 2.6.30-ARCH #1 SMP PREEMPT Mon Jul 20 07:46:03 CEST 2009 x86_64
libc:glibc 2.10.1 NPTL 2.10.1 
rlimit: STACK 8192k, CORE 0k, NPROC 16374, NOFILE 1024, AS infinity
load average:0.28 0.23 0.16

CPU:total 2 (2 cores per cpu, 1 threads per core) family 6 model 15 stepping 10, cmov, cx8, fxsr, mmx, sse, sse2, sse3, ssse3

Memory: 4k page, physical 2057564k(1067508k free), swap 2000084k(2000084k free)

vm_info: OpenJDK 64-Bit Server VM (14.0-b15) for linux-amd64 JRE (1.6.0_0-b16), built on Jul  2 2009 04:46:40 by "andyrtr" with gcc 4.4.0 20090526 (prerelease)

time: Tue Jul 28 13:09:49 2009
elapsed time: 602 seconds

