#
# A fatal error has been detected by the Java Runtime Environment:
#
#  SIGSEGV (0xb) at pc=0x00007fba65608e92, pid=7047, tid=140438636263232
#
# JRE version: 6.0-b16
# Java VM: OpenJDK 64-Bit Server VM (14.0-b15 interpreted mode linux-amd64 )
# Distribution: Custom build (Thu Jul  2 04:39:46 UTC 2009)
# Problematic frame:
# C  [libc.so.6+0x78e92]  strcmp+0x2
#
# If you would like to submit a bug report, please include
# instructions how to reproduce the bug and visit:
#   http://icedtea.classpath.org/bugzilla
#

---------------  T H R E A D  ---------------

Current thread is native thread

siginfo:si_signo=SIGSEGV: si_errno=0, si_code=1 (SEGV_MAPERR), si_addr=0x0000000000000000

Registers:
RAX=0x00000000043c9867, RBX=0x000000000405caa0, RCX=0x0000000002705e60, RDX=0x0000000000000000
RSP=0x00007fff02f9f6e8, RBP=0x00000000043c9100, RSI=0x0000000000000000, RDI=0x00000000043975c0
R8 =0x00007fba66409ce8, R9 =0x0000000000001b87, R10=0x0000000000000001, R11=0x00007fba2628bb40
R12=0x0000000004352200, R13=0x00000000043975c0, R14=0x00000000043c7e80, R15=0x0000000003568670
RIP=0x00007fba65608e92, EFL=0x0000000000010206, CSGSFS=0x0000000000000033, ERR=0x0000000000000004
  TRAPNO=0x000000000000000e

Top of Stack: (sp=0x00007fff02f9f6e8)
0x00007fff02f9f6e8:   00007fba65d5e399 000000000405caa0
0x00007fff02f9f6f8:   00007fba25e363d9 0000000000000000
0x00007fff02f9f708:   00007fba6aa04abd 0000000000000000
0x00007fff02f9f718:   00000001043c9100 0000000000000001
0x00007fff02f9f728:   00000000043c6b40 0000000000000000
0x00007fff02f9f738:   0000000004413920 0000000000000001
0x00007fff02f9f748:   00007fff02f9f890 0000000000000000
0x00007fff02f9f758:   00007fba661d31fe 0000000000000000
0x00007fff02f9f768:   0000000004385400 0000000004385400
0x00007fff02f9f778:   00007fba65d591c1 0000000004385448
0x00007fff02f9f788:   0000000000000002 0000000040000002
0x00007fff02f9f798:   0000000000000002 00007fff02f9f900
0x00007fff02f9f7a8:   0000000000000000 0000000000000001
0x00007fff02f9f7b8:   000000000276b0f0 00000000014c6070
0x00007fff02f9f7c8:   00000000014c6070 000000000060e980
0x00007fff02f9f7d8:   0000000000000000 00007fba658ed0e0
0x00007fff02f9f7e8:   00007fba661e7213 0000000200000030
0x00007fff02f9f7f8:   0000000000000048 000000000405ac01
0x00007fff02f9f808:   0000000000000020 00007fff02f9f8b0
0x00007fff02f9f818:   00007fff02f9f890 0000000004413920
0x00007fff02f9f828:   0000000067e8516f 0000000000000000
0x00007fff02f9f838:   00007fff02f9f8d0 0000000003568670
0x00007fff02f9f848:   000000000276b080 0000000000003596
0x00007fff02f9f858:   000000000276b0f0 0000018300000000
0x00007fff02f9f868:   0000000000000000 0000000000000000
0x00007fff02f9f878:   00007fff02f9f880 00007fff02f9fcd0
0x00007fff02f9f888:   0000000003568670 0000000000000183
0x00007fff02f9f898:   0000000100000001 0000000000000004
0x00007fff02f9f8a8:   0000000001495a38 0000000000000183
0x00007fff02f9f8b8:   0000000003568670 0000000003568670
0x00007fff02f9f8c8:   00007fba661d5305 0000000000000000
0x00007fff02f9f8d8:   0000000000000000 0000000000000000 

Instructions: (pc=0x00007fba65608e92)
0x00007fba65608e82:   44 17 f0 39 d1 74 02 31 c0 c3 90 90 90 90 8a 07
0x00007fba65608e92:   3a 06 75 0d 48 ff c7 48 ff c6 84 c0 75 f0 31 c0 

Stack: [0x00007fff02ea1000,0x00007fff02fa1000],  sp=0x00007fff02f9f6e8,  free space=1017k
Native frames: (J=compiled Java code, j=interpreted, Vv=VM code, C=native code)
C  [libc.so.6+0x78e92]  strcmp+0x2


---------------  P R O C E S S  ---------------

VM state:not at safepoint (normal execution)

VM Mutex/Monitor currently owned by a thread: None

Heap
 PSYoungGen      total 9408K, used 488K [0x00007fba48f00000, 0x00007fba49970000, 0x00007fba53700000)
  eden space 8128K, 6% used [0x00007fba48f00000,0x00007fba48f7a078,0x00007fba496f0000)
  from space 1280K, 0% used [0x00007fba49830000,0x00007fba49830000,0x00007fba49970000)
  to   space 1280K, 0% used [0x00007fba496f0000,0x00007fba496f0000,0x00007fba49830000)
 PSOldGen        total 21504K, used 0K [0x00007fba33f00000, 0x00007fba35400000, 0x00007fba48f00000)
  object space 21504K, 0% used [0x00007fba33f00000,0x00007fba33f00000,0x00007fba35400000)
 PSPermGen       total 21248K, used 2832K [0x00007fba29700000, 0x00007fba2abc0000, 0x00007fba33f00000)
  object space 21248K, 13% used [0x00007fba29700000,0x00007fba299c43c8,0x00007fba2abc0000)

Dynamic libraries:
00400000-0040e000 r-xp 00000000 08:02 354                                /usr/bin/anjuta
0060d000-0060f000 rw-p 0000d000 08:02 354                                /usr/bin/anjuta
0060f000-00611000 rw-p 00000000 00:00 0 
0148d000-044c4000 rw-p 00000000 00:00 0                                  [heap]
7fba233f3000-7fba235f4000 rw-p 00000000 00:00 0 
7fba235f4000-7fba2361f000 r-xp 00000000 08:02 97225                      /usr/lib/gtk-2.0/2.10.0/engines/libclearlooks.so
7fba2361f000-7fba2381f000 ---p 0002b000 08:02 97225                      /usr/lib/gtk-2.0/2.10.0/engines/libclearlooks.so
7fba2381f000-7fba23820000 rw-p 0002b000 08:02 97225                      /usr/lib/gtk-2.0/2.10.0/engines/libclearlooks.so
7fba23820000-7fba23829000 r-xp 00000000 08:02 25543                      /usr/lib/gtk-2.0/2.10.0/engines/libpixmap.so
7fba23829000-7fba23a29000 ---p 00009000 08:02 25543                      /usr/lib/gtk-2.0/2.10.0/engines/libpixmap.so
7fba23a29000-7fba23a2a000 rw-p 00009000 08:02 25543                      /usr/lib/gtk-2.0/2.10.0/engines/libpixmap.so
7fba23a3a000-7fba23c3b000 rw-p 00000000 00:00 0 
7fba23c3b000-7fba23c6a000 r--p 00000000 08:02 140909                     /usr/share/fonts/TTF/DroidSans-Bold.ttf
7fba23c6a000-7fba23c76000 r-xp 00000000 08:02 3294                       /usr/lib/libtrackerclient.so.0.695.0
7fba23c76000-7fba23e75000 ---p 0000c000 08:02 3294                       /usr/lib/libtrackerclient.so.0.695.0
7fba23e75000-7fba23e76000 rw-p 0000b000 08:02 3294                       /usr/lib/libtrackerclient.so.0.695.0
7fba23e8e000-7fba23eee000 rw-s 00000000 00:08 2031654                    /SYSV00000000 (deleted)
7fba23eee000-7fba240ef000 rw-p 00000000 00:00 0 
7fba240ef000-7fba240f0000 ---p 00000000 00:00 0 
7fba240f0000-7fba248f0000 rwxp 00000000 00:00 0 
7fba248f0000-7fba248f1000 ---p 00000000 00:00 0 
7fba248f1000-7fba250f1000 rwxp 00000000 00:00 0 
7fba250f1000-7fba252f2000 rw-p 00000000 00:00 0 
7fba252f2000-7fba25301000 r-xp 00000000 08:02 6846                       /lib/libbz2.so.1.0.4
7fba25301000-7fba25500000 ---p 0000f000 08:02 6846                       /lib/libbz2.so.1.0.4
7fba25500000-7fba25502000 rw-p 0000e000 08:02 6846                       /lib/libbz2.so.1.0.4
7fba25502000-7fba2553a000 r-xp 00000000 08:02 86047                      /usr/lib/libcroco-0.6.so.3.0.1
7fba2553a000-7fba2573a000 ---p 00038000 08:02 86047                      /usr/lib/libcroco-0.6.so.3.0.1
7fba2573a000-7fba2573e000 rw-p 00038000 08:02 86047                      /usr/lib/libcroco-0.6.so.3.0.1
7fba2573e000-7fba25778000 r-xp 00000000 08:02 86106                      /usr/lib/libgsf-1.so.114.0.14
7fba25778000-7fba25977000 ---p 0003a000 08:02 86106                      /usr/lib/libgsf-1.so.114.0.14
7fba25977000-7fba2597c000 rw-p 00039000 08:02 86106                      /usr/lib/libgsf-1.so.114.0.14
7fba2597c000-7fba2597d000 rw-p 00000000 00:00 0 
7fba2597d000-7fba259b2000 r-xp 00000000 08:02 86196                      /usr/lib/librsvg-2.so.2.26.0
7fba259b2000-7fba25bb2000 ---p 00035000 08:02 86196                      /usr/lib/librsvg-2.so.2.26.0
7fba25bb2000-7fba25bb4000 rw-p 00035000 08:02 86196                      /usr/lib/librsvg-2.so.2.26.0
7fba25bcc000-7fba25bce000 r-xp 00000000 08:02 86200                      /usr/lib/gtk-2.0/2.10.0/loaders/svg_loader.so
7fba25bce000-7fba25dcd000 ---p 00002000 08:02 86200                      /usr/lib/gtk-2.0/2.10.0/loaders/svg_loader.so
7fba25dcd000-7fba25dce000 rw-p 00001000 08:02 86200                      /usr/lib/gtk-2.0/2.10.0/loaders/svg_loader.so
7fba25dce000-7fba25e2e000 rw-s 00000000 00:08 1998877                    /SYSV00000000 (deleted)
7fba25e2e000-7fba25e39000 r-xp 00000000 08:02 262458                     /usr/lib/anjuta/libanjuta-language-cpp-java.so
7fba25e39000-7fba26039000 ---p 0000b000 08:02 262458                     /usr/lib/anjuta/libanjuta-language-cpp-java.so
7fba26039000-7fba2603a000 rw-p 0000b000 08:02 262458                     /usr/lib/anjuta/libanjuta-language-cpp-java.so
7fba2603a000-7fba2607e000 r-xp 00000000 08:02 132678                     /usr/lib/libgtksourceview-2.0.so.0.0.0
7fba2607e000-7fba2627d000 ---p 00044000 08:02 132678                     /usr/lib/libgtksourceview-2.0.so.0.0.0
7fba2627d000-7fba2627f000 rw-p 00043000 08:02 132678                     /usr/lib/libgtksourceview-2.0.so.0.0.0
7fba2627f000-7fba2629b000 r-xp 00000000 08:02 262424                     /usr/lib/anjuta/libanjuta-sourceview.so
7fba2629b000-7fba2649a000 ---p 0001c000 08:02 262424                     /usr/lib/anjuta/libanjuta-sourceview.so
7fba2649a000-7fba2649c000 rw-p 0001b000 08:02 262424                     /usr/lib/anjuta/libanjuta-sourceview.so
7fba2649c000-7fba264b2000 r-xp 00000000 08:02 262469                     /usr/lib/anjuta/libgbf-am.so
7fba264b2000-7fba266b2000 ---p 00016000 08:02 262469                     /usr/lib/anjuta/libgbf-am.so
7fba266b2000-7fba266b3000 rw-p 00016000 08:02 262469                     /usr/lib/anjuta/libgbf-am.so
7fba266b3000-7fba266c3000 r-xp 00000000 08:02 262479                     /usr/lib/anjuta/libgbf-mkfile.so
7fba266c3000-7fba268c2000 ---p 00010000 08:02 262479                     /usr/lib/anjuta/libgbf-mkfile.so
7fba268c2000-7fba268c3000 rw-p 0000f000 08:02 262479                     /usr/lib/anjuta/libgbf-mkfile.so
7fba268c3000-7fba26919000 r-xp 00000000 08:02 4103                       /lib/libncursesw.so.5.7
7fba26919000-7fba26b18000 ---p 00056000 08:02 4103                       /lib/libncursesw.so.5.7
7fba26b18000-7fba26b1d000 rw-p 00055000 08:02 4103                       /lib/libncursesw.so.5.7
7fba26b1d000-7fba26c3c000 r-xp 00000000 08:02 115730                     /usr/lib/libvte.so.9.6.0
7fba26c3c000-7fba26e3b000 ---p 0011f000 08:02 115730                     /usr/lib/libvte.so.9.6.0
7fba26e3b000-7fba26e40000 rw-p 0011e000 08:02 115730                     /usr/lib/libvte.so.9.6.0
7fba26e40000-7fba26e46000 r-xp 00000000 08:02 262457                     /usr/lib/anjuta/libanjuta-terminal.so
7fba26e46000-7fba27046000 ---p 00006000 08:02 262457                     /usr/lib/anjuta/libanjuta-terminal.so
7fba27046000-7fba27047000 rw-p 00006000 08:02 262457                     /usr/lib/anjuta/libanjuta-terminal.so
7fba27047000-7fba27051000 r-xp 00000000 08:02 262460                     /usr/lib/anjuta/libanjuta-macro.so
7fba27051000-7fba27250000 ---p 0000a000 08:02 262460                     /usr/lib/anjuta/libanjuta-macro.so
7fba27250000-7fba27251000 rw-p 00009000 08:02 262460                     /usr/lib/anjuta/libanjuta-macro.so
7fba27251000-7fba2728e000 r-xp 00000000 08:02 262465                     /usr/lib/anjuta/libanjuta-debug-manager.so
7fba2728e000-7fba2748d000 ---p 0003d000 08:02 262465                     /usr/lib/anjuta/libanjuta-debug-manager.so
7fba2748d000-7fba27490000 rw-p 0003c000 08:02 262465                     /usr/lib/anjuta/libanjuta-debug-manager.so
7fba27490000-7fba274c9000 r-xp 00000000 08:02 115005                     /usr/lib/libxslt.so.1.1.24
7fba274c9000-7fba276c8000 ---p 00039000 08:02 115005                     /usr/lib/libxslt.so.1.1.24
7fba276c8000-7fba276ca000 rw-p 00038000 08:02 115005                     /usr/lib/libxslt.so.1.1.24
7fba276ca000-7fba276ed000 r-xp 00000000 08:02 262448                     /usr/lib/anjuta/libanjuta-gtodo.so
7fba276ed000-7fba278ec000 ---p 00023000 08:02 262448                     /usr/lib/anjuta/libanjuta-gtodo.so
7fba278ec000-7fba278ee000 rw-p 00022000 08:02 262448                     /usr/lib/anjuta/libanjuta-gtodo.so
7fba278ee000-7fba27902000 r-xp 00000000 08:02 262446                     /usr/lib/anjuta/libanjuta-build-basic-autotools.so
7fba27902000-7fba27b02000 ---p 00014000 08:02 262446                     /usr/lib/anjuta/libanjuta-build-basic-autotools.so
7fba27b02000-7fba27b04000 rw-p 00014000 08:02 262446                     /usr/lib/anjuta/libanjuta-build-basic-autotools.so
7fba27b04000-7fba27b11000 r-xp 00000000 08:02 262481                     /usr/lib/anjuta/libanjuta-message-view.so
7fba27b11000-7fba27d11000 ---p 0000d000 08:02 262481                     /usr/lib/anjuta/libanjuta-message-view.so
7fba27d11000-7fba27d12000 rw-p 0000d000 08:02 262481                     /usr/lib/anjuta/libanjuta-message-view.so
7fba27d12000-7fba27d15000 r-xp 00000000 08:02 262430                     /usr/lib/anjuta/liblanguage-manager.so
7fba27d15000-7fba27f14000 ---p 00003000 08:02 262430                     /usr/lib/anjuta/liblanguage-manager.so
7fba27f14000-7fba27f15000 rw-p 00002000 08:02 262430                     /usr/lib/anjuta/liblanguage-manager.so
7fba27f15000-7fba27f16000 ---p 00000000 00:00 0 
7fba27f16000-7fba28716000 rwxp 00000000 00:00 0 
7fba28716000-7fba28717000 r-xp 00000000 08:02 139232                     /usr/lib/libgda-4.0/providers/libgda-sqlite.so
7fba28717000-7fba28916000 ---p 00001000 08:02 139232                     /usr/lib/libgda-4.0/providers/libgda-sqlite.so
7fba28916000-7fba28917000 rw-p 00000000 08:02 139232                     /usr/lib/libgda-4.0/providers/libgda-sqlite.so
7fba28917000-7fba28919000 r--s 00007000 08:02 139233                     /usr/lib/libgda-4.0/providers/gdaprovider-4.0.jar
7fba28919000-7fba2891a000 ---p 00000000 00:00 0 
7fba2891a000-7fba28a1a000 rwxp 00000000 00:00 0 
7fba28a1a000-7fba28a1d000 ---p 00000000 00:00 0 
7fba28a1d000-7fba28b1b000 rwxp 00000000 00:00 0 
7fba28b1b000-7fba28b1e000 ---p 00000000 00:00 0 
7fba28b1e000-7fba28c1c000 rwxp 00000000 00:00 0 
7fba28c1c000-7fba28c1f000 ---p 00000000 00:00 0 
7fba28c1f000-7fba28d1d000 rwxp 00000000 00:00 0 
7fba28d1d000-7fba28d20000 ---p 00000000 00:00 0 
7fba28d20000-7fba28e1e000 rwxp 00000000 00:00 0 
7fba28e1e000-7fba28e21000 ---p 00000000 00:00 0 
7fba28e21000-7fba28f1f000 rwxp 00000000 00:00 0 
7fba28f1f000-7fba28f22000 ---p 00000000 00:00 0 
7fba28f22000-7fba29020000 rwxp 00000000 00:00 0 
7fba29020000-7fba29021000 ---p 00000000 00:00 0 
7fba29021000-7fba29121000 rwxp 00000000 00:00 0 
7fba29121000-7fba292b1000 r--s 03852000 08:02 286050                     /usr/lib/jvm/java-1.6.0-openjdk/jre/lib/rt.jar
7fba292b1000-7fba292b2000 ---p 00000000 00:00 0 
7fba292b2000-7fba293b2000 rwxp 00000000 00:00 0 
7fba293b2000-7fba293b3000 ---p 00000000 00:00 0 
7fba293b3000-7fba294be000 rwxp 00000000 00:00 0 
7fba294be000-7fba29507000 rwxp 00000000 00:00 0 
7fba29507000-7fba29512000 rwxp 00000000 00:00 0 
7fba29512000-7fba295af000 rwxp 00000000 00:00 0 
7fba295af000-7fba295ba000 rwxp 00000000 00:00 0 
7fba295ba000-7fba29603000 rwxp 00000000 00:00 0 
7fba29603000-7fba2960e000 rwxp 00000000 00:00 0 
7fba2960e000-7fba296ab000 rwxp 00000000 00:00 0 
7fba296ab000-7fba296b1000 rwxp 00000000 00:00 0 
7fba296b1000-7fba296ff000 rwxp 00000000 00:00 0 
7fba296ff000-7fba2abc0000 rwxp 00000000 00:00 0 
7fba2abc0000-7fba33f00000 rwxp 00000000 00:00 0 
7fba33f00000-7fba35400000 rwxp 00000000 00:00 0 
7fba35400000-7fba48f00000 rwxp 00000000 00:00 0 
7fba48f00000-7fba49970000 rwxp 00000000 00:00 0 
7fba49970000-7fba53700000 rwxp 00000000 00:00 0 
7fba53705000-7fba5370f000 rwxp 00000000 00:00 0 
7fba5370f000-7fba537c5000 rwxp 00000000 00:00 0 
7fba537c5000-7fba53a35000 rwxp 00000000 00:00 0 
7fba53a35000-7fba567c5000 rwxp 00000000 00:00 0 
7fba567c5000-7fba567cc000 r-xp 00000000 08:02 286556                     /usr/lib/jvm/java-1.6.0-openjdk/jre/lib/amd64/libzip.so
7fba567cc000-7fba569cb000 ---p 00007000 08:02 286556                     /usr/lib/jvm/java-1.6.0-openjdk/jre/lib/amd64/libzip.so
7fba569cb000-7fba569cc000 rw-p 00006000 08:02 286556                     /usr/lib/jvm/java-1.6.0-openjdk/jre/lib/amd64/libzip.so
7fba569cc000-7fba569d4000 r-xp 00000000 08:02 286568                     /usr/lib/jvm/java-1.6.0-openjdk/jre/lib/amd64/native_threads/libhpi.so
7fba569d4000-7fba56bd3000 ---p 00008000 08:02 286568                     /usr/lib/jvm/java-1.6.0-openjdk/jre/lib/amd64/native_threads/libhpi.so
7fba56bd3000-7fba56bd5000 rw-p 00007000 08:02 286568                     /usr/lib/jvm/java-1.6.0-openjdk/jre/lib/amd64/native_threads/libhpi.so
7fba56bd5000-7fba56bea000 r-xp 00000000 08:02 562                        /lib/libnsl-2.10.1.so
7fba56bea000-7fba56de9000 ---p 00015000 08:02 562                        /lib/libnsl-2.10.1.so
7fba56de9000-7fba56dea000 r--p 00014000 08:02 562                        /lib/libnsl-2.10.1.so
7fba56dea000-7fba56deb000 rw-p 00015000 08:02 562                        /lib/libnsl-2.10.1.so
7fba56deb000-7fba56ded000 rw-p 00000000 00:00 0 
7fba56ded000-7fba56e19000 r-xp 00000000 08:02 286557                     /usr/lib/jvm/java-1.6.0-openjdk/jre/lib/amd64/libjava.so
7fba56e19000-7fba57019000 ---p 0002c000 08:02 286557                     /usr/lib/jvm/java-1.6.0-openjdk/jre/lib/amd64/libjava.so
7fba57019000-7fba5701d000 rw-p 0002c000 08:02 286557                     /usr/lib/jvm/java-1.6.0-openjdk/jre/lib/amd64/libjava.so
7fba5701d000-7fba5702b000 r-xp 00000000 08:02 286558                     /usr/lib/jvm/java-1.6.0-openjdk/jre/lib/amd64/libverify.so
7fba5702b000-7fba5722b000 ---p 0000e000 08:02 286558                     /usr/lib/jvm/java-1.6.0-openjdk/jre/lib/amd64/libverify.so
7fba5722b000-7fba5722d000 rw-p 0000e000 08:02 286558                     /usr/lib/jvm/java-1.6.0-openjdk/jre/lib/amd64/libverify.so
7fba5722d000-7fba579e4000 r-xp 00000000 08:02 286565                     /usr/lib/jvm/java-1.6.0-openjdk/jre/lib/amd64/server/libjvm.so
7fba579e4000-7fba57be4000 ---p 007b7000 08:02 286565                     /usr/lib/jvm/java-1.6.0-openjdk/jre/lib/amd64/server/libjvm.so
7fba57be4000-7fba57c6a000 rw-p 007b7000 08:02 286565                     /usr/lib/jvm/java-1.6.0-openjdk/jre/lib/amd64/server/libjvm.so
7fba57c6a000-7fba57ca6000 rw-p 00000000 00:00 0 
7fba57ca6000-7fba57df4000 r-xp 00000000 08:02 41138                      /usr/lib/libgda-4.0.so.4.0.0
7fba57df4000-7fba57ff4000 ---p 0014e000 08:02 41138                      /usr/lib/libgda-4.0.so.4.0.0
7fba57ff4000-7fba57ffe000 rw-p 0014e000 08:02 41138                      /usr/lib/libgda-4.0.so.4.0.0
7fba57ffe000-7fba58000000 rw-p 00000000 00:00 0 
7fba58000000-7fba58025000 rw-p 00000000 00:00 0 
7fba58025000-7fba5c000000 ---p 00000000 00:00 0 
7fba5c00e000-7fba5c01d000 r--p 00000000 08:02 135546                     /usr/share/fonts/TTF/ttf-inconsolata.otf
7fba5c01d000-7fba5c033000 r-xp 00000000 08:02 139234                     /usr/lib/libgda-4.0/providers/libgda-jdbc.so
7fba5c033000-7fba5c232000 ---p 00016000 08:02 139234                     /usr/lib/libgda-4.0/providers/libgda-jdbc.so
7fba5c232000-7fba5c234000 rw-p 00015000 08:02 139234                     /usr/lib/libgda-4.0/providers/libgda-jdbc.so
7fba5c234000-7fba5c271000 r-xp 00000000 08:02 262426                     /usr/lib/anjuta/libanjuta-symbol-db.so
7fba5c271000-7fba5c471000 ---p 0003d000 08:02 262426                     /usr/lib/anjuta/libanjuta-symbol-db.so
7fba5c471000-7fba5c473000 rw-p 0003d000 08:02 262426                     /usr/lib/anjuta/libanjuta-symbol-db.so
7fba5c473000-7fba5c47c000 r-xp 00000000 08:02 262451                     /usr/lib/anjuta/libanjuta-run-program.so
7fba5c47c000-7fba5c67c000 ---p 00009000 08:02 262451                     /usr/lib/anjuta/libanjuta-run-program.so
7fba5c67c000-7fba5c67d000 rw-p 00009000 08:02 262451                     /usr/lib/anjuta/libanjuta-run-program.so
7fba5c67d000-7fba5c67e000 ---p 00000000 00:00 0 
7fba5c67e000-7fba5ce7e000 rwxp 00000000 00:00 0 
7fba5ce7e000-7fba5ce89000 r-xp 00000000 08:02 262490                     /usr/lib/anjuta/libfile-manager.so.0.0.0
7fba5ce89000-7fba5d088000 ---p 0000b000 08:02 262490                     /usr/lib/anjuta/libfile-manager.so.0.0.0
7fba5d088000-7fba5d089000 rw-p 0000a000 08:02 262490                     /usr/lib/anjuta/libfile-manager.so.0.0.0
7fba5d089000-7fba5d099000 r-xp 00000000 08:02 262477                     /usr/lib/anjuta/libanjuta-search.so
7fba5d099000-7fba5d298000 ---p 00010000 08:02 262477                     /usr/lib/anjuta/libanjuta-search.so
7fba5d298000-7fba5d29a000 rw-p 0000f000 08:02 262477                     /usr/lib/anjuta/libanjuta-search.so
7fba5d29a000-7fba5d29f000 r-xp 00000000 08:02 262435                     /usr/lib/anjuta/libanjuta-file-wizard.so
7fba5d29f000-7fba5d49e000 ---p 00005000 08:02 262435                     /usr/lib/anjuta/libanjuta-file-wizard.so
7fba5d49e000-7fba5d49f000 rw-p 00004000 08:02 262435                     /usr/lib/anjuta/libanjuta-file-wizard.so
7fba5d49f000-7fba5d4ac000 r--p 00000000 08:02 140859                     /usr/share/fonts/TTF/VeraMono.ttf
7fba5d4ac000-7fba5d4db000 r--p 00000000 08:02 140911                     /usr/share/fonts/TTF/DroidSans.ttf
7fba5d4db000-7fba5d4f0000 r--s 00000000 08:02 89505                      /var/cache/fontconfig/8d4af663993b81a124ee82e610bb31f9-x86-64.cache-2
7fba5d4f0000-7fba5d4f8000 r--s 00000000 08:02 92181                      /var/cache/fontconfig/d62e99ef547d1d24cdb1bd22ec1a2976-x86-64.cache-2
7fba5d4f8000-7fba5d50b000 r--s 00000000 08:02 92180                      /var/cache/fontconfig/f6b893a7224233d96cb72fd88691c0b4-x86-64.cache-2
7fba5d50b000-7fba5d567000 r--s 00000000 08:02 92179                      /var/cache/fontconfig/17090aa38d5c6f09fb8c5c354938f1d7-x86-64.cache-2
7fba5d567000-7fba5d5c3000 r--s 00000000 08:02 89848                      /var/cache/fontconfig/df311e82a1a24c41a75c2c930223552e-x86-64.cache-2
7fba5d5c3000-7fba5d5e4000 r-xp 00000000 08:02 262468                     /usr/lib/anjuta/libanjuta-document-manager.so
7fba5d5e4000-7fba5d7e3000 ---p 00021000 08:02 262468                     /usr/lib/anjuta/libanjuta-document-manager.so
7fba5d7e3000-7fba5d7e6000 rw-p 00020000 08:02 262468                     /usr/lib/anjuta/libanjuta-document-manager.so
7fba5d7e6000-7fba5d7eb000 r-xp 00000000 08:02 262427                     /usr/lib/anjuta/libanjuta-starter.so
7fba5d7eb000-7fba5d9eb000 ---p 00005000 08:02 262427                     /usr/lib/anjuta/libanjuta-starter.so
7fba5d9eb000-7fba5d9ec000 rw-p 00005000 08:02 262427                     /usr/lib/anjuta/libanjuta-starter.so
7fba5d9ec000-7fba5da02000 r-xp 00000000 08:02 262437                     /usr/lib/anjuta/libanjuta-project-manager.so
7fba5da02000-7fba5dc01000 ---p 00016000 08:02 262437                     /usr/lib/anjuta/libanjuta-project-manager.so
7fba5dc01000-7fba5dc03000 rw-p 00015000 08:02 262437                     /usr/lib/anjuta/libanjuta-project-manager.so
7fba5dc03000-7fba5dc09000 r-xp 00000000 08:02 25538                      /usr/lib/gtk-2.0/2.10.0/loaders/libpixbufloader-xpm.so
7fba5dc09000-7fba5de08000 ---p 00006000 08:02 25538                      /usr/lib/gtk-2.0/2.10.0/loaders/libpixbufloader-xpm.so
7fba5de08000-7fba5de09000 rw-p 00005000 08:02 25538                      /usr/lib/gtk-2.0/2.10.0/loaders/libpixbufloader-xpm.so
7fba5de09000-7fba5de17000 r-xp 00000000 08:02 262461                     /usr/lib/anjuta/libanjuta-loader.so
7fba5de17000-7fba5e017000 ---p 0000e000 08:02 262461                     /usr/lib/anjuta/libanjuta-loader.so
7fba5e017000-7fba5e018000 rw-p 0000e000 08:02 262461                     /usr/lib/anjuta/libanjuta-loader.so
7fba5e018000-7fba5e029000 r-xp 00000000 08:02 124825                     /usr/lib/gio/modules/libgioremote-volume-monitor.so
7fba5e029000-7fba5e228000 ---p 00011000 08:02 124825                     /usr/lib/gio/modules/libgioremote-volume-monitor.so
7fba5e228000-7fba5e229000 rw-p 00010000 08:02 124825                     /usr/lib/gio/modules/libgioremote-volume-monitor.so
7fba5e229000-7fba5e23e000 r-xp 00000000 08:02 124800                     /usr/lib/libgvfscommon.so.0.0.0
7fba5e23e000-7fba5e43e000 ---p 00015000 08:02 124800                     /usr/lib/libgvfscommon.so.0.0.0
7fba5e43e000-7fba5e43f000 rw-p 00015000 08:02 124800                     /usr/lib/libgvfscommon.so.0.0.0
7fba5e43f000-7fba5e45c000 r-xp 00000000 08:02 124824                     /usr/lib/gio/modules/libgvfsdbus.so
7fba5e45c000-7fba5e65c000 ---p 0001d000 08:02 124824                     /usr/lib/gio/modules/libgvfsdbus.so
7fba5e65c000-7fba5e65d000 rw-p 0001d000 08:02 124824                     /usr/lib/gio/modules/libgvfsdbus.so
7fba5e65d000-7fba5e7fb000 r--p 00000000 08:02 25771                      /usr/share/icons/hicolor/icon-theme.cache
7fba5e7fb000-7fba5e81d000 r-xp 00000000 08:02 3477                       /usr/lib/gtk-2.0/2.10.0/engines/libmurrine.so
7fba5e81d000-7fba5ea1d000 ---p 00022000 08:02 3477                       /usr/lib/gtk-2.0/2.10.0/engines/libmurrine.so
7fba5ea1d000-7fba5ea1e000 rw-p 00022000 08:02 3477                       /usr/lib/gtk-2.0/2.10.0/engines/libmurrine.so
7fba5ea1e000-7fba5ea27000 r-xp 00000000 08:02 25767                      /usr/lib/libltdl.so.7.2.0
7fba5ea27000-7fba5ec26000 ---p 00009000 08:02 25767                      /usr/lib/libltdl.so.7.2.0
7fba5ec26000-7fba5ec27000 rw-p 00008000 08:02 25767                      /usr/lib/libltdl.so.7.2.0
7fba5ec27000-7fba5ec34000 r-xp 00000000 08:02 30988                      /usr/lib/libtdb.so.1.1.2
7fba5ec34000-7fba5ee33000 ---p 0000d000 08:02 30988                      /usr/lib/libtdb.so.1.1.2
7fba5ee33000-7fba5ee34000 rw-p 0000c000 08:02 30988                      /usr/lib/libtdb.so.1.1.2
7fba5ee34000-7fba5ee39000 r-xp 00000000 08:02 100317                     /usr/lib/libogg.so.0.5.3
7fba5ee39000-7fba5f038000 ---p 00005000 08:02 100317                     /usr/lib/libogg.so.0.5.3
7fba5f038000-7fba5f039000 rw-p 00004000 08:02 100317                     /usr/lib/libogg.so.0.5.3
7fba5f039000-7fba5f058000 r-xp 00000000 08:02 100449                     /usr/lib/libvorbis.so.0.4.1
7fba5f058000-7fba5f257000 ---p 0001f000 08:02 100449                     /usr/lib/libvorbis.so.0.4.1
7fba5f257000-7fba5f266000 rw-p 0001e000 08:02 100449                     /usr/lib/libvorbis.so.0.4.1
7fba5f266000-7fba5f26d000 r-xp 00000000 08:02 100452                     /usr/lib/libvorbisfile.so.3.3.0
7fba5f26d000-7fba5f46c000 ---p 00007000 08:02 100452                     /usr/lib/libvorbisfile.so.3.3.0
7fba5f46c000-7fba5f46d000 rw-p 00006000 08:02 100452                     /usr/lib/libvorbisfile.so.3.3.0
7fba5f46d000-7fba5f47c000 r-xp 00000000 08:02 25776                      /usr/lib/libcanberra.so.0.1.6
7fba5f47c000-7fba5f67c000 ---p 0000f000 08:02 25776                      /usr/lib/libcanberra.so.0.1.6
7fba5f67c000-7fba5f67d000 rw-p 0000f000 08:02 25776                      /usr/lib/libcanberra.so.0.1.6
7fba5f67d000-7fba5f680000 r-xp 00000000 08:02 25779                      /usr/lib/libcanberra-gtk.so.0.1.0
7fba5f680000-7fba5f880000 ---p 00003000 08:02 25779                      /usr/lib/libcanberra-gtk.so.0.1.0
7fba5f880000-7fba5f881000 rw-p 00003000 08:02 25779                      /usr/lib/libcanberra-gtk.so.0.1.0
7fba5f881000-7fba5f886000 r-xp 00000000 08:02 25782                      /usr/lib/gtk-2.0/modules/libcanberra-gtk-module.so
7fba5f886000-7fba5fa85000 ---p 00005000 08:02 25782                      /usr/lib/gtk-2.0/modules/libcanberra-gtk-module.so
7fba5fa85000-7fba5fa86000 rw-p 00004000 08:02 25782                      /usr/lib/gtk-2.0/modules/libcanberra-gtk-module.so
7fba5fa86000-7fba5fa91000 r-xp 00000000 08:02 555                        /lib/libnss_files-2.10.1.so
7fba5fa91000-7fba5fc90000 ---p 0000b000 08:02 555                        /lib/libnss_files-2.10.1.so
7fba5fc90000-7fba5fc91000 r--p 0000a000 08:02 555                        /lib/libnss_files-2.10.1.so
7fba5fc91000-7fba5fc92000 rw-p 0000b000 08:02 555                        /lib/libnss_files-2.10.1.so
7fba5fc92000-7fba5ff7d000 r--p 00000000 08:02 898                        /usr/lib/locale/locale-archive
7fba5ff7d000-7fba5ff82000 r-xp 00000000 08:02 51644                      /usr/lib/libXdmcp.so.6.0.0
7fba5ff82000-7fba60181000 ---p 00005000 08:02 51644                      /usr/lib/libXdmcp.so.6.0.0
7fba60181000-7fba60182000 rw-p 00004000 08:02 51644                      /usr/lib/libXdmcp.so.6.0.0
7fba60182000-7fba60184000 r-xp 00000000 08:02 51652                      /usr/lib/libXau.so.6.0.0
7fba60184000-7fba60383000 ---p 00002000 08:02 51652                      /usr/lib/libXau.so.6.0.0
7fba60383000-7fba60384000 rw-p 00001000 08:02 51652                      /usr/lib/libXau.so.6.0.0
7fba60384000-7fba60462000 r-xp 00000000 08:02 84938                      /usr/lib/libasound.so.2.0.0
7fba60462000-7fba60661000 ---p 000de000 08:02 84938                      /usr/lib/libasound.so.2.0.0
7fba60661000-7fba60669000 rw-p 000dd000 08:02 84938                      /usr/lib/libasound.so.2.0.0
7fba60669000-7fba6066b000 r-xp 00000000 08:02 1050                       /usr/lib/libssp.so.0.0.0
7fba6066b000-7fba6086a000 ---p 00002000 08:02 1050                       /usr/lib/libssp.so.0.0.0
7fba6086a000-7fba6086b000 rw-p 00001000 08:02 1050                       /usr/lib/libssp.so.0.0.0
7fba6086b000-7fba60892000 r-xp 00000000 08:02 33786                      /usr/lib/libexpat.so.1.5.2
7fba60892000-7fba60a91000 ---p 00027000 08:02 33786                      /usr/lib/libexpat.so.1.5.2
7fba60a91000-7fba60a94000 rw-p 00026000 08:02 33786                      /usr/lib/libexpat.so.1.5.2
7fba60a94000-7fba60aaf000 r-xp 00000000 08:02 51774                      /usr/lib/libxcb.so.1.1.0
7fba60aaf000-7fba60caf000 ---p 0001b000 08:02 51774                      /usr/lib/libxcb.so.1.1.0
7fba60caf000-7fba60cb0000 rw-p 0001b000 08:02 51774                      /usr/lib/libxcb.so.1.1.0
7fba60cb0000-7fba60cb7000 r-xp 00000000 08:02 51732                      /usr/lib/libxcb-render.so.0.0.0
7fba60cb7000-7fba60eb7000 ---p 00007000 08:02 51732                      /usr/lib/libxcb-render.so.0.0.0
7fba60eb7000-7fba60eb8000 rw-p 00007000 08:02 51732                      /usr/lib/libxcb-render.so.0.0.0
7fba60eb8000-7fba60ebb000 r-xp 00000000 08:02 69783                      /usr/lib/libxcb-render-util.so.0.0.0
7fba60ebb000-7fba610ba000 ---p 00003000 08:02 69783                      /usr/lib/libxcb-render-util.so.0.0.0
7fba610ba000-7fba610bb000 rw-p 00002000 08:02 69783                      /usr/lib/libxcb-render-util.so.0.0.0
7fba610bb000-7fba610fe000 r-xp 00000000 08:02 54910                      /usr/lib/libpixman-1.so.0.14.0
7fba610fe000-7fba612fd000 ---p 00043000 08:02 54910                      /usr/lib/libpixman-1.so.0.14.0
7fba612fd000-7fba61300000 rw-p 00042000 08:02 54910                      /usr/lib/libpixman-1.so.0.14.0
7fba61300000-7fba61328000 r-xp 00000000 08:02 13914                      /usr/lib/libpng12.so.0.38.0
7fba61328000-7fba61527000 ---p 00028000 08:02 13914                      /usr/lib/libpng12.so.0.38.0
7fba61527000-7fba61528000 rw-p 00027000 08:02 13914                      /usr/lib/libpng12.so.0.38.0
7fba61528000-7fba6152d000 r-xp 00000000 08:02 54805                      /usr/lib/libXfixes.so.3.1.0
7fba6152d000-7fba6172c000 ---p 00005000 08:02 54805                      /usr/lib/libXfixes.so.3.1.0
7fba6172c000-7fba6172d000 rw-p 00004000 08:02 54805                      /usr/lib/libXfixes.so.3.1.0
7fba6172d000-7fba6172f000 r-xp 00000000 08:02 54829                      /usr/lib/libXdamage.so.1.1.0
7fba6172f000-7fba6192e000 ---p 00002000 08:02 54829                      /usr/lib/libXdamage.so.1.1.0
7fba6192e000-7fba6192f000 rw-p 00001000 08:02 54829                      /usr/lib/libXdamage.so.1.1.0
7fba6192f000-7fba61931000 r-xp 00000000 08:02 71518                      /usr/lib/libXcomposite.so.1.0.0
7fba61931000-7fba61b30000 ---p 00002000 08:02 71518                      /usr/lib/libXcomposite.so.1.0.0
7fba61b30000-7fba61b31000 rw-p 00001000 08:02 71518                      /usr/lib/libXcomposite.so.1.0.0
7fba61b31000-7fba61b3a000 r-xp 00000000 08:02 56453                      /usr/lib/libXcursor.so.1.0.2
7fba61b3a000-7fba61d3a000 ---p 00009000 08:02 56453                      /usr/lib/libXcursor.so.1.0.2
7fba61d3a000-7fba61d3b000 rw-p 00009000 08:02 56453                      /usr/lib/libXcursor.so.1.0.2
7fba61d3b000-7fba61d43000 r-xp 00000000 08:02 53725                      /usr/lib/libXrandr.so.2.2.0
7fba61d43000-7fba61f42000 ---p 00008000 08:02 53725                      /usr/lib/libXrandr.so.2.2.0
7fba61f42000-7fba61f43000 rw-p 00007000 08:02 53725                      /usr/lib/libXrandr.so.2.2.0
7fba61f43000-7fba61f4c000 r-xp 00000000 08:02 53635                      /usr/lib/libXi.so.6.0.0
7fba61f4c000-7fba6214c000 ---p 00009000 08:02 53635                      /usr/lib/libXi.so.6.0.0
7fba6214c000-7fba6214d000 rw-p 00009000 08:02 53635                      /usr/lib/libXi.so.6.0.0
7fba6214d000-7fba6214f000 r-xp 00000000 08:02 56293                      /usr/lib/libXinerama.so.1.0.0
7fba6214f000-7fba6234e000 ---p 00002000 08:02 56293                      /usr/lib/libXinerama.so.1.0.0
7fba6234e000-7fba6234f000 rw-p 00001000 08:02 56293                      /usr/lib/libXinerama.so.1.0.0
7fba6234f000-7fba62358000 r-xp 00000000 08:02 53689                      /usr/lib/libXrender.so.1.3.0
7fba62358000-7fba62557000 ---p 00009000 08:02 53689                      /usr/lib/libXrender.so.1.3.0
7fba62557000-7fba62558000 rw-p 00008000 08:02 53689                      /usr/lib/libXrender.so.1.3.0
7fba62558000-7fba62569000 r-xp 00000000 08:02 53043                      /usr/lib/libXext.so.6.4.0
7fba62569000-7fba62769000 ---p 00011000 08:02 53043                      /usr/lib/libXext.so.6.4.0
7fba62769000-7fba6276a000 rw-p 00011000 08:02 53043                      /usr/lib/libXext.so.6.4.0
7fba6276a000-7fba6279a000 r-xp 00000000 08:02 10305                      /lib/libpcre.so.0.0.1
7fba6279a000-7fba62999000 ---p 00030000 08:02 10305                      /lib/libpcre.so.0.0.1
7fba62999000-7fba6299a000 rw-p 0002f000 08:02 10305                      /lib/libpcre.so.0.0.1
7fba6299a000-7fba6299c000 r-xp 00000000 08:02 548                        /lib/libdl-2.10.1.so
7fba6299c000-7fba62b9c000 ---p 00002000 08:02 548                        /lib/libdl-2.10.1.so
7fba62b9c000-7fba62b9d000 r--p 00002000 08:02 548                        /lib/libdl-2.10.1.so
7fba62b9d000-7fba62b9e000 rw-p 00003000 08:02 548                        /lib/libdl-2.10.1.so
7fba62b9e000-7fba62ba3000 r-xp 00000000 08:02 73331                      /usr/lib/libORBitCosNaming-2.so.0.1.0
7fba62ba3000-7fba62da3000 ---p 00005000 08:02 73331                      /usr/lib/libORBitCosNaming-2.so.0.1.0
7fba62da3000-7fba62da5000 rw-p 00005000 08:02 73331                      /usr/lib/libORBitCosNaming-2.so.0.1.0
7fba62da5000-7fba62e26000 r-xp 00000000 08:02 547                        /lib/libm-2.10.1.so
7fba62e26000-7fba63025000 ---p 00081000 08:02 547                        /lib/libm-2.10.1.so
7fba63025000-7fba63026000 r--p 00080000 08:02 547                        /lib/libm-2.10.1.so
7fba63026000-7fba63027000 rw-p 00081000 08:02 547                        /lib/libm-2.10.1.so
7fba63027000-7fba6304f000 r-xp 00000000 08:02 84813                      /usr/lib/libaudiofile.so.0.0.2
7fba6304f000-7fba6324f000 ---p 00028000 08:02 84813                      /usr/lib/libaudiofile.so.0.0.2
7fba6324f000-7fba63253000 rw-p 00028000 08:02 84813                      /usr/lib/libaudiofile.so.0.0.2
7fba63253000-7fba6325d000 r-xp 00000000 08:02 84980                      /usr/lib/libesd.so.0.2.39
7fba6325d000-7fba6345d000 ---p 0000a000 08:02 84980                      /usr/lib/libesd.so.0.2.39
7fba6345d000-7fba6345e000 rw-p 0000a000 08:02 84980                      /usr/lib/libesd.so.0.2.39
7fba6345e000-7fba63465000 r-xp 00000000 08:02 25528                      /usr/lib/libgailutil.so.18.0.1
7fba63465000-7fba63664000 ---p 00007000 08:02 25528                      /usr/lib/libgailutil.so.18.0.1
7fba63664000-7fba63665000 rw-p 00006000 08:02 25528                      /usr/lib/libgailutil.so.18.0.1
7fba63665000-7fba63678000 r-xp 00000000 08:02 552                        /lib/libresolv-2.10.1.so
7fba63678000-7fba63877000 ---p 00013000 08:02 552                        /lib/libresolv-2.10.1.so
7fba63877000-7fba63878000 r--p 00012000 08:02 552                        /lib/libresolv-2.10.1.so
7fba63878000-7fba63879000 rw-p 00013000 08:02 552                        /lib/libresolv-2.10.1.so
7fba63879000-7fba6387b000 rw-p 00000000 00:00 0 
7fba6387b000-7fba6388b000 r-xp 00000000 08:02 84322                      /usr/lib/libavahi-client.so.3.2.5
7fba6388b000-7fba63a8a000 ---p 00010000 08:02 84322                      /usr/lib/libavahi-client.so.3.2.5
7fba63a8a000-7fba63a8b000 rw-p 0000f000 08:02 84322                      /usr/lib/libavahi-client.so.3.2.5
7fba63a8b000-7fba63a97000 r-xp 00000000 08:02 84337                      /usr/lib/libavahi-common.so.3.5.1
7fba63a97000-7fba63c96000 ---p 0000c000 08:02 84337                      /usr/lib/libavahi-common.so.3.5.1
7fba63c96000-7fba63c97000 rw-p 0000b000 08:02 84337                      /usr/lib/libavahi-common.so.3.5.1
7fba63c97000-7fba63c9a000 r-xp 00000000 08:02 84325                      /usr/lib/libavahi-glib.so.1.0.1
7fba63c9a000-7fba63e99000 ---p 00003000 08:02 84325                      /usr/lib/libavahi-glib.so.1.0.1
7fba63e99000-7fba63e9a000 rw-p 00002000 08:02 84325                      /usr/lib/libavahi-glib.so.1.0.1
7fba63e9a000-7fba63e9d000 r-xp 00000000 08:02 8291                       /usr/lib/libgpg-error.so.0.4.0
7fba63e9d000-7fba6409c000 ---p 00003000 08:02 8291                       /usr/lib/libgpg-error.so.0.4.0
7fba6409c000-7fba6409d000 rw-p 00002000 08:02 8291                       /usr/lib/libgpg-error.so.0.4.0
7fba6409d000-7fba64111000 r-xp 00000000 08:02 6824                       /usr/lib/libgcrypt.so.11.5.2
7fba64111000-7fba64310000 ---p 00074000 08:02 6824                       /usr/lib/libgcrypt.so.11.5.2
7fba64310000-7fba64314000 rw-p 00073000 08:02 6824                       /usr/lib/libgcrypt.so.11.5.2
7fba64314000-7fba64324000 r-xp 00000000 08:02 70538                      /usr/lib/libtasn1.so.3.1.5
7fba64324000-7fba64523000 ---p 00010000 08:02 70538                      /usr/lib/libtasn1.so.3.1.5
7fba64523000-7fba64524000 rw-p 0000f000 08:02 70538                      /usr/lib/libtasn1.so.3.1.5
7fba64524000-7fba645bf000 r-xp 00000000 08:02 40688                      /usr/lib/libgnutls.so.26.14.8
7fba645bf000-7fba647bf000 ---p 0009b000 08:02 40688                      /usr/lib/libgnutls.so.26.14.8
7fba647bf000-7fba647c6000 rw-p 0009b000 08:02 40688                      /usr/lib/libgnutls.so.26.14.8
7fba647c6000-7fba64804000 r-xp 00000000 08:02 33836                      /usr/lib/libdbus-1.so.3.4.0
7fba64804000-7fba64a04000 ---p 0003e000 08:02 33836                      /usr/lib/libdbus-1.so.3.4.0
7fba64a04000-7fba64a05000 r--p 0003e000 08:02 33836                      /usr/lib/libdbus-1.so.3.4.0
7fba64a05000-7fba64a06000 rw-p 0003f000 08:02 33836                      /usr/lib/libdbus-1.so.3.4.0
7fba64a06000-7fba64a27000 r-xp 00000000 08:02 54205                      /usr/lib/libdbus-glib-1.so.2.1.0
7fba64a27000-7fba64c26000 ---p 00021000 08:02 54205                      /usr/lib/libdbus-glib-1.so.2.1.0
7fba64c26000-7fba64c28000 rw-p 00020000 08:02 54205                      /usr/lib/libdbus-glib-1.so.2.1.0
7fba64c28000-7fba64c2c000 r-xp 00000000 08:02 8164                       /lib/libuuid.so.1.2
7fba64c2c000-7fba64e2b000 ---p 00004000 08:02 8164                       /lib/libuuid.so.1.2
7fba64e2b000-7fba64e2c000 rw-p 00003000 08:02 8164                       /lib/libuuid.so.1.2
7fba64e2c000-7fba64f61000 r-xp 00000000 08:02 52913                      /usr/lib/libX11.so.6.2.0
7fba64f61000-7fba65161000 ---p 00135000 08:02 52913                      /usr/lib/libX11.so.6.2.0
7fba65161000-7fba65167000 rw-p 00135000 08:02 52913                      /usr/lib/libX11.so.6.2.0
7fba65167000-7fba6517b000 r-xp 00000000 08:02 36412                      /usr/lib/libgnome-keyring.so.0.1.1
7fba6517b000-7fba6537a000 ---p 00014000 08:02 36412                      /usr/lib/libgnome-keyring.so.0.1.1
7fba6537a000-7fba6537b000 rw-p 00013000 08:02 36412                      /usr/lib/libgnome-keyring.so.0.1.1
7fba6537b000-7fba65390000 r-xp 00000000 08:02 8492                       /usr/lib/libz.so.1.2.3.3
7fba65390000-7fba6558f000 ---p 00015000 08:02 8492                       /usr/lib/libz.so.1.2.3.3
7fba6558f000-7fba65590000 rw-p 00014000 08:02 8492                       /usr/lib/libz.so.1.2.3.3
7fba65590000-7fba656d9000 r-xp 00000000 08:02 568                        /lib/libc-2.10.1.so
7fba656d9000-7fba658d9000 ---p 00149000 08:02 568                        /lib/libc-2.10.1.so
7fba658d9000-7fba658dd000 r--p 00149000 08:02 568                        /lib/libc-2.10.1.so
7fba658dd000-7fba658de000 rw-p 0014d000 08:02 568                        /lib/libc-2.10.1.so
7fba658de000-7fba658e3000 rw-p 00000000 00:00 0 
7fba658e3000-7fba658f9000 r-xp 00000000 08:02 551                        /lib/libpthread-2.10.1.so
7fba658f9000-7fba65af8000 ---p 00016000 08:02 551                        /lib/libpthread-2.10.1.so
7fba65af8000-7fba65af9000 r--p 00015000 08:02 551                        /lib/libpthread-2.10.1.so
7fba65af9000-7fba65afa000 rw-p 00016000 08:02 551                        /lib/libpthread-2.10.1.so
7fba65afa000-7fba65afe000 rw-p 00000000 00:00 0 
7fba65afe000-7fba65b00000 r-xp 00000000 08:02 566                        /lib/libutil-2.10.1.so
7fba65b00000-7fba65cff000 ---p 00002000 08:02 566                        /lib/libutil-2.10.1.so
7fba65cff000-7fba65d00000 r--p 00001000 08:02 566                        /lib/libutil-2.10.1.so
7fba65d00000-7fba65d01000 rw-p 00002000 08:02 566                        /lib/libutil-2.10.1.so
7fba65d01000-7fba65dc3000 r-xp 00000000 08:02 34403                      /usr/lib/libglib-2.0.so.0.2000.4
7fba65dc3000-7fba65fc2000 ---p 000c2000 08:02 34403                      /usr/lib/libglib-2.0.so.0.2000.4
7fba65fc2000-7fba65fc4000 rw-p 000c1000 08:02 34403                      /usr/lib/libglib-2.0.so.0.2000.4
7fba65fc4000-7fba65fc7000 r-xp 00000000 08:02 34384                      /usr/lib/libgmodule-2.0.so.0.2000.4
7fba65fc7000-7fba661c6000 ---p 00003000 08:02 34384                      /usr/lib/libgmodule-2.0.so.0.2000.4
7fba661c6000-7fba661c7000 rw-p 00002000 08:02 34384                      /usr/lib/libgmodule-2.0.so.0.2000.4
7fba661c7000-7fba66209000 r-xp 00000000 08:02 34398                      /usr/lib/libgobject-2.0.so.0.2000.4
7fba66209000-7fba66408000 ---p 00042000 08:02 34398                      /usr/lib/libgobject-2.0.so.0.2000.4
7fba66408000-7fba6640a000 rw-p 00041000 08:02 34398                      /usr/lib/libgobject-2.0.so.0.2000.4
7fba6640a000-7fba6643a000 r-xp 00000000 08:02 47738                      /usr/lib/libfontconfig.so.1.3.0
7fba6643a000-7fba66639000 ---p 00030000 08:02 47738                      /usr/lib/libfontconfig.so.1.3.0
7fba66639000-7fba6663b000 rw-p 0002f000 08:02 47738                      /usr/lib/libfontconfig.so.1.3.0
7fba6663b000-7fba666cc000 r-xp 00000000 08:02 47313                      /usr/lib/libfreetype.so.6.3.20
7fba666cc000-7fba668cc000 ---p 00091000 08:02 47313                      /usr/lib/libfreetype.so.6.3.20
7fba668cc000-7fba668d2000 rw-p 00091000 08:02 47313                      /usr/lib/libfreetype.so.6.3.20
7fba668d2000-7fba66919000 r-xp 00000000 08:02 8563                       /usr/lib/libpango-1.0.so.0.2400.5
7fba66919000-7fba66b19000 ---p 00047000 08:02 8563                       /usr/lib/libpango-1.0.so.0.2400.5
7fba66b19000-7fba66b1c000 rw-p 00047000 08:02 8563                       /usr/lib/libpango-1.0.so.0.2400.5
7fba66b1c000-7fba66b96000 r-xp 00000000 08:02 34854                      /usr/lib/libcairo.so.2.10800.8
7fba66b96000-7fba66d95000 ---p 0007a000 08:02 34854                      /usr/lib/libcairo.so.2.10800.8
7fba66d95000-7fba66d98000 rw-p 00079000 08:02 34854                      /usr/lib/libcairo.so.2.10800.8
7fba66d98000-7fba66da3000 r-xp 00000000 08:02 3148                       /usr/lib/libpangocairo-1.0.so.0.2400.5
7fba66da3000-7fba66fa3000 ---p 0000b000 08:02 3148                       /usr/lib/libpangocairo-1.0.so.0.2400.5
7fba66fa3000-7fba66fa4000 rw-p 0000b000 08:02 3148                       /usr/lib/libpangocairo-1.0.so.0.2400.5
7fba66fa4000-7fba66fc1000 r-xp 00000000 08:02 25520                      /usr/lib/libgdk_pixbuf-2.0.so.0.1600.5
7fba66fc1000-7fba671c1000 ---p 0001d000 08:02 25520                      /usr/lib/libgdk_pixbuf-2.0.so.0.1600.5
7fba671c1000-7fba671c2000 rw-p 0001d000 08:02 25520                      /usr/lib/libgdk_pixbuf-2.0.so.0.1600.5
7fba671c2000-7fba671ef000 r-xp 00000000 08:02 8552                       /usr/lib/libpangoft2-1.0.so.0.2400.5
7fba671ef000-7fba673ee000 ---p 0002d000 08:02 8552                       /usr/lib/libpangoft2-1.0.so.0.2400.5
7fba673ee000-7fba673f0000 rw-p 0002c000 08:02 8552                       /usr/lib/libpangoft2-1.0.so.0.2400.5
7fba673f0000-7fba67466000 r-xp 00000000 08:02 34393                      /usr/lib/libgio-2.0.so.0.2000.4
7fba67466000-7fba67666000 ---p 00076000 08:02 34393                      /usr/lib/libgio-2.0.so.0.2000.4
7fba67666000-7fba67668000 rw-p 00076000 08:02 34393                      /usr/lib/libgio-2.0.so.0.2000.4
7fba67668000-7fba67669000 rw-p 00000000 00:00 0 
7fba67669000-7fba67687000 r-xp 00000000 08:02 69756                      /usr/lib/libatk-1.0.so.0.2609.1
7fba67687000-7fba67886000 ---p 0001e000 08:02 69756                      /usr/lib/libatk-1.0.so.0.2609.1
7fba67886000-7fba67889000 rw-p 0001d000 08:02 69756                      /usr/lib/libatk-1.0.so.0.2609.1
7fba67889000-7fba67924000 r-xp 00000000 08:02 25082                      /usr/lib/libgdk-x11-2.0.so.0.1600.5
7fba67924000-7fba67b24000 ---p 0009b000 08:02 25082                      /usr/lib/libgdk-x11-2.0.so.0.1600.5
7fba67b24000-7fba67b29000 rw-p 0009b000 08:02 25082                      /usr/lib/libgdk-x11-2.0.so.0.1600.5
7fba67b29000-7fba67f06000 r-xp 00000000 08:02 25106                      /usr/lib/libgtk-x11-2.0.so.0.1600.5
7fba67f06000-7fba68105000 ---p 003dd000 08:02 25106                      /usr/lib/libgtk-x11-2.0.so.0.1600.5
7fba68105000-7fba68110000 rw-p 003dc000 08:02 25106                      /usr/lib/libgtk-x11-2.0.so.0.1600.5
7fba68110000-7fba68112000 rw-p 00000000 00:00 0 
7fba68112000-7fba6811e000 r-xp 00000000 08:02 122653                     /usr/lib/libunique-1.0.so.0.2.6
7fba6811e000-7fba6831e000 ---p 0000c000 08:02 122653                     /usr/lib/libunique-1.0.so.0.2.6
7fba6831e000-7fba6831f000 rw-p 0000c000 08:02 122653                     /usr/lib/libunique-1.0.so.0.2.6
7fba6831f000-7fba68326000 r-xp 00000000 08:02 556                        /lib/librt-2.10.1.so
7fba68326000-7fba68525000 ---p 00007000 08:02 556                        /lib/librt-2.10.1.so
7fba68525000-7fba68526000 r--p 00006000 08:02 556                        /lib/librt-2.10.1.so
7fba68526000-7fba68527000 rw-p 00007000 08:02 556                        /lib/librt-2.10.1.so
7fba68527000-7fba6852b000 r-xp 00000000 08:02 34392                      /usr/lib/libgthread-2.0.so.0.2000.4
7fba6852b000-7fba6872a000 ---p 00004000 08:02 34392                      /usr/lib/libgthread-2.0.so.0.2000.4
7fba6872a000-7fba6872b000 rw-p 00003000 08:02 34392                      /usr/lib/libgthread-2.0.so.0.2000.4
7fba6872b000-7fba6886d000 r-xp 00000000 08:02 41162                      /usr/lib/libxml2.so.2.7.3
7fba6886d000-7fba68a6c000 ---p 00142000 08:02 41162                      /usr/lib/libxml2.so.2.7.3
7fba68a6c000-7fba68a76000 rw-p 00141000 08:02 41162                      /usr/lib/libxml2.so.2.7.3
7fba68a76000-7fba68a77000 rw-p 00000000 00:00 0 
7fba68a77000-7fba68a8f000 r-xp 00000000 08:02 73218                      /usr/lib/libglade-2.0.so.0.0.7
7fba68a8f000-7fba68c8e000 ---p 00018000 08:02 73218                      /usr/lib/libglade-2.0.so.0.0.7
7fba68c8e000-7fba68c90000 rw-p 00017000 08:02 73218                      /usr/lib/libglade-2.0.so.0.0.7
7fba68c90000-7fba68cca000 r-xp 00000000 08:02 73605                      /usr/lib/libgconf-2.so.4.1.5
7fba68cca000-7fba68ec9000 ---p 0003a000 08:02 73605                      /usr/lib/libgconf-2.so.4.1.5
7fba68ec9000-7fba68ece000 rw-p 00039000 08:02 73605                      /usr/lib/libgconf-2.so.4.1.5
7fba68ece000-7fba68ee6000 r-xp 00000000 08:02 86256                      /usr/lib/libart_lgpl_2.so.2.3.20
7fba68ee6000-7fba690e5000 ---p 00018000 08:02 86256                      /usr/lib/libart_lgpl_2.so.2.3.20
7fba690e5000-7fba690e6000 rw-p 00017000 08:02 86256                      /usr/lib/libart_lgpl_2.so.2.3.20
7fba690e6000-7fba69145000 r-xp 00000000 08:02 73332                      /usr/lib/libORBit-2.so.0.1.0
7fba69145000-7fba69344000 ---p 0005f000 08:02 73332                      /usr/lib/libORBit-2.so.0.1.0
7fba69344000-7fba69356000 rw-p 0005e000 08:02 73332                      /usr/lib/libORBit-2.so.0.1.0
7fba69356000-7fba69357000 rw-p 00000000 00:00 0 
7fba69357000-7fba6936f000 r-xp 00000000 08:02 77117                      /usr/lib/libbonobo-activation.so.4.0.0
7fba6936f000-7fba6956e000 ---p 00018000 08:02 77117                      /usr/lib/libbonobo-activation.so.4.0.0
7fba6956e000-7fba69572000 rw-p 00017000 08:02 77117                      /usr/lib/libbonobo-activation.so.4.0.0
7fba69572000-7fba695d8000 r-xp 00000000 08:02 77115                      /usr/lib/libbonobo-2.so.0.0.0
7fba695d8000-7fba697d8000 ---p 00066000 08:02 77115                      /usr/lib/libbonobo-2.so.0.0.0
7fba697d8000-7fba697e9000 rw-p 00066000 08:02 77115                      /usr/lib/libbonobo-2.so.0.0.0
7fba697e9000-7fba697f2000 r-xp 00000000 08:02 8367                       /usr/lib/libpopt.so.0.0.0
7fba697f2000-7fba699f1000 ---p 00009000 08:02 8367                       /usr/lib/libpopt.so.0.0.0
7fba699f1000-7fba699f2000 rw-p 00008000 08:02 8367                       /usr/lib/libpopt.so.0.0.0
7fba699f2000-7fba69a09000 r-xp 00000000 08:02 85142                      /usr/lib/libgnome-2.so.0.2600.0
7fba69a09000-7fba69c08000 ---p 00017000 08:02 85142                      /usr/lib/libgnome-2.so.0.2600.0
7fba69c08000-7fba69c0a000 rw-p 00016000 08:02 85142                      /usr/lib/libgnome-2.so.0.2600.0
7fba69c0a000-7fba69c3e000 r-xp 00000000 08:02 86392                      /usr/lib/libgnomecanvas-2.so.0.2600.0
7fba69c3e000-7fba69e3e000 ---p 00034000 08:02 86392                      /usr/lib/libgnomecanvas-2.so.0.2600.0
7fba69e3e000-7fba69e40000 rw-p 00034000 08:02 86392                      /usr/lib/libgnomecanvas-2.so.0.2600.0
7fba69e40000-7fba69ea5000 r-xp 00000000 08:02 84779                      /usr/lib/libgnomevfs-2.so.0.2400.1
7fba69ea5000-7fba6a0a5000 ---p 00065000 08:02 84779                      /usr/lib/libgnomevfs-2.so.0.2400.1
7fba6a0a5000-7fba6a0aa000 rw-p 00065000 08:02 84779                      /usr/lib/libgnomevfs-2.so.0.2400.1
7fba6a0aa000-7fba6a116000 r-xp 00000000 08:02 86571                      /usr/lib/libbonoboui-2.so.0.0.0
7fba6a116000-7fba6a315000 ---p 0006c000 08:02 86571                      /usr/lib/libbonoboui-2.so.0.0.0
7fba6a315000-7fba6a31a000 rw-p 0006b000 08:02 86571                      /usr/lib/libbonoboui-2.so.0.0.0
7fba6a31a000-7fba6a331000 r-xp 00000000 08:02 53060                      /usr/lib/libICE.so.6.3.0
7fba6a331000-7fba6a530000 ---p 00017000 08:02 53060                      /usr/lib/libICE.so.6.3.0
7fba6a530000-7fba6a532000 rw-p 00016000 08:02 53060                      /usr/lib/libICE.so.6.3.0
7fba6a532000-7fba6a535000 rw-p 00000000 00:00 0 
7fba6a535000-7fba6a53d000 r-xp 00000000 08:02 53076                      /usr/lib/libSM.so.6.0.0
7fba6a53d000-7fba6a73c000 ---p 00008000 08:02 53076                      /usr/lib/libSM.so.6.0.0
7fba6a73c000-7fba6a73d000 rw-p 00007000 08:02 53076                      /usr/lib/libSM.so.6.0.0
7fba6a73d000-7fba6a7d5000 r-xp 00000000 08:02 86842                      /usr/lib/libgnomeui-2.so.0.2400.1
7fba6a7d5000-7fba6a9d4000 ---p 00098000 08:02 86842                      /usr/lib/libgnomeui-2.so.0.2400.1
7fba6a9d4000-7fba6a9da000 rw-p 00097000 08:02 86842                      /usr/lib/libgnomeui-2.so.0.2400.1
7fba6a9da000-7fba6aa56000 r-xp 00000000 08:02 35705                      /usr/lib/libanjuta.so.0.0.0
7fba6aa56000-7fba6ac55000 ---p 0007c000 08:02 35705                      /usr/lib/libanjuta.so.0.0.0
7fba6ac55000-7fba6ac5b000 rw-p 0007b000 08:02 35705                      /usr/lib/libanjuta.so.0.0.0
7fba6ac5b000-7fba6ac5c000 rw-p 00000000 00:00 0 
7fba6ac5c000-7fba6ac8b000 r-xp 00000000 08:02 136893                     /usr/lib/libgdl-1.so.0.0.0
7fba6ac8b000-7fba6ae8b000 ---p 0002f000 08:02 136893                     /usr/lib/libgdl-1.so.0.0.0
7fba6ae8b000-7fba6ae8d000 rw-p 0002f000 08:02 136893                     /usr/lib/libgdl-1.so.0.0.0
7fba6ae8d000-7fba6aeaa000 r-xp 00000000 08:02 567                        /lib/ld-2.10.1.so
7fba6aeaa000-7fba6aead000 rw-p 00000000 00:00 0 
7fba6aead000-7fba6aeae000 r--p 00000000 08:02 115742                     /usr/share/vte/termcap/xterm
7fba6aeae000-7fba6aeaf000 rw-p 00000000 00:00 0 
7fba6aeaf000-7fba6aeb7000 rw-s 00000000 08:02 160467                     /tmp/hsperfdata_jgblanco/7047
7fba6aeb7000-7fba6aeb8000 rw-p 00000000 00:00 0 
7fba6aeb8000-7fba6aeb9000 r--p 00000000 00:00 0 
7fba6aeb9000-7fba6aed1000 r--s 00000000 08:02 24133                      /usr/share/mime/mime.cache
7fba6aed1000-7fba6b06f000 r--p 00000000 08:02 25771                      /usr/share/icons/hicolor/icon-theme.cache
7fba6b06f000-7fba6b090000 rw-p 00000000 00:00 0 
7fba6b090000-7fba6b0a8000 r--s 00000000 08:02 24133                      /usr/share/mime/mime.cache
7fba6b0a8000-7fba6b0a9000 rw-p 00000000 00:00 0 
7fba6b0a9000-7fba6b0aa000 r--p 0001c000 08:02 567                        /lib/ld-2.10.1.so
7fba6b0aa000-7fba6b0ab000 rw-p 0001d000 08:02 567                        /lib/ld-2.10.1.so
7fff02ea1000-7fff02ea4000 rwxp 00000000 00:00 0 
7fff02ea4000-7fff02fa1000 rwxp 00000000 00:00 0                          [stack]
7fff02fa1000-7fff02fa3000 rw-p 00000000 00:00 0 
7fff02fff000-7fff03000000 r-xp 00000000 00:00 0                          [vdso]
ffffffffff600000-ffffffffff601000 r-xp 00000000 00:00 0                  [vsyscall]

VM Arguments:
jvm_args: -Djava.compiler=NONE -Djava.library.path=/usr/lib/libgda-4.0/providers 
java_command: <unknown>
Launcher Type: generic

Environment Variables:
JAVA_HOME=/usr/lib/jvm/java-1.6.0-openjdk
PATH=/bin:/usr/bin:/sbin:/usr/sbin:/usr/bin/perlbin/site:/usr/bin/perlbin/vendor:/usr/bin/perlbin/core
USERNAME=jgblanco
SHELL=/bin/bash
DISPLAY=:0.0

Signal Handlers:
SIGSEGV: [libjvm.so+0x66b290], sa_mask[0]=0x7ffbfeff, sa_flags=0x10000004
SIGBUS: [libjvm.so+0x66b290], sa_mask[0]=0x7ffbfeff, sa_flags=0x10000004
SIGFPE: [libjvm.so+0x542960], sa_mask[0]=0x7ffbfeff, sa_flags=0x10000004
SIGPIPE: SIG_IGN, sa_mask[0]=0x00001000, sa_flags=0x10000000
SIGXFSZ: [libjvm.so+0x542960], sa_mask[0]=0x7ffbfeff, sa_flags=0x10000004
SIGILL: [libjvm.so+0x542960], sa_mask[0]=0x7ffbfeff, sa_flags=0x10000004
SIGUSR1: SIG_DFL, sa_mask[0]=0x00000000, sa_flags=0x00000000
SIGUSR2: [libjvm.so+0x542100], sa_mask[0]=0x00000000, sa_flags=0x10000004
SIGHUP: [libjvm.so+0x5444c0], sa_mask[0]=0x7ffbfeff, sa_flags=0x10000004
SIGINT: [libjvm.so+0x5444c0], sa_mask[0]=0x7ffbfeff, sa_flags=0x10000004
SIGTERM: [libjvm.so+0x5444c0], sa_mask[0]=0x7ffbfeff, sa_flags=0x10000004
SIGQUIT: [libjvm.so+0x5444c0], sa_mask[0]=0x7ffbfeff, sa_flags=0x10000004


---------------  S Y S T E M  ---------------

OS:Linux
uname:Linux 2.6.30-ARCH #1 SMP PREEMPT Mon Jul 20 07:46:03 CEST 2009 x86_64
libc:glibc 2.10.1 NPTL 2.10.1 
rlimit: STACK 8192k, CORE 0k, NPROC 16374, NOFILE 1024, AS infinity
load average:0.08 0.43 0.31

CPU:total 2 (2 cores per cpu, 1 threads per core) family 6 model 15 stepping 10, cmov, cx8, fxsr, mmx, sse, sse2, sse3, ssse3

Memory: 4k page, physical 2057564k(692848k free), swap 2000084k(2000084k free)

vm_info: OpenJDK 64-Bit Server VM (14.0-b15) for linux-amd64 JRE (1.6.0_0-b16), built on Jul  2 2009 04:46:40 by "andyrtr" with gcc 4.4.0 20090526 (prerelease)

time: Mon Jul 27 21:03:13 2009
elapsed time: 601 seconds

