#
# A fatal error has been detected by the Java Runtime Environment:
#
#  SIGSEGV (0xb) at pc=0x00007f81ed6b8e92, pid=4528, tid=140196105549632
#
# JRE version: 6.0-b16
# Java VM: OpenJDK 64-Bit Server VM (14.0-b15 interpreted mode linux-amd64 )
# Distribution: Custom build (Thu Jul  2 04:39:46 UTC 2009)
# Problematic frame:
# C  [libc.so.6+0x78e92]  strcmp+0x2
#
# If you would like to submit a bug report, please include
# instructions how to reproduce the bug and visit:
#   http://icedtea.classpath.org/bugzilla
#

---------------  T H R E A D  ---------------

Current thread is native thread

siginfo:si_signo=SIGSEGV: si_errno=0, si_code=1 (SEGV_MAPERR), si_addr=0x0000000000000000

Registers:
RAX=0x00007f81e013b567, RBX=0x0000000004374cc0, RCX=0x000000000211a690, RDX=0x0000000000000000
RSP=0x00007fff01ccf358, RBP=0x000000000447c520, RSI=0x0000000000000000, RDI=0x0000000004155800
R8 =0x00007f81ee4b9ce8, R9 =0x00000000000011b0, R10=0x0000000000000001, R11=0x00007f81ad6f3b40
R12=0x00000000037b44e0, R13=0x0000000004155800, R14=0x00007f81e0166440, R15=0x00000000030baf10
RIP=0x00007f81ed6b8e92, EFL=0x0000000000010206, CSGSFS=0x0000000000000033, ERR=0x0000000000000004
  TRAPNO=0x000000000000000e

Top of Stack: (sp=0x00007fff01ccf358)
0x00007fff01ccf358:   00007f81ede0e399 0000000004374cc0
0x00007fff01ccf368:   00007f81ad2863d9 0000000000000000
0x00007fff01ccf378:   00007f81f2ab4abd 00007f8100000000
0x00007fff01ccf388:   000000010447c520 0000000000000001
0x00007fff01ccf398:   00007f81e0154070 0000000000000000
0x00007fff01ccf3a8:   00007f81e016e6d0 0000000000000003
0x00007fff01ccf3b8:   00007fff01ccf500 0000000000000000
0x00007fff01ccf3c8:   00007f81ee2831fe 0000000000000001
0x00007fff01ccf3d8:   00007f81ee29861c 00007f8100000002
0x00007fff01ccf3e8:   0000000000000000 000000000060e980
0x00007fff01ccf3f8:   00007f81ee282cec 0000000240000002
0x00007fff01ccf408:   0000000004520190 0000000200000001
0x00007fff01ccf418:   0000000000000048 0000000000000001
0x00007fff01ccf428:   00000000021aaf90 0000000004483860
0x00007fff01ccf438:   00000000044bd790 000000000060e980
0x00007fff01ccf448:   0000000000000000 00007f81ed99d0e0
0x00007fff01ccf458:   00007f81ee297213 0000000004373ce0
0x00007fff01ccf468:   0000000000000035 00000000034bfc01
0x00007fff01ccf478:   0000000000000020 00007fff01ccf520
0x00007fff01ccf488:   00007fff01ccf500 00007f81e016e6d0
0x00007fff01ccf498:   00000000ede091c1 0000000000000000
0x00007fff01ccf4a8:   00007fff01ccf540 00000000030baf10
0x00007fff01ccf4b8:   00000000021aae80 000000000002ab89
0x00007fff01ccf4c8:   00000000021aaf90 0000018e00000001
0x00007fff01ccf4d8:   0000000000000000 0000000000000000
0x00007fff01ccf4e8:   00007fff01ccf4f0 00007fff01ccf980
0x00007fff01ccf4f8:   00000000030baf10 000000000000018e
0x00007fff01ccf508:   0000000100000001 0000000000000004
0x00007fff01ccf518:   00000000009faa38 000000000000018e
0x00007fff01ccf528:   00000000030baf10 00000000030baf10
0x00007fff01ccf538:   00007f81ee285305 0000000000000000
0x00007fff01ccf548:   0000000000000000 0000000000000000 

Instructions: (pc=0x00007f81ed6b8e92)
0x00007f81ed6b8e82:   44 17 f0 39 d1 74 02 31 c0 c3 90 90 90 90 8a 07
0x00007f81ed6b8e92:   3a 06 75 0d 48 ff c7 48 ff c6 84 c0 75 f0 31 c0 

Stack: [0x00007fff01bd2000,0x00007fff01cd2000],  sp=0x00007fff01ccf358,  free space=1012k
Native frames: (J=compiled Java code, j=interpreted, Vv=VM code, C=native code)
C  [libc.so.6+0x78e92]  strcmp+0x2


---------------  P R O C E S S  ---------------

VM state:not at safepoint (normal execution)

VM Mutex/Monitor currently owned by a thread: None

Heap
 PSYoungGen      total 9408K, used 488K [0x00007f81d02c0000, 0x00007f81d0d30000, 0x00007f81daac0000)
  eden space 8128K, 6% used [0x00007f81d02c0000,0x00007f81d033a028,0x00007f81d0ab0000)
  from space 1280K, 0% used [0x00007f81d0bf0000,0x00007f81d0bf0000,0x00007f81d0d30000)
  to   space 1280K, 0% used [0x00007f81d0ab0000,0x00007f81d0ab0000,0x00007f81d0bf0000)
 PSOldGen        total 21504K, used 0K [0x00007f81bb2c0000, 0x00007f81bc7c0000, 0x00007f81d02c0000)
  object space 21504K, 0% used [0x00007f81bb2c0000,0x00007f81bb2c0000,0x00007f81bc7c0000)
 PSPermGen       total 21248K, used 2832K [0x00007f81b0ac0000, 0x00007f81b1f80000, 0x00007f81bb2c0000)
  object space 21248K, 13% used [0x00007f81b0ac0000,0x00007f81b0d843c8,0x00007f81b1f80000)

Dynamic libraries:
00400000-0040e000 r-xp 00000000 08:02 354                                /usr/bin/anjuta
0060d000-0060f000 rw-p 0000d000 08:02 354                                /usr/bin/anjuta
0060f000-00611000 rw-p 00000000 00:00 0 
009f2000-045ad000 rw-p 00000000 00:00 0                                  [heap]
7f81ab86c000-7f81ab878000 r-xp 00000000 08:02 3294                       /usr/lib/libtrackerclient.so.0.695.0
7f81ab878000-7f81aba77000 ---p 0000c000 08:02 3294                       /usr/lib/libtrackerclient.so.0.695.0
7f81aba77000-7f81aba78000 rw-p 0000b000 08:02 3294                       /usr/lib/libtrackerclient.so.0.695.0
7f81aba78000-7f81aba79000 ---p 00000000 00:00 0 
7f81aba79000-7f81ac279000 rwxp 00000000 00:00 0 
7f81ac279000-7f81ac67b000 rw-p 00000000 00:00 0 
7f81ac67b000-7f81ac67c000 ---p 00000000 00:00 0 
7f81ac67c000-7f81ace7c000 rwxp 00000000 00:00 0 
7f81ace7c000-7f81ad27e000 rw-p 00000000 00:00 0 
7f81ad27e000-7f81ad289000 r-xp 00000000 08:02 262458                     /usr/lib/anjuta/libanjuta-language-cpp-java.so
7f81ad289000-7f81ad489000 ---p 0000b000 08:02 262458                     /usr/lib/anjuta/libanjuta-language-cpp-java.so
7f81ad489000-7f81ad48a000 rw-p 0000b000 08:02 262458                     /usr/lib/anjuta/libanjuta-language-cpp-java.so
7f81ad48a000-7f81ad4ce000 r-xp 00000000 08:02 132678                     /usr/lib/libgtksourceview-2.0.so.0.0.0
7f81ad4ce000-7f81ad6cd000 ---p 00044000 08:02 132678                     /usr/lib/libgtksourceview-2.0.so.0.0.0
7f81ad6cd000-7f81ad6cf000 rw-p 00043000 08:02 132678                     /usr/lib/libgtksourceview-2.0.so.0.0.0
7f81ad6e7000-7f81ad703000 r-xp 00000000 08:02 262424                     /usr/lib/anjuta/libanjuta-sourceview.so
7f81ad703000-7f81ad902000 ---p 0001c000 08:02 262424                     /usr/lib/anjuta/libanjuta-sourceview.so
7f81ad902000-7f81ad904000 rw-p 0001b000 08:02 262424                     /usr/lib/anjuta/libanjuta-sourceview.so
7f81ad904000-7f81ad905000 ---p 00000000 00:00 0 
7f81ad905000-7f81ae105000 rwxp 00000000 00:00 0 
7f81ae105000-7f81ae11b000 r-xp 00000000 08:02 262469                     /usr/lib/anjuta/libgbf-am.so
7f81ae11b000-7f81ae31b000 ---p 00016000 08:02 262469                     /usr/lib/anjuta/libgbf-am.so
7f81ae31b000-7f81ae31c000 rw-p 00016000 08:02 262469                     /usr/lib/anjuta/libgbf-am.so
7f81ae31c000-7f81ae32c000 r-xp 00000000 08:02 262479                     /usr/lib/anjuta/libgbf-mkfile.so
7f81ae32c000-7f81ae52b000 ---p 00010000 08:02 262479                     /usr/lib/anjuta/libgbf-mkfile.so
7f81ae52b000-7f81ae52c000 rw-p 0000f000 08:02 262479                     /usr/lib/anjuta/libgbf-mkfile.so
7f81ae52c000-7f81ae582000 r-xp 00000000 08:02 4103                       /lib/libncursesw.so.5.7
7f81ae582000-7f81ae781000 ---p 00056000 08:02 4103                       /lib/libncursesw.so.5.7
7f81ae781000-7f81ae786000 rw-p 00055000 08:02 4103                       /lib/libncursesw.so.5.7
7f81ae786000-7f81ae8a5000 r-xp 00000000 08:02 115730                     /usr/lib/libvte.so.9.6.0
7f81ae8a5000-7f81aeaa4000 ---p 0011f000 08:02 115730                     /usr/lib/libvte.so.9.6.0
7f81aeaa4000-7f81aeaa9000 rw-p 0011e000 08:02 115730                     /usr/lib/libvte.so.9.6.0
7f81aeaa9000-7f81aeaaf000 r-xp 00000000 08:02 262457                     /usr/lib/anjuta/libanjuta-terminal.so
7f81aeaaf000-7f81aecaf000 ---p 00006000 08:02 262457                     /usr/lib/anjuta/libanjuta-terminal.so
7f81aecaf000-7f81aecb0000 rw-p 00006000 08:02 262457                     /usr/lib/anjuta/libanjuta-terminal.so
7f81aecb0000-7f81aecba000 r-xp 00000000 08:02 262460                     /usr/lib/anjuta/libanjuta-macro.so
7f81aecba000-7f81aeeb9000 ---p 0000a000 08:02 262460                     /usr/lib/anjuta/libanjuta-macro.so
7f81aeeb9000-7f81aeeba000 rw-p 00009000 08:02 262460                     /usr/lib/anjuta/libanjuta-macro.so
7f81aeeba000-7f81aeef7000 r-xp 00000000 08:02 262465                     /usr/lib/anjuta/libanjuta-debug-manager.so
7f81aeef7000-7f81af0f6000 ---p 0003d000 08:02 262465                     /usr/lib/anjuta/libanjuta-debug-manager.so
7f81af0f6000-7f81af0f9000 rw-p 0003c000 08:02 262465                     /usr/lib/anjuta/libanjuta-debug-manager.so
7f81af0f9000-7f81af132000 r-xp 00000000 08:02 115005                     /usr/lib/libxslt.so.1.1.24
7f81af132000-7f81af331000 ---p 00039000 08:02 115005                     /usr/lib/libxslt.so.1.1.24
7f81af331000-7f81af333000 rw-p 00038000 08:02 115005                     /usr/lib/libxslt.so.1.1.24
7f81af333000-7f81af356000 r-xp 00000000 08:02 262448                     /usr/lib/anjuta/libanjuta-gtodo.so
7f81af356000-7f81af555000 ---p 00023000 08:02 262448                     /usr/lib/anjuta/libanjuta-gtodo.so
7f81af555000-7f81af557000 rw-p 00022000 08:02 262448                     /usr/lib/anjuta/libanjuta-gtodo.so
7f81af557000-7f81af56b000 r-xp 00000000 08:02 262446                     /usr/lib/anjuta/libanjuta-build-basic-autotools.so
7f81af56b000-7f81af76b000 ---p 00014000 08:02 262446                     /usr/lib/anjuta/libanjuta-build-basic-autotools.so
7f81af76b000-7f81af76d000 rw-p 00014000 08:02 262446                     /usr/lib/anjuta/libanjuta-build-basic-autotools.so
7f81af76d000-7f81af77a000 r-xp 00000000 08:02 262481                     /usr/lib/anjuta/libanjuta-message-view.so
7f81af77a000-7f81af97a000 ---p 0000d000 08:02 262481                     /usr/lib/anjuta/libanjuta-message-view.so
7f81af97a000-7f81af97b000 rw-p 0000d000 08:02 262481                     /usr/lib/anjuta/libanjuta-message-view.so
7f81af97b000-7f81af97e000 r-xp 00000000 08:02 262430                     /usr/lib/anjuta/liblanguage-manager.so
7f81af97e000-7f81afb7d000 ---p 00003000 08:02 262430                     /usr/lib/anjuta/liblanguage-manager.so
7f81afb7d000-7f81afb7e000 rw-p 00002000 08:02 262430                     /usr/lib/anjuta/liblanguage-manager.so
7f81afb7e000-7f81afb7f000 r-xp 00000000 08:02 139232                     /usr/lib/libgda-4.0/providers/libgda-sqlite.so
7f81afb7f000-7f81afd7e000 ---p 00001000 08:02 139232                     /usr/lib/libgda-4.0/providers/libgda-sqlite.so
7f81afd7e000-7f81afd7f000 rw-p 00000000 08:02 139232                     /usr/lib/libgda-4.0/providers/libgda-sqlite.so
7f81afd7f000-7f81afd81000 r--s 00007000 08:02 139233                     /usr/lib/libgda-4.0/providers/gdaprovider-4.0.jar
7f81afd81000-7f81afd82000 ---p 00000000 00:00 0 
7f81afd82000-7f81afe82000 rwxp 00000000 00:00 0 
7f81afe82000-7f81afe85000 ---p 00000000 00:00 0 
7f81afe85000-7f81aff83000 rwxp 00000000 00:00 0 
7f81aff83000-7f81aff86000 ---p 00000000 00:00 0 
7f81aff86000-7f81b0084000 rwxp 00000000 00:00 0 
7f81b0084000-7f81b0087000 ---p 00000000 00:00 0 
7f81b0087000-7f81b0185000 rwxp 00000000 00:00 0 
7f81b0185000-7f81b0188000 ---p 00000000 00:00 0 
7f81b0188000-7f81b0286000 rwxp 00000000 00:00 0 
7f81b0286000-7f81b0289000 ---p 00000000 00:00 0 
7f81b0289000-7f81b0387000 rwxp 00000000 00:00 0 
7f81b0387000-7f81b038a000 ---p 00000000 00:00 0 
7f81b038a000-7f81b0488000 rwxp 00000000 00:00 0 
7f81b0488000-7f81b0489000 ---p 00000000 00:00 0 
7f81b0489000-7f81b0589000 rwxp 00000000 00:00 0 
7f81b0589000-7f81b0719000 r--s 03852000 08:02 286050                     /usr/lib/jvm/java-1.6.0-openjdk/jre/lib/rt.jar
7f81b0719000-7f81b071a000 ---p 00000000 00:00 0 
7f81b071a000-7f81b081a000 rwxp 00000000 00:00 0 
7f81b081a000-7f81b081b000 ---p 00000000 00:00 0 
7f81b081b000-7f81b0926000 rwxp 00000000 00:00 0 
7f81b0926000-7f81b096f000 rwxp 00000000 00:00 0 
7f81b096f000-7f81b097a000 rwxp 00000000 00:00 0 
7f81b097a000-7f81b09c3000 rwxp 00000000 00:00 0 
7f81b09c3000-7f81b09ce000 rwxp 00000000 00:00 0 
7f81b09ce000-7f81b0a6b000 rwxp 00000000 00:00 0 
7f81b0a6b000-7f81b0a71000 rwxp 00000000 00:00 0 
7f81b0a71000-7f81b0abf000 rwxp 00000000 00:00 0 
7f81b0abf000-7f81b1f80000 rwxp 00000000 00:00 0 
7f81b1f80000-7f81bb2c0000 rwxp 00000000 00:00 0 
7f81bb2c0000-7f81bc7c0000 rwxp 00000000 00:00 0 
7f81bc7c0000-7f81d02c0000 rwxp 00000000 00:00 0 
7f81d02c0000-7f81d0d30000 rwxp 00000000 00:00 0 
7f81d0d30000-7f81daac0000 rwxp 00000000 00:00 0 
7f81daacd000-7f81dad3d000 rwxp 00000000 00:00 0 
7f81dad3d000-7f81ddacd000 rwxp 00000000 00:00 0 
7f81ddacd000-7f81ddad4000 r-xp 00000000 08:02 286556                     /usr/lib/jvm/java-1.6.0-openjdk/jre/lib/amd64/libzip.so
7f81ddad4000-7f81ddcd3000 ---p 00007000 08:02 286556                     /usr/lib/jvm/java-1.6.0-openjdk/jre/lib/amd64/libzip.so
7f81ddcd3000-7f81ddcd4000 rw-p 00006000 08:02 286556                     /usr/lib/jvm/java-1.6.0-openjdk/jre/lib/amd64/libzip.so
7f81ddcd4000-7f81ddcdc000 r-xp 00000000 08:02 286568                     /usr/lib/jvm/java-1.6.0-openjdk/jre/lib/amd64/native_threads/libhpi.so
7f81ddcdc000-7f81ddedb000 ---p 00008000 08:02 286568                     /usr/lib/jvm/java-1.6.0-openjdk/jre/lib/amd64/native_threads/libhpi.so
7f81ddedb000-7f81ddedd000 rw-p 00007000 08:02 286568                     /usr/lib/jvm/java-1.6.0-openjdk/jre/lib/amd64/native_threads/libhpi.so
7f81ddedd000-7f81ddef2000 r-xp 00000000 08:02 562                        /lib/libnsl-2.10.1.so
7f81ddef2000-7f81de0f1000 ---p 00015000 08:02 562                        /lib/libnsl-2.10.1.so
7f81de0f1000-7f81de0f2000 r--p 00014000 08:02 562                        /lib/libnsl-2.10.1.so
7f81de0f2000-7f81de0f3000 rw-p 00015000 08:02 562                        /lib/libnsl-2.10.1.so
7f81de0f3000-7f81de0f5000 rw-p 00000000 00:00 0 
7f81de0f5000-7f81de121000 r-xp 00000000 08:02 286557                     /usr/lib/jvm/java-1.6.0-openjdk/jre/lib/amd64/libjava.so
7f81de121000-7f81de321000 ---p 0002c000 08:02 286557                     /usr/lib/jvm/java-1.6.0-openjdk/jre/lib/amd64/libjava.so
7f81de321000-7f81de325000 rw-p 0002c000 08:02 286557                     /usr/lib/jvm/java-1.6.0-openjdk/jre/lib/amd64/libjava.so
7f81de325000-7f81de333000 r-xp 00000000 08:02 286558                     /usr/lib/jvm/java-1.6.0-openjdk/jre/lib/amd64/libverify.so
7f81de333000-7f81de533000 ---p 0000e000 08:02 286558                     /usr/lib/jvm/java-1.6.0-openjdk/jre/lib/amd64/libverify.so
7f81de533000-7f81de535000 rw-p 0000e000 08:02 286558                     /usr/lib/jvm/java-1.6.0-openjdk/jre/lib/amd64/libverify.so
7f81de535000-7f81decec000 r-xp 00000000 08:02 286565                     /usr/lib/jvm/java-1.6.0-openjdk/jre/lib/amd64/server/libjvm.so
7f81decec000-7f81deeec000 ---p 007b7000 08:02 286565                     /usr/lib/jvm/java-1.6.0-openjdk/jre/lib/amd64/server/libjvm.so
7f81deeec000-7f81def72000 rw-p 007b7000 08:02 286565                     /usr/lib/jvm/java-1.6.0-openjdk/jre/lib/amd64/server/libjvm.so
7f81def72000-7f81defae000 rw-p 00000000 00:00 0 
7f81defae000-7f81defc4000 r-xp 00000000 08:02 139234                     /usr/lib/libgda-4.0/providers/libgda-jdbc.so
7f81defc4000-7f81df1c3000 ---p 00016000 08:02 139234                     /usr/lib/libgda-4.0/providers/libgda-jdbc.so
7f81df1c3000-7f81df1c5000 rw-p 00015000 08:02 139234                     /usr/lib/libgda-4.0/providers/libgda-jdbc.so
7f81df1c5000-7f81df313000 r-xp 00000000 08:02 41138                      /usr/lib/libgda-4.0.so.4.0.0
7f81df313000-7f81df513000 ---p 0014e000 08:02 41138                      /usr/lib/libgda-4.0.so.4.0.0
7f81df513000-7f81df51d000 rw-p 0014e000 08:02 41138                      /usr/lib/libgda-4.0.so.4.0.0
7f81df51d000-7f81df51f000 rw-p 00000000 00:00 0 
7f81df51f000-7f81df55c000 r-xp 00000000 08:02 262426                     /usr/lib/anjuta/libanjuta-symbol-db.so
7f81df55c000-7f81df75c000 ---p 0003d000 08:02 262426                     /usr/lib/anjuta/libanjuta-symbol-db.so
7f81df75c000-7f81df75e000 rw-p 0003d000 08:02 262426                     /usr/lib/anjuta/libanjuta-symbol-db.so
7f81df75e000-7f81df774000 r-xp 00000000 08:02 262437                     /usr/lib/anjuta/libanjuta-project-manager.so
7f81df774000-7f81df973000 ---p 00016000 08:02 262437                     /usr/lib/anjuta/libanjuta-project-manager.so
7f81df973000-7f81df975000 rw-p 00015000 08:02 262437                     /usr/lib/anjuta/libanjuta-project-manager.so
7f81df975000-7f81df984000 r-xp 00000000 08:02 6846                       /lib/libbz2.so.1.0.4
7f81df984000-7f81dfb83000 ---p 0000f000 08:02 6846                       /lib/libbz2.so.1.0.4
7f81dfb83000-7f81dfb85000 rw-p 0000e000 08:02 6846                       /lib/libbz2.so.1.0.4
7f81dfb85000-7f81dfbbd000 r-xp 00000000 08:02 86047                      /usr/lib/libcroco-0.6.so.3.0.1
7f81dfbbd000-7f81dfdbd000 ---p 00038000 08:02 86047                      /usr/lib/libcroco-0.6.so.3.0.1
7f81dfdbd000-7f81dfdc1000 rw-p 00038000 08:02 86047                      /usr/lib/libcroco-0.6.so.3.0.1
7f81dfdc1000-7f81dfdfb000 r-xp 00000000 08:02 86106                      /usr/lib/libgsf-1.so.114.0.14
7f81dfdfb000-7f81dfffa000 ---p 0003a000 08:02 86106                      /usr/lib/libgsf-1.so.114.0.14
7f81dfffa000-7f81dffff000 rw-p 00039000 08:02 86106                      /usr/lib/libgsf-1.so.114.0.14
7f81dffff000-7f81e0000000 rw-p 00000000 00:00 0 
7f81e0000000-7f81e0180000 rw-p 00000000 00:00 0 
7f81e0180000-7f81e4000000 ---p 00000000 00:00 0 
7f81e4016000-7f81e4021000 rwxp 00000000 00:00 0 
7f81e4021000-7f81e40be000 rwxp 00000000 00:00 0 
7f81e40be000-7f81e40c8000 rwxp 00000000 00:00 0 
7f81e40c8000-7f81e417e000 rwxp 00000000 00:00 0 
7f81e417e000-7f81e41b3000 r-xp 00000000 08:02 86196                      /usr/lib/librsvg-2.so.2.26.0
7f81e41b3000-7f81e43b3000 ---p 00035000 08:02 86196                      /usr/lib/librsvg-2.so.2.26.0
7f81e43b3000-7f81e43b5000 rw-p 00035000 08:02 86196                      /usr/lib/librsvg-2.so.2.26.0
7f81e43be000-7f81e43cd000 r--p 00000000 08:02 135546                     /usr/share/fonts/TTF/ttf-inconsolata.otf
7f81e43cd000-7f81e43cf000 r-xp 00000000 08:02 86200                      /usr/lib/gtk-2.0/2.10.0/loaders/svg_loader.so
7f81e43cf000-7f81e45ce000 ---p 00002000 08:02 86200                      /usr/lib/gtk-2.0/2.10.0/loaders/svg_loader.so
7f81e45ce000-7f81e45cf000 rw-p 00001000 08:02 86200                      /usr/lib/gtk-2.0/2.10.0/loaders/svg_loader.so
7f81e45cf000-7f81e462f000 rw-s 00000000 00:08 622610                     /SYSV00000000 (deleted)
7f81e462f000-7f81e465e000 r--p 00000000 08:02 140909                     /usr/share/fonts/TTF/DroidSans-Bold.ttf
7f81e465e000-7f81e4667000 r-xp 00000000 08:02 262451                     /usr/lib/anjuta/libanjuta-run-program.so
7f81e4667000-7f81e4867000 ---p 00009000 08:02 262451                     /usr/lib/anjuta/libanjuta-run-program.so
7f81e4867000-7f81e4868000 rw-p 00009000 08:02 262451                     /usr/lib/anjuta/libanjuta-run-program.so
7f81e4868000-7f81e4869000 ---p 00000000 00:00 0 
7f81e4869000-7f81e5069000 rwxp 00000000 00:00 0 
7f81e5069000-7f81e5074000 r-xp 00000000 08:02 262490                     /usr/lib/anjuta/libfile-manager.so.0.0.0
7f81e5074000-7f81e5273000 ---p 0000b000 08:02 262490                     /usr/lib/anjuta/libfile-manager.so.0.0.0
7f81e5273000-7f81e5274000 rw-p 0000a000 08:02 262490                     /usr/lib/anjuta/libfile-manager.so.0.0.0
7f81e5274000-7f81e5284000 r-xp 00000000 08:02 262477                     /usr/lib/anjuta/libanjuta-search.so
7f81e5284000-7f81e5483000 ---p 00010000 08:02 262477                     /usr/lib/anjuta/libanjuta-search.so
7f81e5483000-7f81e5485000 rw-p 0000f000 08:02 262477                     /usr/lib/anjuta/libanjuta-search.so
7f81e5485000-7f81e548a000 r-xp 00000000 08:02 262435                     /usr/lib/anjuta/libanjuta-file-wizard.so
7f81e548a000-7f81e5689000 ---p 00005000 08:02 262435                     /usr/lib/anjuta/libanjuta-file-wizard.so
7f81e5689000-7f81e568a000 rw-p 00004000 08:02 262435                     /usr/lib/anjuta/libanjuta-file-wizard.so
7f81e568a000-7f81e5697000 r--p 00000000 08:02 140859                     /usr/share/fonts/TTF/VeraMono.ttf
7f81e5697000-7f81e56c6000 r--p 00000000 08:02 140911                     /usr/share/fonts/TTF/DroidSans.ttf
7f81e56c6000-7f81e56db000 r--s 00000000 08:02 89505                      /var/cache/fontconfig/8d4af663993b81a124ee82e610bb31f9-x86-64.cache-2
7f81e56db000-7f81e56e3000 r--s 00000000 08:02 92181                      /var/cache/fontconfig/d62e99ef547d1d24cdb1bd22ec1a2976-x86-64.cache-2
7f81e56e3000-7f81e56f6000 r--s 00000000 08:02 92180                      /var/cache/fontconfig/f6b893a7224233d96cb72fd88691c0b4-x86-64.cache-2
7f81e56f6000-7f81e5752000 r--s 00000000 08:02 92179                      /var/cache/fontconfig/17090aa38d5c6f09fb8c5c354938f1d7-x86-64.cache-2
7f81e5752000-7f81e57ae000 r--s 00000000 08:02 89848                      /var/cache/fontconfig/df311e82a1a24c41a75c2c930223552e-x86-64.cache-2
7f81e57ae000-7f81e57cf000 r-xp 00000000 08:02 262468                     /usr/lib/anjuta/libanjuta-document-manager.so
7f81e57cf000-7f81e59ce000 ---p 00021000 08:02 262468                     /usr/lib/anjuta/libanjuta-document-manager.so
7f81e59ce000-7f81e59d1000 rw-p 00020000 08:02 262468                     /usr/lib/anjuta/libanjuta-document-manager.so
7f81e59d1000-7f81e59d6000 r-xp 00000000 08:02 262427                     /usr/lib/anjuta/libanjuta-starter.so
7f81e59d6000-7f81e5bd6000 ---p 00005000 08:02 262427                     /usr/lib/anjuta/libanjuta-starter.so
7f81e5bd6000-7f81e5bd7000 rw-p 00005000 08:02 262427                     /usr/lib/anjuta/libanjuta-starter.so
7f81e5bd7000-7f81e5bdd000 r-xp 00000000 08:02 25538                      /usr/lib/gtk-2.0/2.10.0/loaders/libpixbufloader-xpm.so
7f81e5bdd000-7f81e5ddc000 ---p 00006000 08:02 25538                      /usr/lib/gtk-2.0/2.10.0/loaders/libpixbufloader-xpm.so
7f81e5ddc000-7f81e5ddd000 rw-p 00005000 08:02 25538                      /usr/lib/gtk-2.0/2.10.0/loaders/libpixbufloader-xpm.so
7f81e5ddd000-7f81e5deb000 r-xp 00000000 08:02 262461                     /usr/lib/anjuta/libanjuta-loader.so
7f81e5deb000-7f81e5feb000 ---p 0000e000 08:02 262461                     /usr/lib/anjuta/libanjuta-loader.so
7f81e5feb000-7f81e5fec000 rw-p 0000e000 08:02 262461                     /usr/lib/anjuta/libanjuta-loader.so
7f81e5fec000-7f81e6033000 rw-p 00000000 00:00 0 
7f81e6033000-7f81e6093000 rw-s 00000000 00:08 589841                     /SYSV00000000 (deleted)
7f81e6093000-7f81e60da000 rw-p 00000000 00:00 0 
7f81e60da000-7f81e60eb000 r-xp 00000000 08:02 124825                     /usr/lib/gio/modules/libgioremote-volume-monitor.so
7f81e60eb000-7f81e62ea000 ---p 00011000 08:02 124825                     /usr/lib/gio/modules/libgioremote-volume-monitor.so
7f81e62ea000-7f81e62eb000 rw-p 00010000 08:02 124825                     /usr/lib/gio/modules/libgioremote-volume-monitor.so
7f81e62eb000-7f81e6300000 r-xp 00000000 08:02 124800                     /usr/lib/libgvfscommon.so.0.0.0
7f81e6300000-7f81e6500000 ---p 00015000 08:02 124800                     /usr/lib/libgvfscommon.so.0.0.0
7f81e6500000-7f81e6501000 rw-p 00015000 08:02 124800                     /usr/lib/libgvfscommon.so.0.0.0
7f81e6501000-7f81e651e000 r-xp 00000000 08:02 124824                     /usr/lib/gio/modules/libgvfsdbus.so
7f81e651e000-7f81e671e000 ---p 0001d000 08:02 124824                     /usr/lib/gio/modules/libgvfsdbus.so
7f81e671e000-7f81e671f000 rw-p 0001d000 08:02 124824                     /usr/lib/gio/modules/libgvfsdbus.so
7f81e671f000-7f81e68bd000 r--p 00000000 08:02 25771                      /usr/share/icons/hicolor/icon-theme.cache
7f81e68bd000-7f81e68cd000 r-xp 00000000 08:02 3475                       /usr/lib/gtk-2.0/2.10.0/engines/libcandido.so
7f81e68cd000-7f81e6acd000 ---p 00010000 08:02 3475                       /usr/lib/gtk-2.0/2.10.0/engines/libcandido.so
7f81e6acd000-7f81e6ace000 rw-p 00010000 08:02 3475                       /usr/lib/gtk-2.0/2.10.0/engines/libcandido.so
7f81e6ace000-7f81e6ad7000 r-xp 00000000 08:02 25767                      /usr/lib/libltdl.so.7.2.0
7f81e6ad7000-7f81e6cd6000 ---p 00009000 08:02 25767                      /usr/lib/libltdl.so.7.2.0
7f81e6cd6000-7f81e6cd7000 rw-p 00008000 08:02 25767                      /usr/lib/libltdl.so.7.2.0
7f81e6cd7000-7f81e6ce4000 r-xp 00000000 08:02 30988                      /usr/lib/libtdb.so.1.1.2
7f81e6ce4000-7f81e6ee3000 ---p 0000d000 08:02 30988                      /usr/lib/libtdb.so.1.1.2
7f81e6ee3000-7f81e6ee4000 rw-p 0000c000 08:02 30988                      /usr/lib/libtdb.so.1.1.2
7f81e6ee4000-7f81e6ee9000 r-xp 00000000 08:02 100317                     /usr/lib/libogg.so.0.5.3
7f81e6ee9000-7f81e70e8000 ---p 00005000 08:02 100317                     /usr/lib/libogg.so.0.5.3
7f81e70e8000-7f81e70e9000 rw-p 00004000 08:02 100317                     /usr/lib/libogg.so.0.5.3
7f81e70e9000-7f81e7108000 r-xp 00000000 08:02 100449                     /usr/lib/libvorbis.so.0.4.1
7f81e7108000-7f81e7307000 ---p 0001f000 08:02 100449                     /usr/lib/libvorbis.so.0.4.1
7f81e7307000-7f81e7316000 rw-p 0001e000 08:02 100449                     /usr/lib/libvorbis.so.0.4.1
7f81e7316000-7f81e731d000 r-xp 00000000 08:02 100452                     /usr/lib/libvorbisfile.so.3.3.0
7f81e731d000-7f81e751c000 ---p 00007000 08:02 100452                     /usr/lib/libvorbisfile.so.3.3.0
7f81e751c000-7f81e751d000 rw-p 00006000 08:02 100452                     /usr/lib/libvorbisfile.so.3.3.0
7f81e751d000-7f81e752c000 r-xp 00000000 08:02 25776                      /usr/lib/libcanberra.so.0.1.6
7f81e752c000-7f81e772c000 ---p 0000f000 08:02 25776                      /usr/lib/libcanberra.so.0.1.6
7f81e772c000-7f81e772d000 rw-p 0000f000 08:02 25776                      /usr/lib/libcanberra.so.0.1.6
7f81e772d000-7f81e7730000 r-xp 00000000 08:02 25779                      /usr/lib/libcanberra-gtk.so.0.1.0
7f81e7730000-7f81e7930000 ---p 00003000 08:02 25779                      /usr/lib/libcanberra-gtk.so.0.1.0
7f81e7930000-7f81e7931000 rw-p 00003000 08:02 25779                      /usr/lib/libcanberra-gtk.so.0.1.0
7f81e7931000-7f81e7936000 r-xp 00000000 08:02 25782                      /usr/lib/gtk-2.0/modules/libcanberra-gtk-module.so
7f81e7936000-7f81e7b35000 ---p 00005000 08:02 25782                      /usr/lib/gtk-2.0/modules/libcanberra-gtk-module.so
7f81e7b35000-7f81e7b36000 rw-p 00004000 08:02 25782                      /usr/lib/gtk-2.0/modules/libcanberra-gtk-module.so
7f81e7b36000-7f81e7b41000 r-xp 00000000 08:02 555                        /lib/libnss_files-2.10.1.so
7f81e7b41000-7f81e7d40000 ---p 0000b000 08:02 555                        /lib/libnss_files-2.10.1.so
7f81e7d40000-7f81e7d41000 r--p 0000a000 08:02 555                        /lib/libnss_files-2.10.1.so
7f81e7d41000-7f81e7d42000 rw-p 0000b000 08:02 555                        /lib/libnss_files-2.10.1.so
7f81e7d42000-7f81e802d000 r--p 00000000 08:02 898                        /usr/lib/locale/locale-archive
7f81e802d000-7f81e8032000 r-xp 00000000 08:02 51644                      /usr/lib/libXdmcp.so.6.0.0
7f81e8032000-7f81e8231000 ---p 00005000 08:02 51644                      /usr/lib/libXdmcp.so.6.0.0
7f81e8231000-7f81e8232000 rw-p 00004000 08:02 51644                      /usr/lib/libXdmcp.so.6.0.0
7f81e8232000-7f81e8234000 r-xp 00000000 08:02 51652                      /usr/lib/libXau.so.6.0.0
7f81e8234000-7f81e8433000 ---p 00002000 08:02 51652                      /usr/lib/libXau.so.6.0.0
7f81e8433000-7f81e8434000 rw-p 00001000 08:02 51652                      /usr/lib/libXau.so.6.0.0
7f81e8434000-7f81e8512000 r-xp 00000000 08:02 84938                      /usr/lib/libasound.so.2.0.0
7f81e8512000-7f81e8711000 ---p 000de000 08:02 84938                      /usr/lib/libasound.so.2.0.0
7f81e8711000-7f81e8719000 rw-p 000dd000 08:02 84938                      /usr/lib/libasound.so.2.0.0
7f81e8719000-7f81e871b000 r-xp 00000000 08:02 1050                       /usr/lib/libssp.so.0.0.0
7f81e871b000-7f81e891a000 ---p 00002000 08:02 1050                       /usr/lib/libssp.so.0.0.0
7f81e891a000-7f81e891b000 rw-p 00001000 08:02 1050                       /usr/lib/libssp.so.0.0.0
7f81e891b000-7f81e8942000 r-xp 00000000 08:02 33786                      /usr/lib/libexpat.so.1.5.2
7f81e8942000-7f81e8b41000 ---p 00027000 08:02 33786                      /usr/lib/libexpat.so.1.5.2
7f81e8b41000-7f81e8b44000 rw-p 00026000 08:02 33786                      /usr/lib/libexpat.so.1.5.2
7f81e8b44000-7f81e8b5f000 r-xp 00000000 08:02 51774                      /usr/lib/libxcb.so.1.1.0
7f81e8b5f000-7f81e8d5f000 ---p 0001b000 08:02 51774                      /usr/lib/libxcb.so.1.1.0
7f81e8d5f000-7f81e8d60000 rw-p 0001b000 08:02 51774                      /usr/lib/libxcb.so.1.1.0
7f81e8d60000-7f81e8d67000 r-xp 00000000 08:02 51732                      /usr/lib/libxcb-render.so.0.0.0
7f81e8d67000-7f81e8f67000 ---p 00007000 08:02 51732                      /usr/lib/libxcb-render.so.0.0.0
7f81e8f67000-7f81e8f68000 rw-p 00007000 08:02 51732                      /usr/lib/libxcb-render.so.0.0.0
7f81e8f68000-7f81e8f6b000 r-xp 00000000 08:02 69783                      /usr/lib/libxcb-render-util.so.0.0.0
7f81e8f6b000-7f81e916a000 ---p 00003000 08:02 69783                      /usr/lib/libxcb-render-util.so.0.0.0
7f81e916a000-7f81e916b000 rw-p 00002000 08:02 69783                      /usr/lib/libxcb-render-util.so.0.0.0
7f81e916b000-7f81e91ae000 r-xp 00000000 08:02 54910                      /usr/lib/libpixman-1.so.0.14.0
7f81e91ae000-7f81e93ad000 ---p 00043000 08:02 54910                      /usr/lib/libpixman-1.so.0.14.0
7f81e93ad000-7f81e93b0000 rw-p 00042000 08:02 54910                      /usr/lib/libpixman-1.so.0.14.0
7f81e93b0000-7f81e93d8000 r-xp 00000000 08:02 13914                      /usr/lib/libpng12.so.0.38.0
7f81e93d8000-7f81e95d7000 ---p 00028000 08:02 13914                      /usr/lib/libpng12.so.0.38.0
7f81e95d7000-7f81e95d8000 rw-p 00027000 08:02 13914                      /usr/lib/libpng12.so.0.38.0
7f81e95d8000-7f81e95dd000 r-xp 00000000 08:02 54805                      /usr/lib/libXfixes.so.3.1.0
7f81e95dd000-7f81e97dc000 ---p 00005000 08:02 54805                      /usr/lib/libXfixes.so.3.1.0
7f81e97dc000-7f81e97dd000 rw-p 00004000 08:02 54805                      /usr/lib/libXfixes.so.3.1.0
7f81e97dd000-7f81e97df000 r-xp 00000000 08:02 54829                      /usr/lib/libXdamage.so.1.1.0
7f81e97df000-7f81e99de000 ---p 00002000 08:02 54829                      /usr/lib/libXdamage.so.1.1.0
7f81e99de000-7f81e99df000 rw-p 00001000 08:02 54829                      /usr/lib/libXdamage.so.1.1.0
7f81e99df000-7f81e99e1000 r-xp 00000000 08:02 71518                      /usr/lib/libXcomposite.so.1.0.0
7f81e99e1000-7f81e9be0000 ---p 00002000 08:02 71518                      /usr/lib/libXcomposite.so.1.0.0
7f81e9be0000-7f81e9be1000 rw-p 00001000 08:02 71518                      /usr/lib/libXcomposite.so.1.0.0
7f81e9be1000-7f81e9bea000 r-xp 00000000 08:02 56453                      /usr/lib/libXcursor.so.1.0.2
7f81e9bea000-7f81e9dea000 ---p 00009000 08:02 56453                      /usr/lib/libXcursor.so.1.0.2
7f81e9dea000-7f81e9deb000 rw-p 00009000 08:02 56453                      /usr/lib/libXcursor.so.1.0.2
7f81e9deb000-7f81e9df3000 r-xp 00000000 08:02 53725                      /usr/lib/libXrandr.so.2.2.0
7f81e9df3000-7f81e9ff2000 ---p 00008000 08:02 53725                      /usr/lib/libXrandr.so.2.2.0
7f81e9ff2000-7f81e9ff3000 rw-p 00007000 08:02 53725                      /usr/lib/libXrandr.so.2.2.0
7f81e9ff3000-7f81e9ffc000 r-xp 00000000 08:02 53635                      /usr/lib/libXi.so.6.0.0
7f81e9ffc000-7f81ea1fc000 ---p 00009000 08:02 53635                      /usr/lib/libXi.so.6.0.0
7f81ea1fc000-7f81ea1fd000 rw-p 00009000 08:02 53635                      /usr/lib/libXi.so.6.0.0
7f81ea1fd000-7f81ea1ff000 r-xp 00000000 08:02 56293                      /usr/lib/libXinerama.so.1.0.0
7f81ea1ff000-7f81ea3fe000 ---p 00002000 08:02 56293                      /usr/lib/libXinerama.so.1.0.0
7f81ea3fe000-7f81ea3ff000 rw-p 00001000 08:02 56293                      /usr/lib/libXinerama.so.1.0.0
7f81ea3ff000-7f81ea408000 r-xp 00000000 08:02 53689                      /usr/lib/libXrender.so.1.3.0
7f81ea408000-7f81ea607000 ---p 00009000 08:02 53689                      /usr/lib/libXrender.so.1.3.0
7f81ea607000-7f81ea608000 rw-p 00008000 08:02 53689                      /usr/lib/libXrender.so.1.3.0
7f81ea608000-7f81ea619000 r-xp 00000000 08:02 53043                      /usr/lib/libXext.so.6.4.0
7f81ea619000-7f81ea819000 ---p 00011000 08:02 53043                      /usr/lib/libXext.so.6.4.0
7f81ea819000-7f81ea81a000 rw-p 00011000 08:02 53043                      /usr/lib/libXext.so.6.4.0
7f81ea81a000-7f81ea84a000 r-xp 00000000 08:02 10305                      /lib/libpcre.so.0.0.1
7f81ea84a000-7f81eaa49000 ---p 00030000 08:02 10305                      /lib/libpcre.so.0.0.1
7f81eaa49000-7f81eaa4a000 rw-p 0002f000 08:02 10305                      /lib/libpcre.so.0.0.1
7f81eaa4a000-7f81eaa4c000 r-xp 00000000 08:02 548                        /lib/libdl-2.10.1.so
7f81eaa4c000-7f81eac4c000 ---p 00002000 08:02 548                        /lib/libdl-2.10.1.so
7f81eac4c000-7f81eac4d000 r--p 00002000 08:02 548                        /lib/libdl-2.10.1.so
7f81eac4d000-7f81eac4e000 rw-p 00003000 08:02 548                        /lib/libdl-2.10.1.so
7f81eac4e000-7f81eac53000 r-xp 00000000 08:02 73331                      /usr/lib/libORBitCosNaming-2.so.0.1.0
7f81eac53000-7f81eae53000 ---p 00005000 08:02 73331                      /usr/lib/libORBitCosNaming-2.so.0.1.0
7f81eae53000-7f81eae55000 rw-p 00005000 08:02 73331                      /usr/lib/libORBitCosNaming-2.so.0.1.0
7f81eae55000-7f81eaed6000 r-xp 00000000 08:02 547                        /lib/libm-2.10.1.so
7f81eaed6000-7f81eb0d5000 ---p 00081000 08:02 547                        /lib/libm-2.10.1.so
7f81eb0d5000-7f81eb0d6000 r--p 00080000 08:02 547                        /lib/libm-2.10.1.so
7f81eb0d6000-7f81eb0d7000 rw-p 00081000 08:02 547                        /lib/libm-2.10.1.so
7f81eb0d7000-7f81eb0ff000 r-xp 00000000 08:02 84813                      /usr/lib/libaudiofile.so.0.0.2
7f81eb0ff000-7f81eb2ff000 ---p 00028000 08:02 84813                      /usr/lib/libaudiofile.so.0.0.2
7f81eb2ff000-7f81eb303000 rw-p 00028000 08:02 84813                      /usr/lib/libaudiofile.so.0.0.2
7f81eb303000-7f81eb30d000 r-xp 00000000 08:02 84980                      /usr/lib/libesd.so.0.2.39
7f81eb30d000-7f81eb50d000 ---p 0000a000 08:02 84980                      /usr/lib/libesd.so.0.2.39
7f81eb50d000-7f81eb50e000 rw-p 0000a000 08:02 84980                      /usr/lib/libesd.so.0.2.39
7f81eb50e000-7f81eb515000 r-xp 00000000 08:02 25528                      /usr/lib/libgailutil.so.18.0.1
7f81eb515000-7f81eb714000 ---p 00007000 08:02 25528                      /usr/lib/libgailutil.so.18.0.1
7f81eb714000-7f81eb715000 rw-p 00006000 08:02 25528                      /usr/lib/libgailutil.so.18.0.1
7f81eb715000-7f81eb728000 r-xp 00000000 08:02 552                        /lib/libresolv-2.10.1.so
7f81eb728000-7f81eb927000 ---p 00013000 08:02 552                        /lib/libresolv-2.10.1.so
7f81eb927000-7f81eb928000 r--p 00012000 08:02 552                        /lib/libresolv-2.10.1.so
7f81eb928000-7f81eb929000 rw-p 00013000 08:02 552                        /lib/libresolv-2.10.1.so
7f81eb929000-7f81eb92b000 rw-p 00000000 00:00 0 
7f81eb92b000-7f81eb93b000 r-xp 00000000 08:02 84322                      /usr/lib/libavahi-client.so.3.2.5
7f81eb93b000-7f81ebb3a000 ---p 00010000 08:02 84322                      /usr/lib/libavahi-client.so.3.2.5
7f81ebb3a000-7f81ebb3b000 rw-p 0000f000 08:02 84322                      /usr/lib/libavahi-client.so.3.2.5
7f81ebb3b000-7f81ebb47000 r-xp 00000000 08:02 84337                      /usr/lib/libavahi-common.so.3.5.1
7f81ebb47000-7f81ebd46000 ---p 0000c000 08:02 84337                      /usr/lib/libavahi-common.so.3.5.1
7f81ebd46000-7f81ebd47000 rw-p 0000b000 08:02 84337                      /usr/lib/libavahi-common.so.3.5.1
7f81ebd47000-7f81ebd4a000 r-xp 00000000 08:02 84325                      /usr/lib/libavahi-glib.so.1.0.1
7f81ebd4a000-7f81ebf49000 ---p 00003000 08:02 84325                      /usr/lib/libavahi-glib.so.1.0.1
7f81ebf49000-7f81ebf4a000 rw-p 00002000 08:02 84325                      /usr/lib/libavahi-glib.so.1.0.1
7f81ebf4a000-7f81ebf4d000 r-xp 00000000 08:02 8291                       /usr/lib/libgpg-error.so.0.4.0
7f81ebf4d000-7f81ec14c000 ---p 00003000 08:02 8291                       /usr/lib/libgpg-error.so.0.4.0
7f81ec14c000-7f81ec14d000 rw-p 00002000 08:02 8291                       /usr/lib/libgpg-error.so.0.4.0
7f81ec14d000-7f81ec1c1000 r-xp 00000000 08:02 6824                       /usr/lib/libgcrypt.so.11.5.2
7f81ec1c1000-7f81ec3c0000 ---p 00074000 08:02 6824                       /usr/lib/libgcrypt.so.11.5.2
7f81ec3c0000-7f81ec3c4000 rw-p 00073000 08:02 6824                       /usr/lib/libgcrypt.so.11.5.2
7f81ec3c4000-7f81ec3d4000 r-xp 00000000 08:02 70538                      /usr/lib/libtasn1.so.3.1.5
7f81ec3d4000-7f81ec5d3000 ---p 00010000 08:02 70538                      /usr/lib/libtasn1.so.3.1.5
7f81ec5d3000-7f81ec5d4000 rw-p 0000f000 08:02 70538                      /usr/lib/libtasn1.so.3.1.5
7f81ec5d4000-7f81ec66f000 r-xp 00000000 08:02 40688                      /usr/lib/libgnutls.so.26.14.8
7f81ec66f000-7f81ec86f000 ---p 0009b000 08:02 40688                      /usr/lib/libgnutls.so.26.14.8
7f81ec86f000-7f81ec876000 rw-p 0009b000 08:02 40688                      /usr/lib/libgnutls.so.26.14.8
7f81ec876000-7f81ec8b4000 r-xp 00000000 08:02 33836                      /usr/lib/libdbus-1.so.3.4.0
7f81ec8b4000-7f81ecab4000 ---p 0003e000 08:02 33836                      /usr/lib/libdbus-1.so.3.4.0
7f81ecab4000-7f81ecab5000 r--p 0003e000 08:02 33836                      /usr/lib/libdbus-1.so.3.4.0
7f81ecab5000-7f81ecab6000 rw-p 0003f000 08:02 33836                      /usr/lib/libdbus-1.so.3.4.0
7f81ecab6000-7f81ecad7000 r-xp 00000000 08:02 54205                      /usr/lib/libdbus-glib-1.so.2.1.0
7f81ecad7000-7f81eccd6000 ---p 00021000 08:02 54205                      /usr/lib/libdbus-glib-1.so.2.1.0
7f81eccd6000-7f81eccd8000 rw-p 00020000 08:02 54205                      /usr/lib/libdbus-glib-1.so.2.1.0
7f81eccd8000-7f81eccdc000 r-xp 00000000 08:02 8164                       /lib/libuuid.so.1.2
7f81eccdc000-7f81ecedb000 ---p 00004000 08:02 8164                       /lib/libuuid.so.1.2
7f81ecedb000-7f81ecedc000 rw-p 00003000 08:02 8164                       /lib/libuuid.so.1.2
7f81ecedc000-7f81ed011000 r-xp 00000000 08:02 52913                      /usr/lib/libX11.so.6.2.0
7f81ed011000-7f81ed211000 ---p 00135000 08:02 52913                      /usr/lib/libX11.so.6.2.0
7f81ed211000-7f81ed217000 rw-p 00135000 08:02 52913                      /usr/lib/libX11.so.6.2.0
7f81ed217000-7f81ed22b000 r-xp 00000000 08:02 36412                      /usr/lib/libgnome-keyring.so.0.1.1
7f81ed22b000-7f81ed42a000 ---p 00014000 08:02 36412                      /usr/lib/libgnome-keyring.so.0.1.1
7f81ed42a000-7f81ed42b000 rw-p 00013000 08:02 36412                      /usr/lib/libgnome-keyring.so.0.1.1
7f81ed42b000-7f81ed440000 r-xp 00000000 08:02 8492                       /usr/lib/libz.so.1.2.3.3
7f81ed440000-7f81ed63f000 ---p 00015000 08:02 8492                       /usr/lib/libz.so.1.2.3.3
7f81ed63f000-7f81ed640000 rw-p 00014000 08:02 8492                       /usr/lib/libz.so.1.2.3.3
7f81ed640000-7f81ed789000 r-xp 00000000 08:02 568                        /lib/libc-2.10.1.so
7f81ed789000-7f81ed989000 ---p 00149000 08:02 568                        /lib/libc-2.10.1.so
7f81ed989000-7f81ed98d000 r--p 00149000 08:02 568                        /lib/libc-2.10.1.so
7f81ed98d000-7f81ed98e000 rw-p 0014d000 08:02 568                        /lib/libc-2.10.1.so
7f81ed98e000-7f81ed993000 rw-p 00000000 00:00 0 
7f81ed993000-7f81ed9a9000 r-xp 00000000 08:02 551                        /lib/libpthread-2.10.1.so
7f81ed9a9000-7f81edba8000 ---p 00016000 08:02 551                        /lib/libpthread-2.10.1.so
7f81edba8000-7f81edba9000 r--p 00015000 08:02 551                        /lib/libpthread-2.10.1.so
7f81edba9000-7f81edbaa000 rw-p 00016000 08:02 551                        /lib/libpthread-2.10.1.so
7f81edbaa000-7f81edbae000 rw-p 00000000 00:00 0 
7f81edbae000-7f81edbb0000 r-xp 00000000 08:02 566                        /lib/libutil-2.10.1.so
7f81edbb0000-7f81eddaf000 ---p 00002000 08:02 566                        /lib/libutil-2.10.1.so
7f81eddaf000-7f81eddb0000 r--p 00001000 08:02 566                        /lib/libutil-2.10.1.so
7f81eddb0000-7f81eddb1000 rw-p 00002000 08:02 566                        /lib/libutil-2.10.1.so
7f81eddb1000-7f81ede73000 r-xp 00000000 08:02 34403                      /usr/lib/libglib-2.0.so.0.2000.4
7f81ede73000-7f81ee072000 ---p 000c2000 08:02 34403                      /usr/lib/libglib-2.0.so.0.2000.4
7f81ee072000-7f81ee074000 rw-p 000c1000 08:02 34403                      /usr/lib/libglib-2.0.so.0.2000.4
7f81ee074000-7f81ee077000 r-xp 00000000 08:02 34384                      /usr/lib/libgmodule-2.0.so.0.2000.4
7f81ee077000-7f81ee276000 ---p 00003000 08:02 34384                      /usr/lib/libgmodule-2.0.so.0.2000.4
7f81ee276000-7f81ee277000 rw-p 00002000 08:02 34384                      /usr/lib/libgmodule-2.0.so.0.2000.4
7f81ee277000-7f81ee2b9000 r-xp 00000000 08:02 34398                      /usr/lib/libgobject-2.0.so.0.2000.4
7f81ee2b9000-7f81ee4b8000 ---p 00042000 08:02 34398                      /usr/lib/libgobject-2.0.so.0.2000.4
7f81ee4b8000-7f81ee4ba000 rw-p 00041000 08:02 34398                      /usr/lib/libgobject-2.0.so.0.2000.4
7f81ee4ba000-7f81ee4ea000 r-xp 00000000 08:02 47738                      /usr/lib/libfontconfig.so.1.3.0
7f81ee4ea000-7f81ee6e9000 ---p 00030000 08:02 47738                      /usr/lib/libfontconfig.so.1.3.0
7f81ee6e9000-7f81ee6eb000 rw-p 0002f000 08:02 47738                      /usr/lib/libfontconfig.so.1.3.0
7f81ee6eb000-7f81ee77c000 r-xp 00000000 08:02 47313                      /usr/lib/libfreetype.so.6.3.20
7f81ee77c000-7f81ee97c000 ---p 00091000 08:02 47313                      /usr/lib/libfreetype.so.6.3.20
7f81ee97c000-7f81ee982000 rw-p 00091000 08:02 47313                      /usr/lib/libfreetype.so.6.3.20
7f81ee982000-7f81ee9c9000 r-xp 00000000 08:02 8563                       /usr/lib/libpango-1.0.so.0.2400.5
7f81ee9c9000-7f81eebc9000 ---p 00047000 08:02 8563                       /usr/lib/libpango-1.0.so.0.2400.5
7f81eebc9000-7f81eebcc000 rw-p 00047000 08:02 8563                       /usr/lib/libpango-1.0.so.0.2400.5
7f81eebcc000-7f81eec46000 r-xp 00000000 08:02 34854                      /usr/lib/libcairo.so.2.10800.8
7f81eec46000-7f81eee45000 ---p 0007a000 08:02 34854                      /usr/lib/libcairo.so.2.10800.8
7f81eee45000-7f81eee48000 rw-p 00079000 08:02 34854                      /usr/lib/libcairo.so.2.10800.8
7f81eee48000-7f81eee53000 r-xp 00000000 08:02 3148                       /usr/lib/libpangocairo-1.0.so.0.2400.5
7f81eee53000-7f81ef053000 ---p 0000b000 08:02 3148                       /usr/lib/libpangocairo-1.0.so.0.2400.5
7f81ef053000-7f81ef054000 rw-p 0000b000 08:02 3148                       /usr/lib/libpangocairo-1.0.so.0.2400.5
7f81ef054000-7f81ef071000 r-xp 00000000 08:02 25520                      /usr/lib/libgdk_pixbuf-2.0.so.0.1600.5
7f81ef071000-7f81ef271000 ---p 0001d000 08:02 25520                      /usr/lib/libgdk_pixbuf-2.0.so.0.1600.5
7f81ef271000-7f81ef272000 rw-p 0001d000 08:02 25520                      /usr/lib/libgdk_pixbuf-2.0.so.0.1600.5
7f81ef272000-7f81ef29f000 r-xp 00000000 08:02 8552                       /usr/lib/libpangoft2-1.0.so.0.2400.5
7f81ef29f000-7f81ef49e000 ---p 0002d000 08:02 8552                       /usr/lib/libpangoft2-1.0.so.0.2400.5
7f81ef49e000-7f81ef4a0000 rw-p 0002c000 08:02 8552                       /usr/lib/libpangoft2-1.0.so.0.2400.5
7f81ef4a0000-7f81ef516000 r-xp 00000000 08:02 34393                      /usr/lib/libgio-2.0.so.0.2000.4
7f81ef516000-7f81ef716000 ---p 00076000 08:02 34393                      /usr/lib/libgio-2.0.so.0.2000.4
7f81ef716000-7f81ef718000 rw-p 00076000 08:02 34393                      /usr/lib/libgio-2.0.so.0.2000.4
7f81ef718000-7f81ef719000 rw-p 00000000 00:00 0 
7f81ef719000-7f81ef737000 r-xp 00000000 08:02 69756                      /usr/lib/libatk-1.0.so.0.2609.1
7f81ef737000-7f81ef936000 ---p 0001e000 08:02 69756                      /usr/lib/libatk-1.0.so.0.2609.1
7f81ef936000-7f81ef939000 rw-p 0001d000 08:02 69756                      /usr/lib/libatk-1.0.so.0.2609.1
7f81ef939000-7f81ef9d4000 r-xp 00000000 08:02 25082                      /usr/lib/libgdk-x11-2.0.so.0.1600.5
7f81ef9d4000-7f81efbd4000 ---p 0009b000 08:02 25082                      /usr/lib/libgdk-x11-2.0.so.0.1600.5
7f81efbd4000-7f81efbd9000 rw-p 0009b000 08:02 25082                      /usr/lib/libgdk-x11-2.0.so.0.1600.5
7f81efbd9000-7f81effb6000 r-xp 00000000 08:02 25106                      /usr/lib/libgtk-x11-2.0.so.0.1600.5
7f81effb6000-7f81f01b5000 ---p 003dd000 08:02 25106                      /usr/lib/libgtk-x11-2.0.so.0.1600.5
7f81f01b5000-7f81f01c0000 rw-p 003dc000 08:02 25106                      /usr/lib/libgtk-x11-2.0.so.0.1600.5
7f81f01c0000-7f81f01c2000 rw-p 00000000 00:00 0 
7f81f01c2000-7f81f01ce000 r-xp 00000000 08:02 122653                     /usr/lib/libunique-1.0.so.0.2.6
7f81f01ce000-7f81f03ce000 ---p 0000c000 08:02 122653                     /usr/lib/libunique-1.0.so.0.2.6
7f81f03ce000-7f81f03cf000 rw-p 0000c000 08:02 122653                     /usr/lib/libunique-1.0.so.0.2.6
7f81f03cf000-7f81f03d6000 r-xp 00000000 08:02 556                        /lib/librt-2.10.1.so
7f81f03d6000-7f81f05d5000 ---p 00007000 08:02 556                        /lib/librt-2.10.1.so
7f81f05d5000-7f81f05d6000 r--p 00006000 08:02 556                        /lib/librt-2.10.1.so
7f81f05d6000-7f81f05d7000 rw-p 00007000 08:02 556                        /lib/librt-2.10.1.so
7f81f05d7000-7f81f05db000 r-xp 00000000 08:02 34392                      /usr/lib/libgthread-2.0.so.0.2000.4
7f81f05db000-7f81f07da000 ---p 00004000 08:02 34392                      /usr/lib/libgthread-2.0.so.0.2000.4
7f81f07da000-7f81f07db000 rw-p 00003000 08:02 34392                      /usr/lib/libgthread-2.0.so.0.2000.4
7f81f07db000-7f81f091d000 r-xp 00000000 08:02 41162                      /usr/lib/libxml2.so.2.7.3
7f81f091d000-7f81f0b1c000 ---p 00142000 08:02 41162                      /usr/lib/libxml2.so.2.7.3
7f81f0b1c000-7f81f0b26000 rw-p 00141000 08:02 41162                      /usr/lib/libxml2.so.2.7.3
7f81f0b26000-7f81f0b27000 rw-p 00000000 00:00 0 
7f81f0b27000-7f81f0b3f000 r-xp 00000000 08:02 73218                      /usr/lib/libglade-2.0.so.0.0.7
7f81f0b3f000-7f81f0d3e000 ---p 00018000 08:02 73218                      /usr/lib/libglade-2.0.so.0.0.7
7f81f0d3e000-7f81f0d40000 rw-p 00017000 08:02 73218                      /usr/lib/libglade-2.0.so.0.0.7
7f81f0d40000-7f81f0d7a000 r-xp 00000000 08:02 73605                      /usr/lib/libgconf-2.so.4.1.5
7f81f0d7a000-7f81f0f79000 ---p 0003a000 08:02 73605                      /usr/lib/libgconf-2.so.4.1.5
7f81f0f79000-7f81f0f7e000 rw-p 00039000 08:02 73605                      /usr/lib/libgconf-2.so.4.1.5
7f81f0f7e000-7f81f0f96000 r-xp 00000000 08:02 86256                      /usr/lib/libart_lgpl_2.so.2.3.20
7f81f0f96000-7f81f1195000 ---p 00018000 08:02 86256                      /usr/lib/libart_lgpl_2.so.2.3.20
7f81f1195000-7f81f1196000 rw-p 00017000 08:02 86256                      /usr/lib/libart_lgpl_2.so.2.3.20
7f81f1196000-7f81f11f5000 r-xp 00000000 08:02 73332                      /usr/lib/libORBit-2.so.0.1.0
7f81f11f5000-7f81f13f4000 ---p 0005f000 08:02 73332                      /usr/lib/libORBit-2.so.0.1.0
7f81f13f4000-7f81f1406000 rw-p 0005e000 08:02 73332                      /usr/lib/libORBit-2.so.0.1.0
7f81f1406000-7f81f1407000 rw-p 00000000 00:00 0 
7f81f1407000-7f81f141f000 r-xp 00000000 08:02 77117                      /usr/lib/libbonobo-activation.so.4.0.0
7f81f141f000-7f81f161e000 ---p 00018000 08:02 77117                      /usr/lib/libbonobo-activation.so.4.0.0
7f81f161e000-7f81f1622000 rw-p 00017000 08:02 77117                      /usr/lib/libbonobo-activation.so.4.0.0
7f81f1622000-7f81f1688000 r-xp 00000000 08:02 77115                      /usr/lib/libbonobo-2.so.0.0.0
7f81f1688000-7f81f1888000 ---p 00066000 08:02 77115                      /usr/lib/libbonobo-2.so.0.0.0
7f81f1888000-7f81f1899000 rw-p 00066000 08:02 77115                      /usr/lib/libbonobo-2.so.0.0.0
7f81f1899000-7f81f18a2000 r-xp 00000000 08:02 8367                       /usr/lib/libpopt.so.0.0.0
7f81f18a2000-7f81f1aa1000 ---p 00009000 08:02 8367                       /usr/lib/libpopt.so.0.0.0
7f81f1aa1000-7f81f1aa2000 rw-p 00008000 08:02 8367                       /usr/lib/libpopt.so.0.0.0
7f81f1aa2000-7f81f1ab9000 r-xp 00000000 08:02 85142                      /usr/lib/libgnome-2.so.0.2600.0
7f81f1ab9000-7f81f1cb8000 ---p 00017000 08:02 85142                      /usr/lib/libgnome-2.so.0.2600.0
7f81f1cb8000-7f81f1cba000 rw-p 00016000 08:02 85142                      /usr/lib/libgnome-2.so.0.2600.0
7f81f1cba000-7f81f1cee000 r-xp 00000000 08:02 86392                      /usr/lib/libgnomecanvas-2.so.0.2600.0
7f81f1cee000-7f81f1eee000 ---p 00034000 08:02 86392                      /usr/lib/libgnomecanvas-2.so.0.2600.0
7f81f1eee000-7f81f1ef0000 rw-p 00034000 08:02 86392                      /usr/lib/libgnomecanvas-2.so.0.2600.0
7f81f1ef0000-7f81f1f55000 r-xp 00000000 08:02 84779                      /usr/lib/libgnomevfs-2.so.0.2400.1
7f81f1f55000-7f81f2155000 ---p 00065000 08:02 84779                      /usr/lib/libgnomevfs-2.so.0.2400.1
7f81f2155000-7f81f215a000 rw-p 00065000 08:02 84779                      /usr/lib/libgnomevfs-2.so.0.2400.1
7f81f215a000-7f81f21c6000 r-xp 00000000 08:02 86571                      /usr/lib/libbonoboui-2.so.0.0.0
7f81f21c6000-7f81f23c5000 ---p 0006c000 08:02 86571                      /usr/lib/libbonoboui-2.so.0.0.0
7f81f23c5000-7f81f23ca000 rw-p 0006b000 08:02 86571                      /usr/lib/libbonoboui-2.so.0.0.0
7f81f23ca000-7f81f23e1000 r-xp 00000000 08:02 53060                      /usr/lib/libICE.so.6.3.0
7f81f23e1000-7f81f25e0000 ---p 00017000 08:02 53060                      /usr/lib/libICE.so.6.3.0
7f81f25e0000-7f81f25e2000 rw-p 00016000 08:02 53060                      /usr/lib/libICE.so.6.3.0
7f81f25e2000-7f81f25e5000 rw-p 00000000 00:00 0 
7f81f25e5000-7f81f25ed000 r-xp 00000000 08:02 53076                      /usr/lib/libSM.so.6.0.0
7f81f25ed000-7f81f27ec000 ---p 00008000 08:02 53076                      /usr/lib/libSM.so.6.0.0
7f81f27ec000-7f81f27ed000 rw-p 00007000 08:02 53076                      /usr/lib/libSM.so.6.0.0
7f81f27ed000-7f81f2885000 r-xp 00000000 08:02 86842                      /usr/lib/libgnomeui-2.so.0.2400.1
7f81f2885000-7f81f2a84000 ---p 00098000 08:02 86842                      /usr/lib/libgnomeui-2.so.0.2400.1
7f81f2a84000-7f81f2a8a000 rw-p 00097000 08:02 86842                      /usr/lib/libgnomeui-2.so.0.2400.1
7f81f2a8a000-7f81f2b06000 r-xp 00000000 08:02 35705                      /usr/lib/libanjuta.so.0.0.0
7f81f2b06000-7f81f2d05000 ---p 0007c000 08:02 35705                      /usr/lib/libanjuta.so.0.0.0
7f81f2d05000-7f81f2d0b000 rw-p 0007b000 08:02 35705                      /usr/lib/libanjuta.so.0.0.0
7f81f2d0b000-7f81f2d0c000 rw-p 00000000 00:00 0 
7f81f2d0c000-7f81f2d3b000 r-xp 00000000 08:02 136893                     /usr/lib/libgdl-1.so.0.0.0
7f81f2d3b000-7f81f2f3b000 ---p 0002f000 08:02 136893                     /usr/lib/libgdl-1.so.0.0.0
7f81f2f3b000-7f81f2f3d000 rw-p 0002f000 08:02 136893                     /usr/lib/libgdl-1.so.0.0.0
7f81f2f3d000-7f81f2f5a000 r-xp 00000000 08:02 567                        /lib/ld-2.10.1.so
7f81f2f5a000-7f81f2f5d000 rw-p 00000000 00:00 0 
7f81f2f5d000-7f81f2f5e000 r--p 00000000 08:02 115742                     /usr/share/vte/termcap/xterm
7f81f2f5e000-7f81f2f5f000 rw-p 00000000 00:00 0 
7f81f2f5f000-7f81f2f67000 rw-s 00000000 08:02 158830                     /tmp/hsperfdata_jgblanco/4528
7f81f2f67000-7f81f2f68000 rw-p 00000000 00:00 0 
7f81f2f68000-7f81f2f69000 r--p 00000000 00:00 0 
7f81f2f69000-7f81f2f81000 r--s 00000000 08:02 24133                      /usr/share/mime/mime.cache
7f81f2f81000-7f81f311f000 r--p 00000000 08:02 25771                      /usr/share/icons/hicolor/icon-theme.cache
7f81f311f000-7f81f3140000 rw-p 00000000 00:00 0 
7f81f3140000-7f81f3158000 r--s 00000000 08:02 24133                      /usr/share/mime/mime.cache
7f81f3158000-7f81f3159000 rw-p 00000000 00:00 0 
7f81f3159000-7f81f315a000 r--p 0001c000 08:02 567                        /lib/ld-2.10.1.so
7f81f315a000-7f81f315b000 rw-p 0001d000 08:02 567                        /lib/ld-2.10.1.so
7fff01bd2000-7fff01bd5000 rwxp 00000000 00:00 0 
7fff01bd5000-7fff01cd2000 rwxp 00000000 00:00 0                          [stack]
7fff01cd2000-7fff01cd3000 rw-p 00000000 00:00 0 
7fff01ce0000-7fff01ce1000 r-xp 00000000 00:00 0                          [vdso]
ffffffffff600000-ffffffffff601000 r-xp 00000000 00:00 0                  [vsyscall]

VM Arguments:
jvm_args: -Djava.compiler=NONE -Djava.library.path=/usr/lib/libgda-4.0/providers 
java_command: <unknown>
Launcher Type: generic

Environment Variables:
JAVA_HOME=/usr/lib/jvm/java-1.6.0-openjdk
PATH=/bin:/usr/bin:/sbin:/usr/sbin:/usr/bin/perlbin/site:/usr/bin/perlbin/vendor:/usr/bin/perlbin/core
USERNAME=jgblanco
SHELL=/bin/bash
DISPLAY=:0.0

Signal Handlers:
SIGSEGV: [libjvm.so+0x66b290], sa_mask[0]=0x7ffbfeff, sa_flags=0x10000004
SIGBUS: [libjvm.so+0x66b290], sa_mask[0]=0x7ffbfeff, sa_flags=0x10000004
SIGFPE: [libjvm.so+0x542960], sa_mask[0]=0x7ffbfeff, sa_flags=0x10000004
SIGPIPE: SIG_IGN, sa_mask[0]=0x00001000, sa_flags=0x10000000
SIGXFSZ: [libjvm.so+0x542960], sa_mask[0]=0x7ffbfeff, sa_flags=0x10000004
SIGILL: [libjvm.so+0x542960], sa_mask[0]=0x7ffbfeff, sa_flags=0x10000004
SIGUSR1: SIG_DFL, sa_mask[0]=0x00000000, sa_flags=0x00000000
SIGUSR2: [libjvm.so+0x542100], sa_mask[0]=0x00000000, sa_flags=0x10000004
SIGHUP: [libjvm.so+0x5444c0], sa_mask[0]=0x7ffbfeff, sa_flags=0x10000004
SIGINT: [libjvm.so+0x5444c0], sa_mask[0]=0x7ffbfeff, sa_flags=0x10000004
SIGTERM: [libjvm.so+0x5444c0], sa_mask[0]=0x7ffbfeff, sa_flags=0x10000004
SIGQUIT: [libjvm.so+0x5444c0], sa_mask[0]=0x7ffbfeff, sa_flags=0x10000004


---------------  S Y S T E M  ---------------

OS:Linux
uname:Linux 2.6.30-ARCH #1 SMP PREEMPT Mon Jul 20 07:46:03 CEST 2009 x86_64
libc:glibc 2.10.1 NPTL 2.10.1 
rlimit: STACK 8192k, CORE 0k, NPROC 16374, NOFILE 1024, AS infinity
load average:0.05 0.07 0.08

CPU:total 2 (2 cores per cpu, 1 threads per core) family 6 model 15 stepping 10, cmov, cx8, fxsr, mmx, sse, sse2, sse3, ssse3

Memory: 4k page, physical 2057564k(789088k free), swap 2000084k(2000084k free)

vm_info: OpenJDK 64-Bit Server VM (14.0-b15) for linux-amd64 JRE (1.6.0_0-b16), built on Jul  2 2009 04:46:40 by "andyrtr" with gcc 4.4.0 20090526 (prerelease)

time: Thu Jul 30 16:07:54 2009
elapsed time: 2986 seconds

